{"C:\\Users\\VTR\\Documents\\GitHub\\jota\\sys-npj-1\\backend\\descobrirSenhaMySQL.js": {"path":"C:\\Users\\VTR\\Documents\\GitHub\\jota\\sys-npj-1\\backend\\descobrirSenhaMySQL.js","statementMap":{"0":{"start":{"line":1,"column":15},"end":{"line":1,"column":34}},"1":{"start":{"line":2,"column":18},"end":{"line":2,"column":38}},"2":{"start":{"line":3,"column":17},"end":{"line":3,"column":36}},"3":{"start":{"line":6,"column":21},"end":{"line":6,"column":97}},"4":{"start":{"line":8,"column":11},"end":{"line":11,"column":2}},"5":{"start":{"line":14,"column":4},"end":{"line":18,"column":7}},"6":{"start":{"line":15,"column":8},"end":{"line":17,"column":11}},"7":{"start":{"line":16,"column":12},"end":{"line":16,"column":27}},"8":{"start":{"line":22,"column":22},"end":{"line":26,"column":6}},"9":{"start":{"line":28,"column":4},"end":{"line":35,"column":5}},"10":{"start":{"line":29,"column":8},"end":{"line":29,"column":39}},"11":{"start":{"line":30,"column":8},"end":{"line":30,"column":68}},"12":{"start":{"line":31,"column":8},"end":{"line":31,"column":51}},"13":{"start":{"line":33,"column":8},"end":{"line":33,"column":53}},"14":{"start":{"line":34,"column":8},"end":{"line":34,"column":56}},"15":{"start":{"line":40,"column":20},"end":{"line":44,"column":6}},"16":{"start":{"line":46,"column":4},"end":{"line":215,"column":5}},"17":{"start":{"line":48,"column":8},"end":{"line":48,"column":75}},"18":{"start":{"line":49,"column":8},"end":{"line":49,"column":61}},"19":{"start":{"line":50,"column":8},"end":{"line":50,"column":32}},"20":{"start":{"line":53,"column":8},"end":{"line":57,"column":11}},"21":{"start":{"line":60,"column":21},"end":{"line":63,"column":53}},"22":{"start":{"line":65,"column":24},"end":{"line":74,"column":56}},"23":{"start":{"line":76,"column":27},"end":{"line":79,"column":58}},"24":{"start":{"line":81,"column":21},"end":{"line":84,"column":52}},"25":{"start":{"line":86,"column":31},"end":{"line":89,"column":63}},"26":{"start":{"line":91,"column":32},"end":{"line":94,"column":64}},"27":{"start":{"line":96,"column":25},"end":{"line":114,"column":57}},"28":{"start":{"line":116,"column":28},"end":{"line":127,"column":60}},"29":{"start":{"line":130,"column":8},"end":{"line":130,"column":45}},"30":{"start":{"line":131,"column":8},"end":{"line":131,"column":46}},"31":{"start":{"line":132,"column":8},"end":{"line":132,"column":44}},"32":{"start":{"line":135,"column":8},"end":{"line":135,"column":43}},"33":{"start":{"line":136,"column":22},"end":{"line":140,"column":9}},"34":{"start":{"line":142,"column":25},"end":{"line":142,"column":27}},"35":{"start":{"line":143,"column":8},"end":{"line":154,"column":9}},"36":{"start":{"line":144,"column":36},"end":{"line":147,"column":14}},"37":{"start":{"line":148,"column":12},"end":{"line":148,"column":35}},"38":{"start":{"line":149,"column":12},"end":{"line":153,"column":13}},"39":{"start":{"line":150,"column":16},"end":{"line":150,"column":59}},"40":{"start":{"line":152,"column":16},"end":{"line":152,"column":62}},"41":{"start":{"line":157,"column":8},"end":{"line":157,"column":48}},"42":{"start":{"line":158,"column":25},"end":{"line":180,"column":9}},"43":{"start":{"line":182,"column":28},"end":{"line":182,"column":30}},"44":{"start":{"line":183,"column":8},"end":{"line":199,"column":9}},"45":{"start":{"line":184,"column":30},"end":{"line":184,"column":63}},"46":{"start":{"line":185,"column":36},"end":{"line":192,"column":14}},"47":{"start":{"line":193,"column":12},"end":{"line":193,"column":38}},"48":{"start":{"line":194,"column":12},"end":{"line":198,"column":13}},"49":{"start":{"line":195,"column":16},"end":{"line":195,"column":63}},"50":{"start":{"line":197,"column":16},"end":{"line":197,"column":66}},"51":{"start":{"line":204,"column":8},"end":{"line":204,"column":71}},"52":{"start":{"line":205,"column":8},"end":{"line":205,"column":51}},"53":{"start":{"line":206,"column":8},"end":{"line":206,"column":60}},"54":{"start":{"line":207,"column":8},"end":{"line":207,"column":57}},"55":{"start":{"line":208,"column":8},"end":{"line":208,"column":60}},"56":{"start":{"line":210,"column":8},"end":{"line":210,"column":25}},"57":{"start":{"line":213,"column":8},"end":{"line":213,"column":48}},"58":{"start":{"line":214,"column":8},"end":{"line":214,"column":20}},"59":{"start":{"line":219,"column":4},"end":{"line":219,"column":54}},"60":{"start":{"line":222,"column":4},"end":{"line":235,"column":5}},"61":{"start":{"line":223,"column":26},"end":{"line":223,"column":52}},"62":{"start":{"line":224,"column":8},"end":{"line":234,"column":9}},"63":{"start":{"line":225,"column":12},"end":{"line":225,"column":57}},"64":{"start":{"line":226,"column":12},"end":{"line":233,"column":13}},"65":{"start":{"line":227,"column":34},"end":{"line":227,"column":65}},"66":{"start":{"line":228,"column":16},"end":{"line":228,"column":40}},"67":{"start":{"line":229,"column":16},"end":{"line":229,"column":27}},"68":{"start":{"line":230,"column":16},"end":{"line":230,"column":23}},"69":{"start":{"line":232,"column":16},"end":{"line":232,"column":73}},"70":{"start":{"line":238,"column":4},"end":{"line":238,"column":54}},"71":{"start":{"line":239,"column":25},"end":{"line":239,"column":47}},"72":{"start":{"line":241,"column":22},"end":{"line":241,"column":55}},"73":{"start":{"line":242,"column":4},"end":{"line":251,"column":5}},"74":{"start":{"line":243,"column":8},"end":{"line":248,"column":9}},"75":{"start":{"line":244,"column":30},"end":{"line":244,"column":68}},"76":{"start":{"line":245,"column":12},"end":{"line":245,"column":36}},"77":{"start":{"line":247,"column":12},"end":{"line":247,"column":69}},"78":{"start":{"line":250,"column":8},"end":{"line":250,"column":77}},"79":{"start":{"line":253,"column":4},"end":{"line":253,"column":15}},"80":{"start":{"line":256,"column":0},"end":{"line":256,"column":7}}},"fnMap":{"0":{"name":"perguntarSenha","decl":{"start":{"line":13,"column":9},"end":{"line":13,"column":23}},"loc":{"start":{"line":13,"column":26},"end":{"line":19,"column":1}},"line":13},"1":{"name":"(anonymous_1)","decl":{"start":{"line":14,"column":23},"end":{"line":14,"column":24}},"loc":{"start":{"line":14,"column":36},"end":{"line":18,"column":5}},"line":14},"2":{"name":"(anonymous_2)","decl":{"start":{"line":15,"column":80},"end":{"line":15,"column":81}},"loc":{"start":{"line":15,"column":91},"end":{"line":17,"column":9}},"line":15},"3":{"name":"testarConexao","decl":{"start":{"line":21,"column":15},"end":{"line":21,"column":28}},"loc":{"start":{"line":21,"column":36},"end":{"line":36,"column":1}},"line":21},"4":{"name":"criarBancoEPopular","decl":{"start":{"line":38,"column":15},"end":{"line":38,"column":33}},"loc":{"start":{"line":38,"column":41},"end":{"line":216,"column":1}},"line":38},"5":{"name":"main","decl":{"start":{"line":218,"column":15},"end":{"line":218,"column":19}},"loc":{"start":{"line":218,"column":22},"end":{"line":254,"column":1}},"line":218}},"branchMap":{"0":{"loc":{"start":{"line":149,"column":12},"end":{"line":153,"column":13}},"type":"if","locations":[{"start":{"line":149,"column":12},"end":{"line":153,"column":13}},{"start":{"line":151,"column":19},"end":{"line":153,"column":13}}],"line":149},"1":{"loc":{"start":{"line":194,"column":12},"end":{"line":198,"column":13}},"type":"if","locations":[{"start":{"line":194,"column":12},"end":{"line":198,"column":13}},{"start":{"line":196,"column":19},"end":{"line":198,"column":13}}],"line":194},"2":{"loc":{"start":{"line":224,"column":8},"end":{"line":234,"column":9}},"type":"if","locations":[{"start":{"line":224,"column":8},"end":{"line":234,"column":9}},{"start":{},"end":{}}],"line":224},"3":{"loc":{"start":{"line":242,"column":4},"end":{"line":251,"column":5}},"type":"if","locations":[{"start":{"line":242,"column":4},"end":{"line":251,"column":5}},{"start":{"line":249,"column":11},"end":{"line":251,"column":5}}],"line":242}},"s":{"0":0,"1":0,"2":0,"3":0,"4":0,"5":0,"6":0,"7":0,"8":0,"9":0,"10":0,"11":0,"12":0,"13":0,"14":0,"15":0,"16":0,"17":0,"18":0,"19":0,"20":0,"21":0,"22":0,"23":0,"24":0,"25":0,"26":0,"27":0,"28":0,"29":0,"30":0,"31":0,"32":0,"33":0,"34":0,"35":0,"36":0,"37":0,"38":0,"39":0,"40":0,"41":0,"42":0,"43":0,"44":0,"45":0,"46":0,"47":0,"48":0,"49":0,"50":0,"51":0,"52":0,"53":0,"54":0,"55":0,"56":0,"57":0,"58":0,"59":0,"60":0,"61":0,"62":0,"63":0,"64":0,"65":0,"66":0,"67":0,"68":0,"69":0,"70":0,"71":0,"72":0,"73":0,"74":0,"75":0,"76":0,"77":0,"78":0,"79":0,"80":0},"f":{"0":0,"1":0,"2":0,"3":0,"4":0,"5":0},"b":{"0":[0,0],"1":[0,0],"2":[0,0],"3":[0,0]}}
,"C:\\Users\\VTR\\Documents\\GitHub\\jota\\sys-npj-1\\backend\\index.js": {"path":"C:\\Users\\VTR\\Documents\\GitHub\\jota\\sys-npj-1\\backend\\index.js","statementMap":{"0":{"start":{"line":1,"column":0},"end":{"line":1,"column":27}},"1":{"start":{"line":2,"column":16},"end":{"line":2,"column":34}},"2":{"start":{"line":3,"column":13},"end":{"line":3,"column":28}},"3":{"start":{"line":4,"column":15},"end":{"line":4,"column":32}},"4":{"start":{"line":5,"column":15},"end":{"line":5,"column":32}},"5":{"start":{"line":6,"column":18},"end":{"line":6,"column":47}},"6":{"start":{"line":7,"column":22},"end":{"line":7,"column":55}},"7":{"start":{"line":8,"column":17},"end":{"line":8,"column":45}},"8":{"start":{"line":9,"column":11},"end":{"line":9,"column":24}},"9":{"start":{"line":10,"column":13},"end":{"line":10,"column":28}},"10":{"start":{"line":11,"column":13},"end":{"line":11,"column":28}},"11":{"start":{"line":12,"column":17},"end":{"line":12,"column":37}},"12":{"start":{"line":13,"column":12},"end":{"line":13,"column":21}},"13":{"start":{"line":15,"column":0},"end":{"line":15,"column":21}},"14":{"start":{"line":18,"column":0},"end":{"line":18,"column":18}},"15":{"start":{"line":20,"column":0},"end":{"line":24,"column":2}},"16":{"start":{"line":25,"column":0},"end":{"line":25,"column":48}},"17":{"start":{"line":26,"column":0},"end":{"line":26,"column":23}},"18":{"start":{"line":29,"column":20},"end":{"line":34,"column":1}},"19":{"start":{"line":35,"column":0},"end":{"line":35,"column":27}},"20":{"start":{"line":37,"column":24},"end":{"line":37,"column":64}},"21":{"start":{"line":38,"column":0},"end":{"line":38,"column":37}},"22":{"start":{"line":39,"column":0},"end":{"line":55,"column":2}},"23":{"start":{"line":58,"column":0},"end":{"line":61,"column":3}},"24":{"start":{"line":59,"column":2},"end":{"line":59,"column":50}},"25":{"start":{"line":60,"column":2},"end":{"line":60,"column":9}},"26":{"start":{"line":64,"column":15},"end":{"line":64,"column":37}},"27":{"start":{"line":65,"column":11},"end":{"line":70,"column":2}},"28":{"start":{"line":72,"column":0},"end":{"line":86,"column":3}},"29":{"start":{"line":74,"column":2},"end":{"line":81,"column":5}},"30":{"start":{"line":75,"column":4},"end":{"line":77,"column":5}},"31":{"start":{"line":76,"column":6},"end":{"line":76,"column":49}},"32":{"start":{"line":78,"column":4},"end":{"line":80,"column":5}},"33":{"start":{"line":79,"column":6},"end":{"line":79,"column":47}},"34":{"start":{"line":83,"column":2},"end":{"line":85,"column":5}},"35":{"start":{"line":89,"column":16},"end":{"line":95,"column":2}},"36":{"start":{"line":96,"column":0},"end":{"line":96,"column":17}},"37":{"start":{"line":99,"column":21},"end":{"line":106,"column":2}},"38":{"start":{"line":103,"column":23},"end":{"line":103,"column":41}},"39":{"start":{"line":104,"column":4},"end":{"line":104,"column":37}},"40":{"start":{"line":107,"column":0},"end":{"line":107,"column":22}},"41":{"start":{"line":110,"column":0},"end":{"line":110,"column":27}},"42":{"start":{"line":114,"column":18},"end":{"line":114,"column":49}},"43":{"start":{"line":115,"column":0},"end":{"line":117,"column":1}},"44":{"start":{"line":116,"column":2},"end":{"line":116,"column":26}},"45":{"start":{"line":120,"column":0},"end":{"line":120,"column":47}},"46":{"start":{"line":123,"column":0},"end":{"line":129,"column":3}},"47":{"start":{"line":125,"column":2},"end":{"line":127,"column":3}},"48":{"start":{"line":126,"column":4},"end":{"line":126,"column":18}},"49":{"start":{"line":128,"column":2},"end":{"line":128,"column":33}},"50":{"start":{"line":132,"column":0},"end":{"line":132,"column":60}},"51":{"start":{"line":135,"column":27},"end":{"line":135,"column":71}},"52":{"start":{"line":136,"column":0},"end":{"line":136,"column":56}},"53":{"start":{"line":137,"column":0},"end":{"line":137,"column":60}},"54":{"start":{"line":138,"column":0},"end":{"line":138,"column":62}},"55":{"start":{"line":139,"column":0},"end":{"line":139,"column":76}},"56":{"start":{"line":140,"column":0},"end":{"line":140,"column":68}},"57":{"start":{"line":142,"column":0},"end":{"line":144,"column":3}},"58":{"start":{"line":143,"column":2},"end":{"line":143,"column":62}},"59":{"start":{"line":147,"column":0},"end":{"line":149,"column":3}},"60":{"start":{"line":148,"column":2},"end":{"line":148,"column":59}},"61":{"start":{"line":151,"column":21},"end":{"line":151,"column":67}},"62":{"start":{"line":152,"column":0},"end":{"line":152,"column":22}},"63":{"start":{"line":154,"column":0},"end":{"line":164,"column":1}},"64":{"start":{"line":155,"column":15},"end":{"line":155,"column":39}},"65":{"start":{"line":158,"column":34},"end":{"line":158,"column":77}},"66":{"start":{"line":159,"column":2},"end":{"line":159,"column":24}},"67":{"start":{"line":161,"column":2},"end":{"line":163,"column":5}},"68":{"start":{"line":167,"column":0},"end":{"line":173,"column":1}},"69":{"start":{"line":168,"column":2},"end":{"line":172,"column":5}}},"fnMap":{"0":{"name":"(anonymous_0)","decl":{"start":{"line":58,"column":8},"end":{"line":58,"column":9}},"loc":{"start":{"line":58,"column":28},"end":{"line":61,"column":1}},"line":58},"1":{"name":"(anonymous_1)","decl":{"start":{"line":72,"column":20},"end":{"line":72,"column":21}},"loc":{"start":{"line":72,"column":32},"end":{"line":86,"column":1}},"line":72},"2":{"name":"(anonymous_2)","decl":{"start":{"line":74,"column":25},"end":{"line":74,"column":26}},"loc":{"start":{"line":74,"column":35},"end":{"line":81,"column":3}},"line":74},"3":{"name":"(anonymous_3)","decl":{"start":{"line":83,"column":26},"end":{"line":83,"column":27}},"loc":{"start":{"line":83,"column":32},"end":{"line":85,"column":3}},"line":83},"4":{"name":"(anonymous_4)","decl":{"start":{"line":102,"column":10},"end":{"line":102,"column":11}},"loc":{"start":{"line":102,"column":25},"end":{"line":105,"column":3}},"line":102},"5":{"name":"(anonymous_5)","decl":{"start":{"line":123,"column":8},"end":{"line":123,"column":9}},"loc":{"start":{"line":123,"column":28},"end":{"line":129,"column":1}},"line":123},"6":{"name":"(anonymous_6)","decl":{"start":{"line":142,"column":8},"end":{"line":142,"column":9}},"loc":{"start":{"line":142,"column":33},"end":{"line":144,"column":1}},"line":142},"7":{"name":"(anonymous_7)","decl":{"start":{"line":147,"column":8},"end":{"line":147,"column":9}},"loc":{"start":{"line":147,"column":22},"end":{"line":149,"column":1}},"line":147},"8":{"name":"(anonymous_8)","decl":{"start":{"line":161,"column":22},"end":{"line":161,"column":23}},"loc":{"start":{"line":161,"column":28},"end":{"line":163,"column":3}},"line":161},"9":{"name":"(anonymous_9)","decl":{"start":{"line":167,"column":20},"end":{"line":167,"column":21}},"loc":{"start":{"line":167,"column":50},"end":{"line":173,"column":1}},"line":167}},"branchMap":{"0":{"loc":{"start":{"line":75,"column":4},"end":{"line":77,"column":5}},"type":"if","locations":[{"start":{"line":75,"column":4},"end":{"line":77,"column":5}},{"start":{},"end":{}}],"line":75},"1":{"loc":{"start":{"line":78,"column":4},"end":{"line":80,"column":5}},"type":"if","locations":[{"start":{"line":78,"column":4},"end":{"line":80,"column":5}},{"start":{},"end":{}}],"line":78},"2":{"loc":{"start":{"line":115,"column":0},"end":{"line":117,"column":1}},"type":"if","locations":[{"start":{"line":115,"column":0},"end":{"line":117,"column":1}},{"start":{},"end":{}}],"line":115},"3":{"loc":{"start":{"line":125,"column":2},"end":{"line":127,"column":3}},"type":"if","locations":[{"start":{"line":125,"column":2},"end":{"line":127,"column":3}},{"start":{},"end":{}}],"line":125},"4":{"loc":{"start":{"line":125,"column":6},"end":{"line":125,"column":66}},"type":"binary-expr","locations":[{"start":{"line":125,"column":6},"end":{"line":125,"column":41}},{"start":{"line":125,"column":45},"end":{"line":125,"column":66}}],"line":125},"5":{"loc":{"start":{"line":154,"column":0},"end":{"line":164,"column":1}},"type":"if","locations":[{"start":{"line":154,"column":0},"end":{"line":164,"column":1}},{"start":{},"end":{}}],"line":154},"6":{"loc":{"start":{"line":155,"column":15},"end":{"line":155,"column":39}},"type":"binary-expr","locations":[{"start":{"line":155,"column":15},"end":{"line":155,"column":31}},{"start":{"line":155,"column":35},"end":{"line":155,"column":39}}],"line":155}},"s":{"0":0,"1":0,"2":0,"3":0,"4":0,"5":0,"6":0,"7":0,"8":0,"9":0,"10":0,"11":0,"12":0,"13":0,"14":0,"15":0,"16":0,"17":0,"18":0,"19":0,"20":0,"21":0,"22":0,"23":0,"24":0,"25":0,"26":0,"27":0,"28":0,"29":0,"30":0,"31":0,"32":0,"33":0,"34":0,"35":0,"36":0,"37":0,"38":0,"39":0,"40":0,"41":0,"42":0,"43":0,"44":0,"45":0,"46":0,"47":0,"48":0,"49":0,"50":0,"51":0,"52":0,"53":0,"54":0,"55":0,"56":0,"57":0,"58":0,"59":0,"60":0,"61":0,"62":0,"63":0,"64":0,"65":0,"66":0,"67":0,"68":0,"69":0},"f":{"0":0,"1":0,"2":0,"3":0,"4":0,"5":0,"6":0,"7":0,"8":0,"9":0},"b":{"0":[0,0],"1":[0,0],"2":[0,0],"3":[0,0],"4":[0,0],"5":[0,0],"6":[0,0]}}
,"C:\\Users\\VTR\\Documents\\GitHub\\jota\\sys-npj-1\\backend\\popularComRoot.js": {"path":"C:\\Users\\VTR\\Documents\\GitHub\\jota\\sys-npj-1\\backend\\popularComRoot.js","statementMap":{"0":{"start":{"line":1,"column":15},"end":{"line":1,"column":34}},"1":{"start":{"line":2,"column":18},"end":{"line":2,"column":38}},"2":{"start":{"line":5,"column":18},"end":{"line":10,"column":2}},"3":{"start":{"line":13,"column":13},"end":{"line":16,"column":45}},"4":{"start":{"line":18,"column":16},"end":{"line":27,"column":48}},"5":{"start":{"line":29,"column":19},"end":{"line":32,"column":50}},"6":{"start":{"line":34,"column":13},"end":{"line":37,"column":44}},"7":{"start":{"line":39,"column":23},"end":{"line":42,"column":55}},"8":{"start":{"line":44,"column":24},"end":{"line":47,"column":56}},"9":{"start":{"line":49,"column":17},"end":{"line":67,"column":49}},"10":{"start":{"line":69,"column":20},"end":{"line":80,"column":52}},"11":{"start":{"line":83,"column":4},"end":{"line":406,"column":5}},"12":{"start":{"line":84,"column":8},"end":{"line":84,"column":70}},"13":{"start":{"line":85,"column":8},"end":{"line":85,"column":39}},"14":{"start":{"line":86,"column":8},"end":{"line":86,"column":60}},"15":{"start":{"line":89,"column":8},"end":{"line":89,"column":43}},"16":{"start":{"line":90,"column":26},"end":{"line":94,"column":13}},"17":{"start":{"line":96,"column":25},"end":{"line":96,"column":27}},"18":{"start":{"line":97,"column":8},"end":{"line":108,"column":9}},"19":{"start":{"line":98,"column":36},"end":{"line":101,"column":14}},"20":{"start":{"line":102,"column":12},"end":{"line":102,"column":35}},"21":{"start":{"line":103,"column":12},"end":{"line":107,"column":13}},"22":{"start":{"line":104,"column":16},"end":{"line":104,"column":59}},"23":{"start":{"line":106,"column":16},"end":{"line":106,"column":62}},"24":{"start":{"line":111,"column":8},"end":{"line":111,"column":48}},"25":{"start":{"line":112,"column":25},"end":{"line":134,"column":1}},"26":{"start":{"line":136,"column":28},"end":{"line":136,"column":30}},"27":{"start":{"line":137,"column":8},"end":{"line":153,"column":9}},"28":{"start":{"line":138,"column":30},"end":{"line":138,"column":63}},"29":{"start":{"line":139,"column":36},"end":{"line":146,"column":14}},"30":{"start":{"line":147,"column":12},"end":{"line":147,"column":38}},"31":{"start":{"line":148,"column":12},"end":{"line":152,"column":13}},"32":{"start":{"line":149,"column":16},"end":{"line":149,"column":63}},"33":{"start":{"line":151,"column":16},"end":{"line":151,"column":66}},"34":{"start":{"line":156,"column":8},"end":{"line":156,"column":51}},"35":{"start":{"line":157,"column":28},"end":{"line":161,"column":9}},"36":{"start":{"line":163,"column":31},"end":{"line":163,"column":33}},"37":{"start":{"line":164,"column":8},"end":{"line":175,"column":9}},"38":{"start":{"line":165,"column":36},"end":{"line":168,"column":14}},"39":{"start":{"line":169,"column":12},"end":{"line":169,"column":41}},"40":{"start":{"line":170,"column":12},"end":{"line":174,"column":13}},"41":{"start":{"line":171,"column":16},"end":{"line":171,"column":71}},"42":{"start":{"line":173,"column":16},"end":{"line":173,"column":74}},"43":{"start":{"line":178,"column":8},"end":{"line":178,"column":45}},"44":{"start":{"line":179,"column":22},"end":{"line":183,"column":9}},"45":{"start":{"line":185,"column":25},"end":{"line":185,"column":27}},"46":{"start":{"line":186,"column":8},"end":{"line":197,"column":9}},"47":{"start":{"line":187,"column":36},"end":{"line":190,"column":14}},"48":{"start":{"line":191,"column":12},"end":{"line":191,"column":35}},"49":{"start":{"line":192,"column":12},"end":{"line":196,"column":13}},"50":{"start":{"line":193,"column":16},"end":{"line":193,"column":59}},"51":{"start":{"line":195,"column":16},"end":{"line":195,"column":62}},"52":{"start":{"line":200,"column":8},"end":{"line":200,"column":57}},"53":{"start":{"line":201,"column":25},"end":{"line":205,"column":9}},"54":{"start":{"line":207,"column":28},"end":{"line":207,"column":30}},"55":{"start":{"line":208,"column":8},"end":{"line":219,"column":9}},"56":{"start":{"line":209,"column":36},"end":{"line":212,"column":14}},"57":{"start":{"line":213,"column":12},"end":{"line":213,"column":38}},"58":{"start":{"line":214,"column":12},"end":{"line":218,"column":13}},"59":{"start":{"line":215,"column":16},"end":{"line":215,"column":65}},"60":{"start":{"line":217,"column":16},"end":{"line":217,"column":68}},"61":{"start":{"line":222,"column":8},"end":{"line":222,"column":61}},"62":{"start":{"line":223,"column":23},"end":{"line":227,"column":9}},"63":{"start":{"line":229,"column":26},"end":{"line":229,"column":28}},"64":{"start":{"line":230,"column":8},"end":{"line":241,"column":9}},"65":{"start":{"line":231,"column":36},"end":{"line":234,"column":14}},"66":{"start":{"line":235,"column":12},"end":{"line":235,"column":36}},"67":{"start":{"line":236,"column":12},"end":{"line":240,"column":13}},"68":{"start":{"line":237,"column":16},"end":{"line":237,"column":61}},"69":{"start":{"line":239,"column":16},"end":{"line":239,"column":64}},"70":{"start":{"line":244,"column":8},"end":{"line":244,"column":49}},"71":{"start":{"line":245,"column":29},"end":{"line":245,"column":31}},"72":{"start":{"line":246,"column":26},"end":{"line":292,"column":9}},"73":{"start":{"line":294,"column":8},"end":{"line":305,"column":9}},"74":{"start":{"line":295,"column":36},"end":{"line":298,"column":14}},"75":{"start":{"line":299,"column":12},"end":{"line":299,"column":39}},"76":{"start":{"line":300,"column":12},"end":{"line":304,"column":13}},"77":{"start":{"line":301,"column":16},"end":{"line":301,"column":78}},"78":{"start":{"line":303,"column":16},"end":{"line":303,"column":81}},"79":{"start":{"line":308,"column":8},"end":{"line":308,"column":61}},"80":{"start":{"line":310,"column":29},"end":{"line":355,"column":9}},"81":{"start":{"line":357,"column":8},"end":{"line":370,"column":9}},"82":{"start":{"line":358,"column":36},"end":{"line":364,"column":14}},"83":{"start":{"line":365,"column":12},"end":{"line":369,"column":13}},"84":{"start":{"line":366,"column":16},"end":{"line":366,"column":75}},"85":{"start":{"line":368,"column":16},"end":{"line":368,"column":78}},"86":{"start":{"line":372,"column":8},"end":{"line":372,"column":65}},"87":{"start":{"line":373,"column":8},"end":{"line":373,"column":54}},"88":{"start":{"line":374,"column":8},"end":{"line":374,"column":36}},"89":{"start":{"line":375,"column":8},"end":{"line":375,"column":39}},"90":{"start":{"line":376,"column":8},"end":{"line":376,"column":42}},"91":{"start":{"line":377,"column":8},"end":{"line":377,"column":36}},"92":{"start":{"line":378,"column":8},"end":{"line":378,"column":48}},"93":{"start":{"line":379,"column":8},"end":{"line":379,"column":51}},"94":{"start":{"line":380,"column":8},"end":{"line":380,"column":40}},"95":{"start":{"line":381,"column":8},"end":{"line":381,"column":43}},"96":{"start":{"line":383,"column":8},"end":{"line":383,"column":51}},"97":{"start":{"line":384,"column":8},"end":{"line":384,"column":60}},"98":{"start":{"line":385,"column":8},"end":{"line":385,"column":57}},"99":{"start":{"line":386,"column":8},"end":{"line":386,"column":60}},"100":{"start":{"line":389,"column":8},"end":{"line":389,"column":65}},"101":{"start":{"line":391,"column":8},"end":{"line":403,"column":9}},"102":{"start":{"line":392,"column":12},"end":{"line":392,"column":76}},"103":{"start":{"line":393,"column":12},"end":{"line":393,"column":68}},"104":{"start":{"line":394,"column":12},"end":{"line":394,"column":90}},"105":{"start":{"line":395,"column":12},"end":{"line":395,"column":62}},"106":{"start":{"line":396,"column":12},"end":{"line":396,"column":106}},"107":{"start":{"line":398,"column":12},"end":{"line":398,"column":55}},"108":{"start":{"line":399,"column":12},"end":{"line":402,"column":13}},"109":{"start":{"line":400,"column":16},"end":{"line":400,"column":69}},"110":{"start":{"line":401,"column":16},"end":{"line":401,"column":62}},"111":{"start":{"line":405,"column":8},"end":{"line":405,"column":32}},"112":{"start":{"line":408,"column":0},"end":{"line":408,"column":22}}},"fnMap":{"0":{"name":"popularBancoDeTeste","decl":{"start":{"line":82,"column":15},"end":{"line":82,"column":34}},"loc":{"start":{"line":82,"column":37},"end":{"line":407,"column":1}},"line":82}},"branchMap":{"0":{"loc":{"start":{"line":103,"column":12},"end":{"line":107,"column":13}},"type":"if","locations":[{"start":{"line":103,"column":12},"end":{"line":107,"column":13}},{"start":{"line":105,"column":19},"end":{"line":107,"column":13}}],"line":103},"1":{"loc":{"start":{"line":148,"column":12},"end":{"line":152,"column":13}},"type":"if","locations":[{"start":{"line":148,"column":12},"end":{"line":152,"column":13}},{"start":{"line":150,"column":19},"end":{"line":152,"column":13}}],"line":148},"2":{"loc":{"start":{"line":170,"column":12},"end":{"line":174,"column":13}},"type":"if","locations":[{"start":{"line":170,"column":12},"end":{"line":174,"column":13}},{"start":{"line":172,"column":19},"end":{"line":174,"column":13}}],"line":170},"3":{"loc":{"start":{"line":192,"column":12},"end":{"line":196,"column":13}},"type":"if","locations":[{"start":{"line":192,"column":12},"end":{"line":196,"column":13}},{"start":{"line":194,"column":19},"end":{"line":196,"column":13}}],"line":192},"4":{"loc":{"start":{"line":214,"column":12},"end":{"line":218,"column":13}},"type":"if","locations":[{"start":{"line":214,"column":12},"end":{"line":218,"column":13}},{"start":{"line":216,"column":19},"end":{"line":218,"column":13}}],"line":214},"5":{"loc":{"start":{"line":236,"column":12},"end":{"line":240,"column":13}},"type":"if","locations":[{"start":{"line":236,"column":12},"end":{"line":240,"column":13}},{"start":{"line":238,"column":19},"end":{"line":240,"column":13}}],"line":236},"6":{"loc":{"start":{"line":300,"column":12},"end":{"line":304,"column":13}},"type":"if","locations":[{"start":{"line":300,"column":12},"end":{"line":304,"column":13}},{"start":{"line":302,"column":19},"end":{"line":304,"column":13}}],"line":300},"7":{"loc":{"start":{"line":365,"column":12},"end":{"line":369,"column":13}},"type":"if","locations":[{"start":{"line":365,"column":12},"end":{"line":369,"column":13}},{"start":{"line":367,"column":19},"end":{"line":369,"column":13}}],"line":365},"8":{"loc":{"start":{"line":391,"column":8},"end":{"line":403,"column":9}},"type":"if","locations":[{"start":{"line":391,"column":8},"end":{"line":403,"column":9}},{"start":{"line":397,"column":15},"end":{"line":403,"column":9}}],"line":391},"9":{"loc":{"start":{"line":399,"column":12},"end":{"line":402,"column":13}},"type":"if","locations":[{"start":{"line":399,"column":12},"end":{"line":402,"column":13}},{"start":{},"end":{}}],"line":399}},"s":{"0":0,"1":0,"2":0,"3":0,"4":0,"5":0,"6":0,"7":0,"8":0,"9":0,"10":0,"11":0,"12":0,"13":0,"14":0,"15":0,"16":0,"17":0,"18":0,"19":0,"20":0,"21":0,"22":0,"23":0,"24":0,"25":0,"26":0,"27":0,"28":0,"29":0,"30":0,"31":0,"32":0,"33":0,"34":0,"35":0,"36":0,"37":0,"38":0,"39":0,"40":0,"41":0,"42":0,"43":0,"44":0,"45":0,"46":0,"47":0,"48":0,"49":0,"50":0,"51":0,"52":0,"53":0,"54":0,"55":0,"56":0,"57":0,"58":0,"59":0,"60":0,"61":0,"62":0,"63":0,"64":0,"65":0,"66":0,"67":0,"68":0,"69":0,"70":0,"71":0,"72":0,"73":0,"74":0,"75":0,"76":0,"77":0,"78":0,"79":0,"80":0,"81":0,"82":0,"83":0,"84":0,"85":0,"86":0,"87":0,"88":0,"89":0,"90":0,"91":0,"92":0,"93":0,"94":0,"95":0,"96":0,"97":0,"98":0,"99":0,"100":0,"101":0,"102":0,"103":0,"104":0,"105":0,"106":0,"107":0,"108":0,"109":0,"110":0,"111":0,"112":0},"f":{"0":0},"b":{"0":[0,0],"1":[0,0],"2":[0,0],"3":[0,0],"4":[0,0],"5":[0,0],"6":[0,0],"7":[0,0],"8":[0,0],"9":[0,0]}}
,"C:\\Users\\VTR\\Documents\\GitHub\\jota\\sys-npj-1\\backend\\testSocket.js.js": {"path":"C:\\Users\\VTR\\Documents\\GitHub\\jota\\sys-npj-1\\backend\\testSocket.js.js","statementMap":{"0":{"start":{"line":1,"column":11},"end":{"line":1,"column":38}},"1":{"start":{"line":2,"column":15},"end":{"line":2,"column":42}},"2":{"start":{"line":4,"column":0},"end":{"line":7,"column":3}},"3":{"start":{"line":5,"column":4},"end":{"line":5,"column":51}},"4":{"start":{"line":6,"column":4},"end":{"line":6,"column":64}},"5":{"start":{"line":9,"column":0},"end":{"line":11,"column":3}},"6":{"start":{"line":10,"column":4},"end":{"line":10,"column":43}},"7":{"start":{"line":13,"column":0},"end":{"line":15,"column":3}},"8":{"start":{"line":14,"column":4},"end":{"line":14,"column":32}}},"fnMap":{"0":{"name":"(anonymous_0)","decl":{"start":{"line":4,"column":21},"end":{"line":4,"column":22}},"loc":{"start":{"line":4,"column":27},"end":{"line":7,"column":1}},"line":4},"1":{"name":"(anonymous_1)","decl":{"start":{"line":9,"column":25},"end":{"line":9,"column":26}},"loc":{"start":{"line":9,"column":35},"end":{"line":11,"column":1}},"line":9},"2":{"name":"(anonymous_2)","decl":{"start":{"line":13,"column":24},"end":{"line":13,"column":25}},"loc":{"start":{"line":13,"column":30},"end":{"line":15,"column":1}},"line":13}},"branchMap":{},"s":{"0":0,"1":0,"2":0,"3":0,"4":0,"5":0,"6":0,"7":0,"8":0},"f":{"0":0,"1":0,"2":0},"b":{}}
,"C:\\Users\\VTR\\Documents\\GitHub\\jota\\sys-npj-1\\backend\\truncateAllTables.js": {"path":"C:\\Users\\VTR\\Documents\\GitHub\\jota\\sys-npj-1\\backend\\truncateAllTables.js","statementMap":{"0":{"start":{"line":1,"column":18},"end":{"line":1,"column":38}},"1":{"start":{"line":3,"column":18},"end":{"line":7,"column":2}},"2":{"start":{"line":9,"column":15},"end":{"line":26,"column":1}},"3":{"start":{"line":29,"column":4},"end":{"line":43,"column":5}},"4":{"start":{"line":30,"column":8},"end":{"line":30,"column":39}},"5":{"start":{"line":31,"column":8},"end":{"line":31,"column":43}},"6":{"start":{"line":32,"column":8},"end":{"line":37,"column":9}},"7":{"start":{"line":33,"column":12},"end":{"line":33,"column":65}},"8":{"start":{"line":34,"column":12},"end":{"line":34,"column":66}},"9":{"start":{"line":35,"column":12},"end":{"line":35,"column":65}},"10":{"start":{"line":36,"column":12},"end":{"line":36,"column":53}},"11":{"start":{"line":38,"column":8},"end":{"line":38,"column":63}},"12":{"start":{"line":40,"column":8},"end":{"line":40,"column":65}},"13":{"start":{"line":42,"column":8},"end":{"line":42,"column":32}},"14":{"start":{"line":46,"column":0},"end":{"line":46,"column":14}}},"fnMap":{"0":{"name":"truncateAll","decl":{"start":{"line":28,"column":15},"end":{"line":28,"column":26}},"loc":{"start":{"line":28,"column":29},"end":{"line":44,"column":1}},"line":28}},"branchMap":{},"s":{"0":0,"1":0,"2":0,"3":0,"4":0,"5":0,"6":0,"7":0,"8":0,"9":0,"10":0,"11":0,"12":0,"13":0,"14":0},"f":{"0":0},"b":{}}
,"C:\\Users\\VTR\\Documents\\GitHub\\jota\\sys-npj-1\\backend\\config\\config.js": {"path":"C:\\Users\\VTR\\Documents\\GitHub\\jota\\sys-npj-1\\backend\\config\\config.js","statementMap":{"0":{"start":{"line":1,"column":0},"end":{"line":1,"column":82}},"1":{"start":{"line":3,"column":0},"end":{"line":28,"column":2}}},"fnMap":{},"branchMap":{},"s":{"0":0,"1":0},"f":{},"b":{}}
,"C:\\Users\\VTR\\Documents\\GitHub\\jota\\sys-npj-1\\backend\\config\\sequelize.js": {"path":"C:\\Users\\VTR\\Documents\\GitHub\\jota\\sys-npj-1\\backend\\config\\sequelize.js","statementMap":{"0":{"start":{"line":1,"column":22},"end":{"line":1,"column":42}},"1":{"start":{"line":2,"column":0},"end":{"line":2,"column":27}},"2":{"start":{"line":4,"column":18},"end":{"line":24,"column":1}},"3":{"start":{"line":26,"column":0},"end":{"line":26,"column":27}}},"fnMap":{},"branchMap":{},"s":{"0":0,"1":0,"2":0,"3":0},"f":{},"b":{}}
,"C:\\Users\\VTR\\Documents\\GitHub\\jota\\sys-npj-1\\backend\\config\\swagger.js": {"path":"C:\\Users\\VTR\\Documents\\GitHub\\jota\\sys-npj-1\\backend\\config\\swagger.js","statementMap":{"0":{"start":{"line":1,"column":21},"end":{"line":1,"column":45}},"1":{"start":{"line":2,"column":18},"end":{"line":2,"column":47}},"2":{"start":{"line":4,"column":16},"end":{"line":30,"column":1}},"3":{"start":{"line":32,"column":14},"end":{"line":32,"column":35}},"4":{"start":{"line":34,"column":0},"end":{"line":36,"column":2}},"5":{"start":{"line":35,"column":2},"end":{"line":35,"column":64}}},"fnMap":{"0":{"name":"(anonymous_0)","decl":{"start":{"line":34,"column":17},"end":{"line":34,"column":18}},"loc":{"start":{"line":34,"column":26},"end":{"line":36,"column":1}},"line":34}},"branchMap":{},"s":{"0":0,"1":0,"2":0,"3":0,"4":0,"5":0},"f":{"0":0},"b":{}}
,"C:\\Users\\VTR\\Documents\\GitHub\\jota\\sys-npj-1\\backend\\controllers\\agendamentoControllers.js": {"path":"C:\\Users\\VTR\\Documents\\GitHub\\jota\\sys-npj-1\\backend\\controllers\\agendamentoControllers.js","statementMap":{"0":{"start":{"line":6,"column":4},"end":{"line":6,"column":36}},"1":{"start":{"line":7,"column":28},"end":{"line":7,"column":70}},"2":{"start":{"line":10,"column":0},"end":{"line":55,"column":2}},"3":{"start":{"line":11,"column":2},"end":{"line":54,"column":3}},"4":{"start":{"line":12,"column":65},"end":{"line":12,"column":74}},"5":{"start":{"line":13,"column":19},"end":{"line":13,"column":33}},"6":{"start":{"line":14,"column":21},"end":{"line":14,"column":37}},"7":{"start":{"line":16,"column":22},"end":{"line":16,"column":24}},"8":{"start":{"line":19,"column":4},"end":{"line":28,"column":5}},"9":{"start":{"line":20,"column":6},"end":{"line":20,"column":38}},"10":{"start":{"line":21,"column":11},"end":{"line":28,"column":5}},"11":{"start":{"line":23,"column":24},"end":{"line":25,"column":8}},"12":{"start":{"line":26,"column":26},"end":{"line":26,"column":50}},"13":{"start":{"line":26,"column":45},"end":{"line":26,"column":49}},"14":{"start":{"line":27,"column":6},"end":{"line":27,"column":44}},"15":{"start":{"line":32,"column":4},"end":{"line":32,"column":59}},"16":{"start":{"line":32,"column":21},"end":{"line":32,"column":59}},"17":{"start":{"line":33,"column":4},"end":{"line":33,"column":38}},"18":{"start":{"line":33,"column":14},"end":{"line":33,"column":38}},"19":{"start":{"line":34,"column":4},"end":{"line":34,"column":44}},"20":{"start":{"line":34,"column":16},"end":{"line":34,"column":44}},"21":{"start":{"line":36,"column":4},"end":{"line":40,"column":5}},"22":{"start":{"line":37,"column":6},"end":{"line":39,"column":8}},"23":{"start":{"line":42,"column":25},"end":{"line":49,"column":6}},"24":{"start":{"line":51,"column":4},"end":{"line":51,"column":27}},"25":{"start":{"line":53,"column":4},"end":{"line":53,"column":63}},"26":{"start":{"line":58,"column":0},"end":{"line":126,"column":2}},"27":{"start":{"line":59,"column":2},"end":{"line":125,"column":3}},"28":{"start":{"line":73,"column":8},"end":{"line":73,"column":16}},"29":{"start":{"line":75,"column":23},"end":{"line":75,"column":37}},"30":{"start":{"line":78,"column":21},"end":{"line":78,"column":57}},"31":{"start":{"line":79,"column":4},"end":{"line":81,"column":5}},"32":{"start":{"line":80,"column":6},"end":{"line":80,"column":71}},"33":{"start":{"line":84,"column":4},"end":{"line":92,"column":5}},"34":{"start":{"line":86,"column":30},"end":{"line":88,"column":8}},"35":{"start":{"line":89,"column":6},"end":{"line":91,"column":7}},"36":{"start":{"line":90,"column":8},"end":{"line":90,"column":82}},"37":{"start":{"line":94,"column":24},"end":{"line":108,"column":6}},"38":{"start":{"line":111,"column":30},"end":{"line":116,"column":6}},"39":{"start":{"line":119,"column":4},"end":{"line":119,"column":49}},"40":{"start":{"line":121,"column":4},"end":{"line":121,"column":44}},"41":{"start":{"line":123,"column":4},"end":{"line":123,"column":55}},"42":{"start":{"line":124,"column":4},"end":{"line":124,"column":63}},"43":{"start":{"line":129,"column":0},"end":{"line":160,"column":2}},"44":{"start":{"line":130,"column":2},"end":{"line":159,"column":3}},"45":{"start":{"line":131,"column":19},"end":{"line":131,"column":29}},"46":{"start":{"line":132,"column":24},"end":{"line":132,"column":54}},"47":{"start":{"line":134,"column":4},"end":{"line":136,"column":5}},"48":{"start":{"line":135,"column":6},"end":{"line":135,"column":74}},"49":{"start":{"line":139,"column":4},"end":{"line":141,"column":5}},"50":{"start":{"line":140,"column":6},"end":{"line":140,"column":90}},"51":{"start":{"line":143,"column":4},"end":{"line":146,"column":7}},"52":{"start":{"line":148,"column":34},"end":{"line":153,"column":6}},"53":{"start":{"line":155,"column":4},"end":{"line":155,"column":36}},"54":{"start":{"line":157,"column":4},"end":{"line":157,"column":59}},"55":{"start":{"line":158,"column":4},"end":{"line":158,"column":63}},"56":{"start":{"line":163,"column":0},"end":{"line":183,"column":2}},"57":{"start":{"line":164,"column":2},"end":{"line":182,"column":3}},"58":{"start":{"line":165,"column":19},"end":{"line":165,"column":29}},"59":{"start":{"line":166,"column":24},"end":{"line":166,"column":54}},"60":{"start":{"line":168,"column":4},"end":{"line":170,"column":5}},"61":{"start":{"line":169,"column":6},"end":{"line":169,"column":74}},"62":{"start":{"line":173,"column":4},"end":{"line":175,"column":5}},"63":{"start":{"line":174,"column":6},"end":{"line":174,"column":91}},"64":{"start":{"line":177,"column":4},"end":{"line":177,"column":32}},"65":{"start":{"line":178,"column":4},"end":{"line":178,"column":63}},"66":{"start":{"line":180,"column":4},"end":{"line":180,"column":57}},"67":{"start":{"line":181,"column":4},"end":{"line":181,"column":63}},"68":{"start":{"line":186,"column":0},"end":{"line":210,"column":2}},"69":{"start":{"line":187,"column":2},"end":{"line":209,"column":3}},"70":{"start":{"line":188,"column":19},"end":{"line":188,"column":29}},"71":{"start":{"line":189,"column":24},"end":{"line":194,"column":6}},"72":{"start":{"line":196,"column":4},"end":{"line":198,"column":5}},"73":{"start":{"line":197,"column":6},"end":{"line":197,"column":74}},"74":{"start":{"line":201,"column":4},"end":{"line":203,"column":5}},"75":{"start":{"line":202,"column":6},"end":{"line":202,"column":87}},"76":{"start":{"line":205,"column":4},"end":{"line":205,"column":26}},"77":{"start":{"line":207,"column":4},"end":{"line":207,"column":56}},"78":{"start":{"line":208,"column":4},"end":{"line":208,"column":63}},"79":{"start":{"line":213,"column":0},"end":{"line":244,"column":2}},"80":{"start":{"line":214,"column":2},"end":{"line":243,"column":3}},"81":{"start":{"line":215,"column":25},"end":{"line":215,"column":35}},"82":{"start":{"line":216,"column":23},"end":{"line":216,"column":48}},"83":{"start":{"line":217,"column":20},"end":{"line":217,"column":53}},"84":{"start":{"line":219,"column":24},"end":{"line":223,"column":5}},"85":{"start":{"line":226,"column":4},"end":{"line":228,"column":5}},"86":{"start":{"line":227,"column":6},"end":{"line":227,"column":46}},"87":{"start":{"line":230,"column":25},"end":{"line":237,"column":6}},"88":{"start":{"line":239,"column":4},"end":{"line":239,"column":27}},"89":{"start":{"line":241,"column":4},"end":{"line":241,"column":71}},"90":{"start":{"line":242,"column":4},"end":{"line":242,"column":63}},"91":{"start":{"line":247,"column":0},"end":{"line":262,"column":2}},"92":{"start":{"line":248,"column":2},"end":{"line":261,"column":3}},"93":{"start":{"line":249,"column":25},"end":{"line":255,"column":6}},"94":{"start":{"line":257,"column":4},"end":{"line":257,"column":27}},"95":{"start":{"line":259,"column":4},"end":{"line":259,"column":66}},"96":{"start":{"line":260,"column":4},"end":{"line":260,"column":63}},"97":{"start":{"line":265,"column":0},"end":{"line":324,"column":2}},"98":{"start":{"line":266,"column":2},"end":{"line":323,"column":3}},"99":{"start":{"line":267,"column":24},"end":{"line":267,"column":26}},"100":{"start":{"line":270,"column":4},"end":{"line":272,"column":5}},"101":{"start":{"line":271,"column":6},"end":{"line":271,"column":46}},"102":{"start":{"line":274,"column":18},"end":{"line":274,"column":65}},"103":{"start":{"line":275,"column":22},"end":{"line":277,"column":6}},"104":{"start":{"line":278,"column":23},"end":{"line":280,"column":6}},"105":{"start":{"line":281,"column":23},"end":{"line":283,"column":6}},"106":{"start":{"line":286,"column":26},"end":{"line":286,"column":36}},"107":{"start":{"line":287,"column":4},"end":{"line":287,"column":55}},"108":{"start":{"line":289,"column":28},"end":{"line":297,"column":6}},"109":{"start":{"line":300,"column":20},"end":{"line":307,"column":6}},"110":{"start":{"line":309,"column":4},"end":{"line":319,"column":7}},"111":{"start":{"line":316,"column":8},"end":{"line":316,"column":60}},"112":{"start":{"line":317,"column":8},"end":{"line":317,"column":19}},"113":{"start":{"line":321,"column":4},"end":{"line":321,"column":56}},"114":{"start":{"line":322,"column":4},"end":{"line":322,"column":63}},"115":{"start":{"line":328,"column":2},"end":{"line":396,"column":3}},"116":{"start":{"line":329,"column":23},"end":{"line":329,"column":56}},"117":{"start":{"line":330,"column":16},"end":{"line":330,"column":26}},"118":{"start":{"line":333,"column":25},"end":{"line":333,"column":27}},"119":{"start":{"line":335,"column":4},"end":{"line":351,"column":5}},"120":{"start":{"line":336,"column":26},"end":{"line":336,"column":46}},"121":{"start":{"line":337,"column":6},"end":{"line":337,"column":53}},"122":{"start":{"line":339,"column":6},"end":{"line":350,"column":7}},"123":{"start":{"line":340,"column":8},"end":{"line":349,"column":11}},"124":{"start":{"line":353,"column":4},"end":{"line":369,"column":5}},"125":{"start":{"line":354,"column":24},"end":{"line":354,"column":44}},"126":{"start":{"line":355,"column":6},"end":{"line":355,"column":49}},"127":{"start":{"line":357,"column":6},"end":{"line":368,"column":7}},"128":{"start":{"line":358,"column":8},"end":{"line":367,"column":11}},"129":{"start":{"line":371,"column":4},"end":{"line":387,"column":5}},"130":{"start":{"line":372,"column":23},"end":{"line":372,"column":43}},"131":{"start":{"line":373,"column":6},"end":{"line":373,"column":47}},"132":{"start":{"line":375,"column":6},"end":{"line":386,"column":7}},"133":{"start":{"line":376,"column":8},"end":{"line":385,"column":11}},"134":{"start":{"line":390,"column":4},"end":{"line":392,"column":5}},"135":{"start":{"line":391,"column":6},"end":{"line":391,"column":49}},"136":{"start":{"line":395,"column":4},"end":{"line":395,"column":58}}},"fnMap":{"0":{"name":"(anonymous_0)","decl":{"start":{"line":10,"column":29},"end":{"line":10,"column":30}},"loc":{"start":{"line":10,"column":49},"end":{"line":55,"column":1}},"line":10},"1":{"name":"(anonymous_1)","decl":{"start":{"line":26,"column":40},"end":{"line":26,"column":41}},"loc":{"start":{"line":26,"column":45},"end":{"line":26,"column":49}},"line":26},"2":{"name":"(anonymous_2)","decl":{"start":{"line":58,"column":27},"end":{"line":58,"column":28}},"loc":{"start":{"line":58,"column":47},"end":{"line":126,"column":1}},"line":58},"3":{"name":"(anonymous_3)","decl":{"start":{"line":129,"column":31},"end":{"line":129,"column":32}},"loc":{"start":{"line":129,"column":51},"end":{"line":160,"column":1}},"line":129},"4":{"name":"(anonymous_4)","decl":{"start":{"line":163,"column":29},"end":{"line":163,"column":30}},"loc":{"start":{"line":163,"column":49},"end":{"line":183,"column":1}},"line":163},"5":{"name":"(anonymous_5)","decl":{"start":{"line":186,"column":33},"end":{"line":186,"column":34}},"loc":{"start":{"line":186,"column":53},"end":{"line":210,"column":1}},"line":186},"6":{"name":"(anonymous_6)","decl":{"start":{"line":213,"column":30},"end":{"line":213,"column":31}},"loc":{"start":{"line":213,"column":50},"end":{"line":244,"column":1}},"line":213},"7":{"name":"(anonymous_7)","decl":{"start":{"line":247,"column":34},"end":{"line":247,"column":35}},"loc":{"start":{"line":247,"column":54},"end":{"line":262,"column":1}},"line":247},"8":{"name":"(anonymous_8)","decl":{"start":{"line":265,"column":28},"end":{"line":265,"column":29}},"loc":{"start":{"line":265,"column":48},"end":{"line":324,"column":1}},"line":265},"9":{"name":"(anonymous_9)","decl":{"start":{"line":315,"column":31},"end":{"line":315,"column":32}},"loc":{"start":{"line":315,"column":46},"end":{"line":318,"column":7}},"line":315},"10":{"name":"agendarNotificacoes","decl":{"start":{"line":327,"column":15},"end":{"line":327,"column":34}},"loc":{"start":{"line":327,"column":48},"end":{"line":397,"column":1}},"line":327}},"branchMap":{"0":{"loc":{"start":{"line":19,"column":4},"end":{"line":28,"column":5}},"type":"if","locations":[{"start":{"line":19,"column":4},"end":{"line":28,"column":5}},{"start":{"line":21,"column":11},"end":{"line":28,"column":5}}],"line":19},"1":{"loc":{"start":{"line":21,"column":11},"end":{"line":28,"column":5}},"type":"if","locations":[{"start":{"line":21,"column":11},"end":{"line":28,"column":5}},{"start":{},"end":{}}],"line":21},"2":{"loc":{"start":{"line":32,"column":4},"end":{"line":32,"column":59}},"type":"if","locations":[{"start":{"line":32,"column":4},"end":{"line":32,"column":59}},{"start":{},"end":{}}],"line":32},"3":{"loc":{"start":{"line":33,"column":4},"end":{"line":33,"column":38}},"type":"if","locations":[{"start":{"line":33,"column":4},"end":{"line":33,"column":38}},{"start":{},"end":{}}],"line":33},"4":{"loc":{"start":{"line":34,"column":4},"end":{"line":34,"column":44}},"type":"if","locations":[{"start":{"line":34,"column":4},"end":{"line":34,"column":44}},{"start":{},"end":{}}],"line":34},"5":{"loc":{"start":{"line":36,"column":4},"end":{"line":40,"column":5}},"type":"if","locations":[{"start":{"line":36,"column":4},"end":{"line":40,"column":5}},{"start":{},"end":{}}],"line":36},"6":{"loc":{"start":{"line":36,"column":8},"end":{"line":36,"column":31}},"type":"binary-expr","locations":[{"start":{"line":36,"column":8},"end":{"line":36,"column":19}},{"start":{"line":36,"column":23},"end":{"line":36,"column":31}}],"line":36},"7":{"loc":{"start":{"line":79,"column":4},"end":{"line":81,"column":5}},"type":"if","locations":[{"start":{"line":79,"column":4},"end":{"line":81,"column":5}},{"start":{},"end":{}}],"line":79},"8":{"loc":{"start":{"line":84,"column":4},"end":{"line":92,"column":5}},"type":"if","locations":[{"start":{"line":84,"column":4},"end":{"line":92,"column":5}},{"start":{},"end":{}}],"line":84},"9":{"loc":{"start":{"line":89,"column":6},"end":{"line":91,"column":7}},"type":"if","locations":[{"start":{"line":89,"column":6},"end":{"line":91,"column":7}},{"start":{},"end":{}}],"line":89},"10":{"loc":{"start":{"line":103,"column":22},"end":{"line":103,"column":44}},"type":"binary-expr","locations":[{"start":{"line":103,"column":22},"end":{"line":103,"column":36}},{"start":{"line":103,"column":40},"end":{"line":103,"column":44}}],"line":103},"11":{"loc":{"start":{"line":104,"column":23},"end":{"line":104,"column":46}},"type":"binary-expr","locations":[{"start":{"line":104,"column":23},"end":{"line":104,"column":38}},{"start":{"line":104,"column":42},"end":{"line":104,"column":46}}],"line":104},"12":{"loc":{"start":{"line":105,"column":25},"end":{"line":105,"column":51}},"type":"binary-expr","locations":[{"start":{"line":105,"column":25},"end":{"line":105,"column":42}},{"start":{"line":105,"column":46},"end":{"line":105,"column":51}}],"line":105},"13":{"loc":{"start":{"line":106,"column":29},"end":{"line":106,"column":58}},"type":"binary-expr","locations":[{"start":{"line":106,"column":29},"end":{"line":106,"column":50}},{"start":{"line":106,"column":54},"end":{"line":106,"column":58}}],"line":106},"14":{"loc":{"start":{"line":107,"column":31},"end":{"line":107,"column":62}},"type":"binary-expr","locations":[{"start":{"line":107,"column":31},"end":{"line":107,"column":54}},{"start":{"line":107,"column":58},"end":{"line":107,"column":62}}],"line":107},"15":{"loc":{"start":{"line":134,"column":4},"end":{"line":136,"column":5}},"type":"if","locations":[{"start":{"line":134,"column":4},"end":{"line":136,"column":5}},{"start":{},"end":{}}],"line":134},"16":{"loc":{"start":{"line":139,"column":4},"end":{"line":141,"column":5}},"type":"if","locations":[{"start":{"line":139,"column":4},"end":{"line":141,"column":5}},{"start":{},"end":{}}],"line":139},"17":{"loc":{"start":{"line":139,"column":8},"end":{"line":139,"column":81}},"type":"binary-expr","locations":[{"start":{"line":139,"column":8},"end":{"line":139,"column":36}},{"start":{"line":139,"column":40},"end":{"line":139,"column":81}}],"line":139},"18":{"loc":{"start":{"line":168,"column":4},"end":{"line":170,"column":5}},"type":"if","locations":[{"start":{"line":168,"column":4},"end":{"line":170,"column":5}},{"start":{},"end":{}}],"line":168},"19":{"loc":{"start":{"line":173,"column":4},"end":{"line":175,"column":5}},"type":"if","locations":[{"start":{"line":173,"column":4},"end":{"line":175,"column":5}},{"start":{},"end":{}}],"line":173},"20":{"loc":{"start":{"line":173,"column":8},"end":{"line":173,"column":81}},"type":"binary-expr","locations":[{"start":{"line":173,"column":8},"end":{"line":173,"column":36}},{"start":{"line":173,"column":40},"end":{"line":173,"column":81}}],"line":173},"21":{"loc":{"start":{"line":196,"column":4},"end":{"line":198,"column":5}},"type":"if","locations":[{"start":{"line":196,"column":4},"end":{"line":198,"column":5}},{"start":{},"end":{}}],"line":196},"22":{"loc":{"start":{"line":201,"column":4},"end":{"line":203,"column":5}},"type":"if","locations":[{"start":{"line":201,"column":4},"end":{"line":203,"column":5}},{"start":{},"end":{}}],"line":201},"23":{"loc":{"start":{"line":201,"column":8},"end":{"line":201,"column":81}},"type":"binary-expr","locations":[{"start":{"line":201,"column":8},"end":{"line":201,"column":36}},{"start":{"line":201,"column":40},"end":{"line":201,"column":81}}],"line":201},"24":{"loc":{"start":{"line":226,"column":4},"end":{"line":228,"column":5}},"type":"if","locations":[{"start":{"line":226,"column":4},"end":{"line":228,"column":5}},{"start":{},"end":{}}],"line":226},"25":{"loc":{"start":{"line":270,"column":4},"end":{"line":272,"column":5}},"type":"if","locations":[{"start":{"line":270,"column":4},"end":{"line":272,"column":5}},{"start":{},"end":{}}],"line":270},"26":{"loc":{"start":{"line":335,"column":4},"end":{"line":351,"column":5}},"type":"if","locations":[{"start":{"line":335,"column":4},"end":{"line":351,"column":5}},{"start":{},"end":{}}],"line":335},"27":{"loc":{"start":{"line":339,"column":6},"end":{"line":350,"column":7}},"type":"if","locations":[{"start":{"line":339,"column":6},"end":{"line":350,"column":7}},{"start":{},"end":{}}],"line":339},"28":{"loc":{"start":{"line":347,"column":17},"end":{"line":347,"column":72}},"type":"cond-expr","locations":[{"start":{"line":347,"column":53},"end":{"line":347,"column":60}},{"start":{"line":347,"column":63},"end":{"line":347,"column":72}}],"line":347},"29":{"loc":{"start":{"line":353,"column":4},"end":{"line":369,"column":5}},"type":"if","locations":[{"start":{"line":353,"column":4},"end":{"line":369,"column":5}},{"start":{},"end":{}}],"line":353},"30":{"loc":{"start":{"line":357,"column":6},"end":{"line":368,"column":7}},"type":"if","locations":[{"start":{"line":357,"column":6},"end":{"line":368,"column":7}},{"start":{},"end":{}}],"line":357},"31":{"loc":{"start":{"line":365,"column":17},"end":{"line":365,"column":72}},"type":"cond-expr","locations":[{"start":{"line":365,"column":53},"end":{"line":365,"column":60}},{"start":{"line":365,"column":63},"end":{"line":365,"column":72}}],"line":365},"32":{"loc":{"start":{"line":371,"column":4},"end":{"line":387,"column":5}},"type":"if","locations":[{"start":{"line":371,"column":4},"end":{"line":387,"column":5}},{"start":{},"end":{}}],"line":371},"33":{"loc":{"start":{"line":375,"column":6},"end":{"line":386,"column":7}},"type":"if","locations":[{"start":{"line":375,"column":6},"end":{"line":386,"column":7}},{"start":{},"end":{}}],"line":375},"34":{"loc":{"start":{"line":383,"column":17},"end":{"line":383,"column":72}},"type":"cond-expr","locations":[{"start":{"line":383,"column":53},"end":{"line":383,"column":60}},{"start":{"line":383,"column":63},"end":{"line":383,"column":72}}],"line":383},"35":{"loc":{"start":{"line":390,"column":4},"end":{"line":392,"column":5}},"type":"if","locations":[{"start":{"line":390,"column":4},"end":{"line":392,"column":5}},{"start":{},"end":{}}],"line":390}},"s":{"0":0,"1":0,"2":0,"3":0,"4":0,"5":0,"6":0,"7":0,"8":0,"9":0,"10":0,"11":0,"12":0,"13":0,"14":0,"15":0,"16":0,"17":0,"18":0,"19":0,"20":0,"21":0,"22":0,"23":0,"24":0,"25":0,"26":0,"27":0,"28":0,"29":0,"30":0,"31":0,"32":0,"33":0,"34":0,"35":0,"36":0,"37":0,"38":0,"39":0,"40":0,"41":0,"42":0,"43":0,"44":0,"45":0,"46":0,"47":0,"48":0,"49":0,"50":0,"51":0,"52":0,"53":0,"54":0,"55":0,"56":0,"57":0,"58":0,"59":0,"60":0,"61":0,"62":0,"63":0,"64":0,"65":0,"66":0,"67":0,"68":0,"69":0,"70":0,"71":0,"72":0,"73":0,"74":0,"75":0,"76":0,"77":0,"78":0,"79":0,"80":0,"81":0,"82":0,"83":0,"84":0,"85":0,"86":0,"87":0,"88":0,"89":0,"90":0,"91":0,"92":0,"93":0,"94":0,"95":0,"96":0,"97":0,"98":0,"99":0,"100":0,"101":0,"102":0,"103":0,"104":0,"105":0,"106":0,"107":0,"108":0,"109":0,"110":0,"111":0,"112":0,"113":0,"114":0,"115":0,"116":0,"117":0,"118":0,"119":0,"120":0,"121":0,"122":0,"123":0,"124":0,"125":0,"126":0,"127":0,"128":0,"129":0,"130":0,"131":0,"132":0,"133":0,"134":0,"135":0,"136":0},"f":{"0":0,"1":0,"2":0,"3":0,"4":0,"5":0,"6":0,"7":0,"8":0,"9":0,"10":0},"b":{"0":[0,0],"1":[0,0],"2":[0,0],"3":[0,0],"4":[0,0],"5":[0,0],"6":[0,0],"7":[0,0],"8":[0,0],"9":[0,0],"10":[0,0],"11":[0,0],"12":[0,0],"13":[0,0],"14":[0,0],"15":[0,0],"16":[0,0],"17":[0,0],"18":[0,0],"19":[0,0],"20":[0,0],"21":[0,0],"22":[0,0],"23":[0,0],"24":[0,0],"25":[0,0],"26":[0,0],"27":[0,0],"28":[0,0],"29":[0,0],"30":[0,0],"31":[0,0],"32":[0,0],"33":[0,0],"34":[0,0],"35":[0,0]}}
,"C:\\Users\\VTR\\Documents\\GitHub\\jota\\sys-npj-1\\backend\\controllers\\arquivoControllers.js": {"path":"C:\\Users\\VTR\\Documents\\GitHub\\jota\\sys-npj-1\\backend\\controllers\\arquivoControllers.js","statementMap":{"0":{"start":{"line":1,"column":15},"end":{"line":1,"column":56}},"1":{"start":{"line":2,"column":86},"end":{"line":2,"column":118}},"2":{"start":{"line":5,"column":0},"end":{"line":33,"column":2}},"3":{"start":{"line":8,"column":4},"end":{"line":31,"column":5}},"4":{"start":{"line":9,"column":6},"end":{"line":11,"column":7}},"5":{"start":{"line":10,"column":8},"end":{"line":10,"column":72}},"6":{"start":{"line":14,"column":28},"end":{"line":14,"column":61}},"7":{"start":{"line":15,"column":18},"end":{"line":15,"column":53}},"8":{"start":{"line":16,"column":6},"end":{"line":16,"column":71}},"9":{"start":{"line":16,"column":22},"end":{"line":16,"column":71}},"10":{"start":{"line":17,"column":24},"end":{"line":24,"column":7}},"11":{"start":{"line":26,"column":22},"end":{"line":26,"column":53}},"12":{"start":{"line":27,"column":6},"end":{"line":27,"column":36}},"13":{"start":{"line":30,"column":6},"end":{"line":30,"column":52}},"14":{"start":{"line":36,"column":0},"end":{"line":47,"column":2}},"15":{"start":{"line":37,"column":2},"end":{"line":46,"column":3}},"16":{"start":{"line":38,"column":19},"end":{"line":38,"column":29}},"17":{"start":{"line":39,"column":20},"end":{"line":39,"column":46}},"18":{"start":{"line":40,"column":4},"end":{"line":40,"column":82}},"19":{"start":{"line":40,"column":18},"end":{"line":40,"column":82}},"20":{"start":{"line":41,"column":4},"end":{"line":41,"column":26}},"21":{"start":{"line":42,"column":4},"end":{"line":42,"column":25}},"22":{"start":{"line":43,"column":4},"end":{"line":43,"column":73}},"23":{"start":{"line":45,"column":4},"end":{"line":45,"column":50}},"24":{"start":{"line":49,"column":0},"end":{"line":63,"column":2}},"25":{"start":{"line":50,"column":2},"end":{"line":62,"column":3}},"26":{"start":{"line":51,"column":28},"end":{"line":51,"column":38}},"27":{"start":{"line":52,"column":21},"end":{"line":58,"column":6}},"28":{"start":{"line":59,"column":4},"end":{"line":59,"column":23}},"29":{"start":{"line":61,"column":4},"end":{"line":61,"column":50}},"30":{"start":{"line":66,"column":0},"end":{"line":80,"column":2}},"31":{"start":{"line":67,"column":2},"end":{"line":79,"column":3}},"32":{"start":{"line":68,"column":27},"end":{"line":68,"column":37}},"33":{"start":{"line":69,"column":21},"end":{"line":75,"column":6}},"34":{"start":{"line":76,"column":4},"end":{"line":76,"column":23}},"35":{"start":{"line":78,"column":4},"end":{"line":78,"column":50}},"36":{"start":{"line":83,"column":0},"end":{"line":102,"column":2}},"37":{"start":{"line":84,"column":2},"end":{"line":101,"column":3}},"38":{"start":{"line":85,"column":38},"end":{"line":85,"column":46}},"39":{"start":{"line":88,"column":4},"end":{"line":88,"column":40}},"40":{"start":{"line":89,"column":4},"end":{"line":89,"column":38}},"41":{"start":{"line":91,"column":4},"end":{"line":93,"column":5}},"42":{"start":{"line":92,"column":6},"end":{"line":92,"column":117}},"43":{"start":{"line":96,"column":22},"end":{"line":96,"column":76}},"44":{"start":{"line":98,"column":4},"end":{"line":98,"column":70}},"45":{"start":{"line":100,"column":4},"end":{"line":100,"column":50}},"46":{"start":{"line":105,"column":0},"end":{"line":122,"column":2}},"47":{"start":{"line":106,"column":2},"end":{"line":121,"column":3}},"48":{"start":{"line":107,"column":19},"end":{"line":107,"column":29}},"49":{"start":{"line":108,"column":20},"end":{"line":108,"column":46}},"50":{"start":{"line":110,"column":4},"end":{"line":112,"column":5}},"51":{"start":{"line":111,"column":6},"end":{"line":111,"column":70}},"52":{"start":{"line":115,"column":4},"end":{"line":115,"column":31}},"53":{"start":{"line":116,"column":4},"end":{"line":116,"column":25}},"54":{"start":{"line":118,"column":4},"end":{"line":118,"column":75}},"55":{"start":{"line":120,"column":4},"end":{"line":120,"column":50}}},"fnMap":{"0":{"name":"(anonymous_0)","decl":{"start":{"line":7,"column":2},"end":{"line":7,"column":3}},"loc":{"start":{"line":7,"column":22},"end":{"line":32,"column":3}},"line":7},"1":{"name":"(anonymous_1)","decl":{"start":{"line":36,"column":28},"end":{"line":36,"column":29}},"loc":{"start":{"line":36,"column":48},"end":{"line":47,"column":1}},"line":36},"2":{"name":"(anonymous_2)","decl":{"start":{"line":49,"column":25},"end":{"line":49,"column":26}},"loc":{"start":{"line":49,"column":45},"end":{"line":63,"column":1}},"line":49},"3":{"name":"(anonymous_3)","decl":{"start":{"line":66,"column":32},"end":{"line":66,"column":33}},"loc":{"start":{"line":66,"column":52},"end":{"line":80,"column":1}},"line":66},"4":{"name":"(anonymous_4)","decl":{"start":{"line":83,"column":33},"end":{"line":83,"column":34}},"loc":{"start":{"line":83,"column":53},"end":{"line":102,"column":1}},"line":83},"5":{"name":"(anonymous_5)","decl":{"start":{"line":105,"column":29},"end":{"line":105,"column":30}},"loc":{"start":{"line":105,"column":49},"end":{"line":122,"column":1}},"line":105}},"branchMap":{"0":{"loc":{"start":{"line":9,"column":6},"end":{"line":11,"column":7}},"type":"if","locations":[{"start":{"line":9,"column":6},"end":{"line":11,"column":7}},{"start":{},"end":{}}],"line":9},"1":{"loc":{"start":{"line":16,"column":6},"end":{"line":16,"column":71}},"type":"if","locations":[{"start":{"line":16,"column":6},"end":{"line":16,"column":71}},{"start":{},"end":{}}],"line":16},"2":{"loc":{"start":{"line":22,"column":21},"end":{"line":22,"column":111}},"type":"cond-expr","locations":[{"start":{"line":22,"column":84},"end":{"line":22,"column":104}},{"start":{"line":22,"column":107},"end":{"line":22,"column":111}}],"line":22},"3":{"loc":{"start":{"line":22,"column":21},"end":{"line":22,"column":81}},"type":"binary-expr","locations":[{"start":{"line":22,"column":21},"end":{"line":22,"column":41}},{"start":{"line":22,"column":45},"end":{"line":22,"column":81}}],"line":22},"4":{"loc":{"start":{"line":40,"column":4},"end":{"line":40,"column":82}},"type":"if","locations":[{"start":{"line":40,"column":4},"end":{"line":40,"column":82}},{"start":{},"end":{}}],"line":40},"5":{"loc":{"start":{"line":91,"column":4},"end":{"line":93,"column":5}},"type":"if","locations":[{"start":{"line":91,"column":4},"end":{"line":93,"column":5}},{"start":{},"end":{}}],"line":91},"6":{"loc":{"start":{"line":91,"column":8},"end":{"line":91,"column":78}},"type":"binary-expr","locations":[{"start":{"line":91,"column":8},"end":{"line":91,"column":20}},{"start":{"line":91,"column":24},"end":{"line":91,"column":35}},{"start":{"line":91,"column":39},"end":{"line":91,"column":57}},{"start":{"line":91,"column":61},"end":{"line":91,"column":78}}],"line":91},"7":{"loc":{"start":{"line":110,"column":4},"end":{"line":112,"column":5}},"type":"if","locations":[{"start":{"line":110,"column":4},"end":{"line":112,"column":5}},{"start":{},"end":{}}],"line":110}},"s":{"0":0,"1":0,"2":0,"3":0,"4":0,"5":0,"6":0,"7":0,"8":0,"9":0,"10":0,"11":0,"12":0,"13":0,"14":0,"15":0,"16":0,"17":0,"18":0,"19":0,"20":0,"21":0,"22":0,"23":0,"24":0,"25":0,"26":0,"27":0,"28":0,"29":0,"30":0,"31":0,"32":0,"33":0,"34":0,"35":0,"36":0,"37":0,"38":0,"39":0,"40":0,"41":0,"42":0,"43":0,"44":0,"45":0,"46":0,"47":0,"48":0,"49":0,"50":0,"51":0,"52":0,"53":0,"54":0,"55":0},"f":{"0":0,"1":0,"2":0,"3":0,"4":0,"5":0},"b":{"0":[0,0],"1":[0,0],"2":[0,0],"3":[0,0],"4":[0,0],"5":[0,0],"6":[0,0,0,0],"7":[0,0]}}
,"C:\\Users\\VTR\\Documents\\GitHub\\jota\\sys-npj-1\\backend\\controllers\\atualizacaoProcessoControllers.js": {"path":"C:\\Users\\VTR\\Documents\\GitHub\\jota\\sys-npj-1\\backend\\controllers\\atualizacaoProcessoControllers.js","statementMap":{"0":{"start":{"line":1,"column":136},"end":{"line":1,"column":168}},"1":{"start":{"line":4,"column":0},"end":{"line":30,"column":1}},"2":{"start":{"line":5,"column":8},"end":{"line":29,"column":9}},"3":{"start":{"line":6,"column":78},"end":{"line":6,"column":86}},"4":{"start":{"line":7,"column":12},"end":{"line":9,"column":13}},"5":{"start":{"line":8,"column":16},"end":{"line":8,"column":106}},"6":{"start":{"line":10,"column":31},"end":{"line":10,"column":45}},"7":{"start":{"line":11,"column":36},"end":{"line":17,"column":14}},"8":{"start":{"line":19,"column":40},"end":{"line":25,"column":14}},"9":{"start":{"line":26,"column":12},"end":{"line":26,"column":54}},"10":{"start":{"line":28,"column":12},"end":{"line":28,"column":89}},"11":{"start":{"line":33,"column":0},"end":{"line":49,"column":2}},"12":{"start":{"line":34,"column":2},"end":{"line":48,"column":3}},"13":{"start":{"line":35,"column":28},"end":{"line":35,"column":38}},"14":{"start":{"line":36,"column":20},"end":{"line":44,"column":6}},"15":{"start":{"line":45,"column":4},"end":{"line":45,"column":22}},"16":{"start":{"line":47,"column":4},"end":{"line":47,"column":68}},"17":{"start":{"line":52,"column":0},"end":{"line":68,"column":2}},"18":{"start":{"line":53,"column":2},"end":{"line":67,"column":3}},"19":{"start":{"line":54,"column":19},"end":{"line":54,"column":41}},"20":{"start":{"line":55,"column":20},"end":{"line":63,"column":6}},"21":{"start":{"line":64,"column":4},"end":{"line":64,"column":22}},"22":{"start":{"line":66,"column":4},"end":{"line":66,"column":68}},"23":{"start":{"line":71,"column":0},"end":{"line":85,"column":1}},"24":{"start":{"line":72,"column":8},"end":{"line":84,"column":9}},"25":{"start":{"line":73,"column":52},"end":{"line":73,"column":62}},"26":{"start":{"line":74,"column":12},"end":{"line":76,"column":13}},"27":{"start":{"line":75,"column":16},"end":{"line":75,"column":122}},"28":{"start":{"line":77,"column":26},"end":{"line":77,"column":108}},"29":{"start":{"line":78,"column":12},"end":{"line":80,"column":13}},"30":{"start":{"line":79,"column":16},"end":{"line":79,"column":84}},"31":{"start":{"line":81,"column":12},"end":{"line":81,"column":71}},"32":{"start":{"line":83,"column":12},"end":{"line":83,"column":58}}},"fnMap":{"0":{"name":"(anonymous_0)","decl":{"start":{"line":4,"column":40},"end":{"line":4,"column":41}},"loc":{"start":{"line":4,"column":60},"end":{"line":30,"column":1}},"line":4},"1":{"name":"(anonymous_1)","decl":{"start":{"line":33,"column":36},"end":{"line":33,"column":37}},"loc":{"start":{"line":33,"column":56},"end":{"line":49,"column":1}},"line":33},"2":{"name":"(anonymous_2)","decl":{"start":{"line":52,"column":34},"end":{"line":52,"column":35}},"loc":{"start":{"line":52,"column":54},"end":{"line":68,"column":1}},"line":52},"3":{"name":"(anonymous_3)","decl":{"start":{"line":71,"column":38},"end":{"line":71,"column":39}},"loc":{"start":{"line":71,"column":58},"end":{"line":85,"column":1}},"line":71}},"branchMap":{"0":{"loc":{"start":{"line":7,"column":12},"end":{"line":9,"column":13}},"type":"if","locations":[{"start":{"line":7,"column":12},"end":{"line":9,"column":13}},{"start":{},"end":{}}],"line":7},"1":{"loc":{"start":{"line":7,"column":16},"end":{"line":7,"column":49}},"type":"binary-expr","locations":[{"start":{"line":7,"column":16},"end":{"line":7,"column":28}},{"start":{"line":7,"column":32},"end":{"line":7,"column":49}}],"line":7},"2":{"loc":{"start":{"line":15,"column":27},"end":{"line":15,"column":79}},"type":"cond-expr","locations":[{"start":{"line":15,"column":63},"end":{"line":15,"column":72}},{"start":{"line":15,"column":75},"end":{"line":15,"column":79}}],"line":15},"3":{"loc":{"start":{"line":16,"column":29},"end":{"line":16,"column":80}},"type":"cond-expr","locations":[{"start":{"line":16,"column":62},"end":{"line":16,"column":73}},{"start":{"line":16,"column":76},"end":{"line":16,"column":80}}],"line":16},"4":{"loc":{"start":{"line":54,"column":19},"end":{"line":54,"column":41}},"type":"binary-expr","locations":[{"start":{"line":54,"column":19},"end":{"line":54,"column":35}},{"start":{"line":54,"column":39},"end":{"line":54,"column":41}}],"line":54},"5":{"loc":{"start":{"line":74,"column":12},"end":{"line":76,"column":13}},"type":"if","locations":[{"start":{"line":74,"column":12},"end":{"line":76,"column":13}},{"start":{},"end":{}}],"line":74},"6":{"loc":{"start":{"line":74,"column":16},"end":{"line":74,"column":80}},"type":"binary-expr","locations":[{"start":{"line":74,"column":16},"end":{"line":74,"column":48}},{"start":{"line":74,"column":52},"end":{"line":74,"column":80}}],"line":74},"7":{"loc":{"start":{"line":78,"column":12},"end":{"line":80,"column":13}},"type":"if","locations":[{"start":{"line":78,"column":12},"end":{"line":80,"column":13}},{"start":{},"end":{}}],"line":78}},"s":{"0":0,"1":0,"2":0,"3":0,"4":0,"5":0,"6":0,"7":0,"8":0,"9":0,"10":0,"11":0,"12":0,"13":0,"14":0,"15":0,"16":0,"17":0,"18":0,"19":0,"20":0,"21":0,"22":0,"23":0,"24":0,"25":0,"26":0,"27":0,"28":0,"29":0,"30":0,"31":0,"32":0},"f":{"0":0,"1":0,"2":0,"3":0},"b":{"0":[0,0],"1":[0,0],"2":[0,0],"3":[0,0],"4":[0,0],"5":[0,0],"6":[0,0],"7":[0,0]}}
,"C:\\Users\\VTR\\Documents\\GitHub\\jota\\sys-npj-1\\backend\\controllers\\autorizacaoControllers.js": {"path":"C:\\Users\\VTR\\Documents\\GitHub\\jota\\sys-npj-1\\backend\\controllers\\autorizacaoControllers.js","statementMap":{"0":{"start":{"line":2,"column":21},"end":{"line":2,"column":60}},"1":{"start":{"line":3,"column":65},"end":{"line":3,"column":94}},"2":{"start":{"line":4,"column":15},"end":{"line":4,"column":35}},"3":{"start":{"line":7,"column":0},"end":{"line":28,"column":2}},"4":{"start":{"line":8,"column":2},"end":{"line":27,"column":3}},"5":{"start":{"line":9,"column":29},"end":{"line":9,"column":37}},"6":{"start":{"line":10,"column":4},"end":{"line":10,"column":93}},"7":{"start":{"line":10,"column":23},"end":{"line":10,"column":93}},"8":{"start":{"line":13,"column":21},"end":{"line":13,"column":136}},"9":{"start":{"line":14,"column":4},"end":{"line":14,"column":96}},"10":{"start":{"line":14,"column":19},"end":{"line":14,"column":96}},"11":{"start":{"line":17,"column":20},"end":{"line":17,"column":88}},"12":{"start":{"line":18,"column":4},"end":{"line":18,"column":83}},"13":{"start":{"line":18,"column":18},"end":{"line":18,"column":83}},"14":{"start":{"line":21,"column":21},"end":{"line":21,"column":70}},"15":{"start":{"line":22,"column":4},"end":{"line":22,"column":57}},"16":{"start":{"line":23,"column":4},"end":{"line":23,"column":41}},"17":{"start":{"line":25,"column":4},"end":{"line":25,"column":43}},"18":{"start":{"line":26,"column":4},"end":{"line":26,"column":68}},"19":{"start":{"line":31,"column":0},"end":{"line":41,"column":2}},"20":{"start":{"line":37,"column":23},"end":{"line":37,"column":49}},"21":{"start":{"line":38,"column":20},"end":{"line":38,"column":120}},"22":{"start":{"line":39,"column":2},"end":{"line":39,"column":97}},"23":{"start":{"line":40,"column":2},"end":{"line":40,"column":67}},"24":{"start":{"line":42,"column":55},"end":{"line":42,"column":87}},"25":{"start":{"line":43,"column":50},"end":{"line":43,"column":79}},"26":{"start":{"line":44,"column":35},"end":{"line":44,"column":70}},"27":{"start":{"line":45,"column":28},"end":{"line":45,"column":76}},"28":{"start":{"line":46,"column":31},"end":{"line":46,"column":35}},"29":{"start":{"line":49,"column":0},"end":{"line":62,"column":2}},"30":{"start":{"line":50,"column":2},"end":{"line":61,"column":3}},"31":{"start":{"line":51,"column":44},"end":{"line":51,"column":52}},"32":{"start":{"line":52,"column":29},"end":{"line":52,"column":72}},"33":{"start":{"line":53,"column":4},"end":{"line":55,"column":5}},"34":{"start":{"line":54,"column":6},"end":{"line":54,"column":68}},"35":{"start":{"line":56,"column":22},"end":{"line":56,"column":44}},"36":{"start":{"line":57,"column":20},"end":{"line":57,"column":84}},"37":{"start":{"line":58,"column":4},"end":{"line":58,"column":45}},"38":{"start":{"line":60,"column":4},"end":{"line":60,"column":50}},"39":{"start":{"line":65,"column":0},"end":{"line":93,"column":2}},"40":{"start":{"line":66,"column":2},"end":{"line":92,"column":3}},"41":{"start":{"line":67,"column":29},"end":{"line":67,"column":37}},"42":{"start":{"line":68,"column":20},"end":{"line":68,"column":103}},"43":{"start":{"line":69,"column":4},"end":{"line":71,"column":5}},"44":{"start":{"line":70,"column":6},"end":{"line":70,"column":76}},"45":{"start":{"line":72,"column":24},"end":{"line":72,"column":66}},"46":{"start":{"line":73,"column":4},"end":{"line":75,"column":5}},"47":{"start":{"line":74,"column":6},"end":{"line":74,"column":70}},"48":{"start":{"line":76,"column":18},"end":{"line":79,"column":6}},"49":{"start":{"line":80,"column":4},"end":{"line":89,"column":7}},"50":{"start":{"line":91,"column":4},"end":{"line":91,"column":69}},"51":{"start":{"line":96,"column":0},"end":{"line":120,"column":2}},"52":{"start":{"line":97,"column":2},"end":{"line":119,"column":3}},"53":{"start":{"line":98,"column":22},"end":{"line":98,"column":30}},"54":{"start":{"line":99,"column":20},"end":{"line":99,"column":63}},"55":{"start":{"line":102,"column":4},"end":{"line":104,"column":5}},"56":{"start":{"line":103,"column":6},"end":{"line":103,"column":91}},"57":{"start":{"line":107,"column":18},"end":{"line":113,"column":5}},"58":{"start":{"line":115,"column":4},"end":{"line":115,"column":47}},"59":{"start":{"line":116,"column":4},"end":{"line":116,"column":56}},"60":{"start":{"line":118,"column":4},"end":{"line":118,"column":50}},"61":{"start":{"line":123,"column":0},"end":{"line":137,"column":2}},"62":{"start":{"line":126,"column":4},"end":{"line":135,"column":5}},"63":{"start":{"line":127,"column":28},"end":{"line":127,"column":36}},"64":{"start":{"line":130,"column":6},"end":{"line":130,"column":62}},"65":{"start":{"line":132,"column":6},"end":{"line":132,"column":61}},"66":{"start":{"line":134,"column":6},"end":{"line":134,"column":52}},"67":{"start":{"line":140,"column":0},"end":{"line":153,"column":2}},"68":{"start":{"line":141,"column":2},"end":{"line":152,"column":3}},"69":{"start":{"line":142,"column":28},"end":{"line":142,"column":73}},"70":{"start":{"line":143,"column":4},"end":{"line":149,"column":7}},"71":{"start":{"line":151,"column":4},"end":{"line":151,"column":50}}},"fnMap":{"0":{"name":"(anonymous_0)","decl":{"start":{"line":7,"column":23},"end":{"line":7,"column":24}},"loc":{"start":{"line":7,"column":43},"end":{"line":28,"column":1}},"line":7},"1":{"name":"(anonymous_1)","decl":{"start":{"line":31,"column":16},"end":{"line":31,"column":17}},"loc":{"start":{"line":31,"column":36},"end":{"line":41,"column":1}},"line":31},"2":{"name":"(anonymous_2)","decl":{"start":{"line":49,"column":20},"end":{"line":49,"column":21}},"loc":{"start":{"line":49,"column":40},"end":{"line":62,"column":1}},"line":49},"3":{"name":"(anonymous_3)","decl":{"start":{"line":65,"column":16},"end":{"line":65,"column":17}},"loc":{"start":{"line":65,"column":36},"end":{"line":93,"column":1}},"line":65},"4":{"name":"(anonymous_4)","decl":{"start":{"line":96,"column":31},"end":{"line":96,"column":32}},"loc":{"start":{"line":96,"column":51},"end":{"line":120,"column":1}},"line":96},"5":{"name":"(anonymous_5)","decl":{"start":{"line":125,"column":2},"end":{"line":125,"column":3}},"loc":{"start":{"line":125,"column":22},"end":{"line":136,"column":3}},"line":125},"6":{"name":"(anonymous_6)","decl":{"start":{"line":140,"column":17},"end":{"line":140,"column":18}},"loc":{"start":{"line":140,"column":37},"end":{"line":153,"column":1}},"line":140}},"branchMap":{"0":{"loc":{"start":{"line":10,"column":4},"end":{"line":10,"column":93}},"type":"if","locations":[{"start":{"line":10,"column":4},"end":{"line":10,"column":93}},{"start":{},"end":{}}],"line":10},"1":{"loc":{"start":{"line":14,"column":4},"end":{"line":14,"column":96}},"type":"if","locations":[{"start":{"line":14,"column":4},"end":{"line":14,"column":96}},{"start":{},"end":{}}],"line":14},"2":{"loc":{"start":{"line":18,"column":4},"end":{"line":18,"column":83}},"type":"if","locations":[{"start":{"line":18,"column":4},"end":{"line":18,"column":83}},{"start":{},"end":{}}],"line":18},"3":{"loc":{"start":{"line":38,"column":52},"end":{"line":38,"column":95}},"type":"binary-expr","locations":[{"start":{"line":38,"column":52},"end":{"line":38,"column":88}},{"start":{"line":38,"column":92},"end":{"line":38,"column":95}}],"line":38},"4":{"loc":{"start":{"line":53,"column":4},"end":{"line":55,"column":5}},"type":"if","locations":[{"start":{"line":53,"column":4},"end":{"line":55,"column":5}},{"start":{},"end":{}}],"line":53},"5":{"loc":{"start":{"line":69,"column":4},"end":{"line":71,"column":5}},"type":"if","locations":[{"start":{"line":69,"column":4},"end":{"line":71,"column":5}},{"start":{},"end":{}}],"line":69},"6":{"loc":{"start":{"line":73,"column":4},"end":{"line":75,"column":5}},"type":"if","locations":[{"start":{"line":73,"column":4},"end":{"line":75,"column":5}},{"start":{},"end":{}}],"line":73},"7":{"loc":{"start":{"line":102,"column":4},"end":{"line":104,"column":5}},"type":"if","locations":[{"start":{"line":102,"column":4},"end":{"line":104,"column":5}},{"start":{},"end":{}}],"line":102},"8":{"loc":{"start":{"line":147,"column":12},"end":{"line":147,"column":72}},"type":"cond-expr","locations":[{"start":{"line":147,"column":35},"end":{"line":147,"column":60}},{"start":{"line":147,"column":63},"end":{"line":147,"column":72}}],"line":147}},"s":{"0":0,"1":0,"2":0,"3":0,"4":0,"5":0,"6":0,"7":0,"8":0,"9":0,"10":0,"11":0,"12":0,"13":0,"14":0,"15":0,"16":0,"17":0,"18":0,"19":0,"20":0,"21":0,"22":0,"23":0,"24":0,"25":0,"26":0,"27":0,"28":0,"29":0,"30":0,"31":0,"32":0,"33":0,"34":0,"35":0,"36":0,"37":0,"38":0,"39":0,"40":0,"41":0,"42":0,"43":0,"44":0,"45":0,"46":0,"47":0,"48":0,"49":0,"50":0,"51":0,"52":0,"53":0,"54":0,"55":0,"56":0,"57":0,"58":0,"59":0,"60":0,"61":0,"62":0,"63":0,"64":0,"65":0,"66":0,"67":0,"68":0,"69":0,"70":0,"71":0},"f":{"0":0,"1":0,"2":0,"3":0,"4":0,"5":0,"6":0},"b":{"0":[0,0],"1":[0,0],"2":[0,0],"3":[0,0],"4":[0,0],"5":[0,0],"6":[0,0],"7":[0,0],"8":[0,0]}}
,"C:\\Users\\VTR\\Documents\\GitHub\\jota\\sys-npj-1\\backend\\controllers\\processoControllers.js": {"path":"C:\\Users\\VTR\\Documents\\GitHub\\jota\\sys-npj-1\\backend\\controllers\\processoControllers.js","statementMap":{"0":{"start":{"line":12,"column":4},"end":{"line":12,"column":36}},"1":{"start":{"line":15,"column":4},"end":{"line":52,"column":5}},"2":{"start":{"line":16,"column":8},"end":{"line":51,"column":9}},"3":{"start":{"line":17,"column":36},"end":{"line":17,"column":46}},"4":{"start":{"line":18,"column":35},"end":{"line":18,"column":43}},"5":{"start":{"line":19,"column":12},"end":{"line":21,"column":13}},"6":{"start":{"line":20,"column":16},"end":{"line":20,"column":91}},"7":{"start":{"line":23,"column":29},"end":{"line":23,"column":65}},"8":{"start":{"line":24,"column":12},"end":{"line":26,"column":13}},"9":{"start":{"line":25,"column":16},"end":{"line":25,"column":82}},"10":{"start":{"line":29,"column":36},"end":{"line":29,"column":38}},"11":{"start":{"line":30,"column":12},"end":{"line":34,"column":13}},"12":{"start":{"line":31,"column":16},"end":{"line":33,"column":17}},"13":{"start":{"line":32,"column":20},"end":{"line":32,"column":104}},"14":{"start":{"line":35,"column":12},"end":{"line":35,"column":50}},"15":{"start":{"line":38,"column":12},"end":{"line":45,"column":13}},"16":{"start":{"line":39,"column":16},"end":{"line":44,"column":19}},"17":{"start":{"line":47,"column":12},"end":{"line":47,"column":80}},"18":{"start":{"line":49,"column":12},"end":{"line":49,"column":64}},"19":{"start":{"line":50,"column":12},"end":{"line":50,"column":74}},"20":{"start":{"line":55,"column":4},"end":{"line":96,"column":5}},"21":{"start":{"line":56,"column":8},"end":{"line":95,"column":9}},"22":{"start":{"line":72,"column":16},"end":{"line":72,"column":24}},"23":{"start":{"line":73,"column":12},"end":{"line":75,"column":13}},"24":{"start":{"line":74,"column":16},"end":{"line":74,"column":95}},"25":{"start":{"line":76,"column":29},"end":{"line":91,"column":14}},"26":{"start":{"line":92,"column":12},"end":{"line":92,"column":43}},"27":{"start":{"line":94,"column":12},"end":{"line":94,"column":58}},"28":{"start":{"line":99,"column":4},"end":{"line":118,"column":5}},"29":{"start":{"line":100,"column":8},"end":{"line":117,"column":9}},"30":{"start":{"line":101,"column":54},"end":{"line":101,"column":62}},"31":{"start":{"line":102,"column":12},"end":{"line":104,"column":13}},"32":{"start":{"line":103,"column":16},"end":{"line":103,"column":105}},"33":{"start":{"line":105,"column":12},"end":{"line":107,"column":13}},"34":{"start":{"line":106,"column":16},"end":{"line":106,"column":71}},"35":{"start":{"line":109,"column":12},"end":{"line":109,"column":71}},"36":{"start":{"line":110,"column":12},"end":{"line":110,"column":68}},"37":{"start":{"line":112,"column":12},"end":{"line":112,"column":62}},"38":{"start":{"line":113,"column":12},"end":{"line":115,"column":13}},"39":{"start":{"line":114,"column":16},"end":{"line":114,"column":69}},"40":{"start":{"line":116,"column":12},"end":{"line":116,"column":58}},"41":{"start":{"line":121,"column":4},"end":{"line":151,"column":5}},"42":{"start":{"line":122,"column":8},"end":{"line":150,"column":9}},"43":{"star
[...]
ne":56,"column":13},"end":{"line":56,"column":24}},"39":{"start":{"line":57,"column":2},"end":{"line":61,"column":3}},"40":{"start":{"line":58,"column":4},"end":{"line":58,"column":50}},"41":{"start":{"line":60,"column":4},"end":{"line":60,"column":15}},"42":{"start":{"line":65,"column":27},"end":{"line":70,"column":1}},"43":{"start":{"line":66,"column":2},"end":{"line":68,"column":3}},"44":{"start":{"line":67,"column":4},"end":{"line":67,"column":61}},"45":{"start":{"line":69,"column":2},"end":{"line":69,"column":22}},"46":{"start":{"line":73,"column":28},"end":{"line":122,"column":1}},"47":{"start":{"line":125,"column":30},"end":{"line":138,"column":1}},"48":{"start":{"line":126,"column":21},"end":{"line":126,"column":40}},"49":{"start":{"line":127,"column":2},"end":{"line":137,"column":3}},"50":{"start":{"line":129,"column":6},"end":{"line":129,"column":49}},"51":{"start":{"line":131,"column":6},"end":{"line":131,"column":49}},"52":{"start":{"line":134,"column":6},"end":{"line":134,"column":49}},"53":{"start":{"line":136,"column":6},"end":{"line":136,"column":49}}},"fnMap":{"0":{"name":"(anonymous_0)","decl":{"start":{"line":2,"column":27},"end":{"line":2,"column":28}},"loc":{"start":{"line":2,"column":37},"end":{"line":18,"column":1}},"line":2},"1":{"name":"(anonymous_1)","decl":{"start":{"line":21,"column":23},"end":{"line":21,"column":24}},"loc":{"start":{"line":21,"column":40},"end":{"line":27,"column":1}},"line":21},"2":{"name":"(anonymous_2)","decl":{"start":{"line":30,"column":23},"end":{"line":30,"column":24}},"loc":{"start":{"line":30,"column":33},"end":{"line":30,"column":55}},"line":30},"3":{"name":"(anonymous_3)","decl":{"start":{"line":33,"column":27},"end":{"line":33,"column":28}},"loc":{"start":{"line":33,"column":37},"end":{"line":33,"column":63}},"line":33},"4":{"name":"(anonymous_4)","decl":{"start":{"line":36,"column":23},"end":{"line":36,"column":24}},"loc":{"start":{"line":36,"column":33},"end":{"line":36,"column":55}},"line":36},"5":{"name":"(anonymous_5)","decl":{"start":{"line":39,"column":32},"end":{"line":39,"column":33}},"loc":{"start":{"line":39,"column":42},"end":{"line":39,"column":79}},"line":39},"6":{"name":"(anonymous_6)","decl":{"start":{"line":42,"column":30},"end":{"line":42,"column":31}},"loc":{"start":{"line":42,"column":40},"end":{"line":42,"column":77}},"line":42},"7":{"name":"(anonymous_7)","decl":{"start":{"line":45,"column":26},"end":{"line":45,"column":27}},"loc":{"start":{"line":45,"column":36},"end":{"line":52,"column":1}},"line":45},"8":{"name":"(anonymous_8)","decl":{"start":{"line":55,"column":30},"end":{"line":55,"column":31}},"loc":{"start":{"line":55,"column":40},"end":{"line":62,"column":1}},"line":55},"9":{"name":"(anonymous_9)","decl":{"start":{"line":65,"column":27},"end":{"line":65,"column":28}},"loc":{"start":{"line":65,"column":38},"end":{"line":70,"column":1}},"line":65},"10":{"name":"(anonymous_10)","decl":{"start":{"line":125,"column":30},"end":{"line":125,"column":31}},"loc":{"start":{"line":125,"column":42},"end":{"line":138,"column":1}},"line":125}},"branchMap":{"0":{"loc":{"start":{"line":3,"column":2},"end":{"line":3,"column":25}},"type":"if","locations":[{"start":{"line":3,"column":2},"end":{"line":3,"column":25}},{"start":{},"end":{}}],"line":3},"1":{"loc":{"start":{"line":5,"column":2},"end":{"line":7,"column":3}},"type":"if","locations":[{"start":{"line":5,"column":2},"end":{"line":7,"column":3}},{"start":{},"end":{}}],"line":5},"2":{"loc":{"start":{"line":9,"column":2},"end":{"line":11,"column":3}},"type":"if","locations":[{"start":{"line":9,"column":2},"end":{"line":11,"column":3}},{"start":{},"end":{}}],"line":9},"3":{"loc":{"start":{"line":9,"column":6},"end":{"line":9,"column":48}},"type":"binary-expr","locations":[{"start":{"line":9,"column":6},"end":{"line":9,"column":15}},{"start":{"line":9,"column":19},"end":{"line":9,"column":48}}],"line":9},"4":{"loc":{"start":{"line":10,"column":11},"end":{"line":10,"column":51}},"type":"binary-expr","locations":[{"start":{"line":10,"column":11},"end":{"line":10,"column":25}},{"start":{"line":10,"column":29},"end":{"line":10,"column":43}},{"start":{"line":10,"column":47},"end":{"line":10,"column":51}}],"line":10},"5":{"loc":{"start":{"line":13,"column":2},"end":{"line":13,"column":41}},"type":"if","locations":[{"start":{"line":13,"column":2},"end":{"line":13,"column":41}},{"start":{},"end":{}}],"line":13},"6":{"loc":{"start":{"line":14,"column":2},"end":{"line":14,"column":41}},"type":"if","locations":[{"start":{"line":14,"column":2},"end":{"line":14,"column":41}},{"start":{},"end":{}}],"line":14},"7":{"loc":{"start":{"line":15,"column":2},"end":{"line":15,"column":45}},"type":"if","locations":[{"start":{"line":15,"column":2},"end":{"line":15,"column":45}},{"start":{},"end":{}}],"line":15},"8":{"loc":{"start":{"line":23,"column":2},"end":{"line":23,"column":30}},"type":"if","locations":[{"start":{"line":23,"column":2},"end":{"line":23,"column":30}},{"start":{},"end":{}}],"line":23},"9":{"loc":{"start":{"line":25,"column":23},"end":{"line":25,"column":61}},"type":"cond-expr","locations":[{"start":{"line":25,"column":46},"end":{"line":25,"column":51}},{"start":{"line":25,"column":54},"end":{"line":25,"column":61}}],"line":25},"10":{"loc":{"start":{"line":46,"column":2},"end":{"line":46,"column":24}},"type":"if","locations":[{"start":{"line":46,"column":2},"end":{"line":46,"column":24}},{"start":{},"end":{}}],"line":46},"11":{"loc":{"start":{"line":56,"column":2},"end":{"line":56,"column":24}},"type":"if","locations":[{"start":{"line":56,"column":2},"end":{"line":56,"column":24}},{"start":{},"end":{}}],"line":56},"12":{"loc":{"start":{"line":66,"column":2},"end":{"line":68,"column":3}},"type":"if","locations":[{"start":{"line":66,"column":2},"end":{"line":68,"column":3}},{"start":{},"end":{}}],"line":66},"13":{"loc":{"start":{"line":66,"column":6},"end":{"line":66,"column":49}},"type":"binary-expr","locations":[{"start":{"line":66,"column":6},"end":{"line":66,"column":31}},{"start":{"line":66,"column":35},"end":{"line":66,"column":49}}],"line":66},"14":{"loc":{"start":{"line":67,"column":11},"end":{"line":67,"column":60}},"type":"binary-expr","locations":[{"start":{"line":67,"column":11},"end":{"line":67,"column":21}},{"start":{"line":67,"column":25},"end":{"line":67,"column":35}},{"start":{"line":67,"column":39},"end":{"line":67,"column":60}}],"line":67},"15":{"loc":{"start":{"line":69,"column":9},"end":{"line":69,"column":21}},"type":"binary-expr","locations":[{"start":{"line":69,"column":9},"end":{"line":69,"column":14}},{"start":{"line":69,"column":18},"end":{"line":69,"column":21}}],"line":69},"16":{"loc":{"start":{"line":127,"column":2},"end":{"line":137,"column":3}},"type":"switch","locations":[{"start":{"line":128,"column":4},"end":{"line":129,"column":49}},{"start":{"line":130,"column":4},"end":{"line":131,"column":49}},{"start":{"line":132,"column":4},"end":{"line":132,"column":19}},{"start":{"line":133,"column":4},"end":{"line":134,"column":49}},{"start":{"line":135,"column":4},"end":{"line":136,"column":49}}],"line":127}},"s":{"0":0,"1":0,"2":0,"3":0,"4":0,"5":0,"6":0,"7":0,"8":0,"9":0,"10":0,"11":0,"12":0,"13":0,"14":0,"15":0,"16":0,"17":0,"18":0,"19":0,"20":0,"21":0,"22":0,"23":0,"24":0,"25":0,"26":0,"27":0,"28":0,"29":0,"30":0,"31":0,"32":0,"33":0,"34":0,"35":0,"36":0,"37":0,"38":0,"39":0,"40":0,"41":0,"42":0,"43":0,"44":0,"45":0,"46":0,"47":0,"48":0,"49":0,"50":0,"51":0,"52":0,"53":0},"f":{"0":0,"1":0,"2":0,"3":0,"4":0,"5":0,"6":0,"7":0,"8":0,"9":0,"10":0},"b":{"0":[0,0],"1":[0,0],"2":[0,0],"3":[0,0],"4":[0,0,0],"5":[0,0],"6":[0,0],"7":[0,0],"8":[0,0],"9":[0,0],"10":[0,0],"11":[0,0],"12":[0,0],"13":[0,0],"14":[0,0,0],"15":[0,0],"16":[0,0,0,0,0]}}
,"C:\\Users\\VTR\\Documents\\GitHub\\jota\\sys-npj-1\\frontend\\src\\utils\\constants.js": {"path":"C:\\Users\\VTR\\Documents\\GitHub\\jota\\sys-npj-1\\frontend\\src\\utils\\constants.js","statementMap":{"0":{"start":{"line":3,"column":28},"end":{"line":3,"column":84}},"1":{"start":{"line":4,"column":24},"end":{"line":4,"column":37}}},"fnMap":{},"branchMap":{"0":{"loc":{"start":{"line":3,"column":28},"end":{"line":3,"column":84}},"type":"binary-expr","locations":[{"start":{"line":3,"column":28},"end":{"line":3,"column":57}},{"start":{"line":3,"column":61},"end":{"line":3,"column":84}}],"line":3}},"s":{"0":0,"1":0},"f":{},"b":{"0":[0,0]}}
,"C:\\Users\\VTR\\Documents\\GitHub\\jota\\sys-npj-1\\frontend\\src\\utils\\fileUrl.js": {"path":"C:\\Users\\VTR\\Documents\\GitHub\\jota\\sys-npj-1\\frontend\\src\\utils\\fileUrl.js","statementMap":{"0":{"start":{"line":3,"column":2},"end":{"line":3,"column":26}},"1":{"start":{"line":3,"column":16},"end":{"line":3,"column":26}},"2":{"start":{"line":5,"column":14},"end":{"line":5,"column":85}},"3":{"start":{"line":6,"column":18},"end":{"line":6,"column":93}},"4":{"start":{"line":7,"column":2},"end":{"line":7,"column":31}}},"fnMap":{"0":{"name":"getFileUrl","decl":{"start":{"line":2,"column":16},"end":{"line":2,"column":26}},"loc":{"start":{"line":2,"column":36},"end":{"line":8,"column":1}},"line":2}},"branchMap":{"0":{"loc":{"start":{"line":3,"column":2},"end":{"line":3,"column":26}},"type":"if","locations":[{"start":{"line":3,"column":2},"end":{"line":3,"column":26}},{"start":{},"end":{}}],"line":3},"1":{"loc":{"start":{"line":6,"column":18},"end":{"line":6,"column":93}},"type":"binary-expr","locations":[{"start":{"line":6,"column":18},"end":{"line":6,"column":66}},{"start":{"line":6,"column":70},"end":{"line":6,"column":93}}],"line":6}},"s":{"0":0,"1":0,"2":0,"3":0,"4":0},"f":{"0":0},"b":{"0":[0,0],"1":[0,0]}}
,"C:\\Users\\VTR\\Documents\\GitHub\\jota\\sys-npj-1\\frontend\\src\\utils\\formatters.js": {"path":"C:\\Users\\VTR\\Documents\\GitHub\\jota\\sys-npj-1\\frontend\\src\\utils\\formatters.js","statementMap":{"0":{"start":{"line":4,"column":2},"end":{"line":4,"column":26}},"1":{"start":{"line":4,"column":16},"end":{"line":4,"column":26}},"2":{"start":{"line":5,"column":15},"end":{"line":5,"column":32}},"3":{"start":{"line":6,"column":2},"end":{"line":6,"column":42}},"4":{"start":{"line":10,"column":2},"end":{"line":10,"column":43}},"5":{"start":{"line":10,"column":33},"end":{"line":10,"column":43}},"6":{"start":{"line":11,"column":2},"end":{"line":11,"column":79}}},"fnMap":{"0":{"name":"formatDate","decl":{"start":{"line":3,"column":16},"end":{"line":3,"column":26}},"loc":{"start":{"line":3,"column":36},"end":{"line":7,"column":1}},"line":3},"1":{"name":"formatCurrency","decl":{"start":{"line":9,"column":16},"end":{"line":9,"column":30}},"loc":{"start":{"line":9,"column":38},"end":{"line":12,"column":1}},"line":9}},"branchMap":{"0":{"loc":{"start":{"line":4,"column":2},"end":{"line":4,"column":26}},"type":"if","locations":[{"start":{"line":4,"column":2},"end":{"line":4,"column":26}},{"start":{},"end":{}}],"line":4},"1":{"loc":{"start":{"line":10,"column":2},"end":{"line":10,"column":43}},"type":"if","locations":[{"start":{"line":10,"column":2},"end":{"line":10,"column":43}},{"start":{},"end":{}}],"line":10}},"s":{"0":0,"1":0,"2":0,"3":0,"4":0,"5":0,"6":0},"f":{"0":0,"1":0},"b":{"0":[0,0],"1":[0,0]}}
,"C:\\Users\\VTR\\Documents\\GitHub\\jota\\sys-npj-1\\frontend\\src\\utils\\permissions.js": {"path":"C:\\Users\\VTR\\Documents\\GitHub\\jota\\sys-npj-1\\frontend\\src\\utils\\permissions.js","statementMap":{"0":{"start":{"line":2,"column":2},"end":{"line":2,"column":26}},"1":{"start":{"line":2,"column":13},"end":{"line":2,"column":26}},"2":{"start":{"line":5,"column":2},"end":{"line":12,"column":3}},"3":{"start":{"line":6,"column":20},"end":{"line":6,"column":62}},"4":{"start":{"line":7,"column":21},"end":{"line":7,"column":42}},"5":{"start":{"line":8,"column":4},"end":{"line":10,"column":5}},"6":{"start":{"line":9,"column":6},"end":{"line":9,"column":72}},"7":{"start":{"line":9,"column":28},"end":{"line":9,"column":51}},"8":{"start":{"line":11,"column":4},"end":{"line":11,"column":52}},"9":{"start":{"line":15,"column":2},"end":{"line":15,"column":31}},"10":{"start":{"line":15,"column":18},"end":{"line":15,"column":31}},"11":{"start":{"line":16,"column":25},"end":{"line":16,"column":56}},"12":{"start":{"line":17,"column":2},"end":{"line":19,"column":3}},"13":{"start":{"line":18,"column":4},"end":{"line":18,"column":76}},"14":{"start":{"line":18,"column":26},"end":{"line":18,"column":49}},"15":{"start":{"line":20,"column":2},"end":{"line":20,"column":56}}},"fnMap":{"0":{"name":"hasRole","decl":{"start":{"line":1,"column":16},"end":{"line":1,"column":23}},"loc":{"start":{"line":1,"column":37},"end":{"line":21,"column":1}},"line":1},"1":{"name":"(anonymous_1)","decl":{"start":{"line":9,"column":23},"end":{"line":9,"column":24}},"loc":{"start":{"line":9,"column":28},"end":{"line":9,"column":51}},"line":9},"2":{"name":"(anonymous_2)","decl":{"start":{"line":18,"column":21},"end":{"line":18,"column":22}},"loc":{"start":{"line":18,"column":26},"end":{"line":18,"column":49}},"line":18}},"branchMap":{"0":{"loc":{"start":{"line":2,"column":2},"end":{"line":2,"column":26}},"type":"if","locations":[{"start":{"line":2,"column":2},"end":{"line":2,"column":26}},{"start":{},"end":{}}],"line":2},"1":{"loc":{"start":{"line":5,"column":2},"end":{"line":12,"column":3}},"type":"if","locations":[{"start":{"line":5,"column":2},"end":{"line":12,"column":3}},{"start":{},"end":{}}],"line":5},"2":{"loc":{"start":{"line":8,"column":4},"end":{"line":10,"column":5}},"type":"if","locations":[{"start":{"line":8,"column":4},"end":{"line":10,"column":5}},{"start":{},"end":{}}],"line":8},"3":{"loc":{"start":{"line":15,"column":2},"end":{"line":15,"column":31}},"type":"if","locations":[{"start":{"line":15,"column":2},"end":{"line":15,"column":31}},{"start":{},"end":{}}],"line":15},"4":{"loc":{"start":{"line":17,"column":2},"end":{"line":19,"column":3}},"type":"if","locations":[{"start":{"line":17,"column":2},"end":{"line":19,"column":3}},{"start":{},"end":{}}],"line":17}},"s":{"0":0,"1":0,"2":0,"3":0,"4":0,"5":0,"6":0,"7":0,"8":0,"9":0,"10":0,"11":0,"12":0,"13":0,"14":0,"15":0},"f":{"0":0,"1":0,"2":0},"b":{"0":[0,0],"1":[0,0],"2":[0,0],"3":[0,0],"4":[0,0]}}
,"C:\\Users\\VTR\\Documents\\GitHub\\jota\\sys-npj-1\\frontend\\src\\utils\\request.js": {"path":"C:\\Users\\VTR\\Documents\\GitHub\\jota\\sys-npj-1\\frontend\\src\\utils\\request.js","statementMap":{"0":{"start":{"line":5,"column":14},"end":{"line":5,"column":42}},"1":{"start":{"line":6,"column":25},"end":{"line":9,"column":3}},"2":{"start":{"line":11,"column":19},"end":{"line":15,"column":4}},"3":{"start":{"line":18,"column":2},"end":{"line":22,"column":3}},"4":{"start":{"line":19,"column":4},"end":{"line":19,"column":33}},"5":{"start":{"line":21,"column":4},"end":{"line":21,"column":16}},"6":{"start":{"line":24,"column":2},"end":{"line":26,"column":3}},"7":{"start":{"line":25,"column":4},"end":{"line":25,"column":64}},"8":{"start":{"line":28,"column":2},"end":{"line":28,"column":14}}},"fnMap":{"0":{"name":"request","decl":{"start":{"line":4,"column":22},"end":{"line":4,"column":29}},"loc":{"start":{"line":4,"column":54},"end":{"line":29,"column":1}},"line":4}},"branchMap":{"0":{"loc":{"start":{"line":4,"column":40},"end":{"line":4,"column":52}},"type":"default-arg","locations":[{"start":{"line":4,"column":50},"end":{"line":4,"column":52}}],"line":4},"1":{"loc":{"start":{"line":8,"column":8},"end":{"line":8,"column":29}},"type":"binary-expr","locations":[{"start":{"line":8,"column":8},"end":{"line":8,"column":23}},{"start":{"line":8,"column":27},"end":{"line":8,"column":29}}],"line":8},"2":{"loc":{"start":{"line":24,"column":2},"end":{"line":26,"column":3}},"type":"if","locations":[{"start":{"line":24,"column":2},"end":{"line":26,"column":3}},{"start":{},"end":{}}],"line":24},"3":{"loc":{"start":{"line":25,"column":20},"end":{"line":25,"column":62}},"type":"binary-expr","locations":[{"start":{"line":25,"column":20},"end":{"line":25,"column":33}},{"start":{"line":25,"column":37},"end":{"line":25,"column":62}}],"line":25}},"s":{"0":0,"1":0,"2":0,"3":0,"4":0,"5":0,"6":0,"7":0,"8":0},"f":{"0":0},"b":{"0":[0],"1":[0,0],"2":[0,0],"3":[0,0]}}
,"C:\\Users\\VTR\\Documents\\GitHub\\jota\\sys-npj-1\\frontend\\src\\utils\\validators.js": {"path":"C:\\Users\\VTR\\Documents\\GitHub\\jota\\sys-npj-1\\frontend\\src\\utils\\validators.js","statementMap":{"0":{"start":{"line":4,"column":2},"end":{"line":4,"column":50}},"1":{"start":{"line":8,"column":2},"end":{"line":8,"column":63}},"2":{"start":{"line":12,"column":2},"end":{"line":12,"column":40}},"3":{"start":{"line":16,"column":2},"end":{"line":18,"column":7}},"4":{"start":{"line":17,"column":8},"end":{"line":17,"column":60}},"5":{"start":{"line":20,"column":6},"end":{"line":22,"column":7}},"6":{"start":{"line":21,"column":8},"end":{"line":21,"column":76}},"7":{"start":{"line":24,"column":6},"end":{"line":24,"column":68}},"8":{"start":{"line":25,"column":6},"end":{"line":27,"column":7}},"9":{"start":{"line":26,"column":8},"end":{"line":26,"column":79}},"10":{"start":{"line":28,"column":6},"end":{"line":30,"column":7}},"11":{"start":{"line":29,"column":8},"end":{"line":29,"column":79}},"12":{"start":{"line":31,"column":6},"end":{"line":33,"column":7}},"13":{"start":{"line":32,"column":8},"end":{"line":32,"column":74}},"14":{"start":{"line":34,"column":6},"end":{"line":34,"column":67}}},"fnMap":{"0":{"name":"isEmail","decl":{"start":{"line":3,"column":16},"end":{"line":3,"column":23}},"loc":{"start":{"line":3,"column":31},"end":{"line":5,"column":1}},"line":3},"1":{"name":"isRequired","decl":{"start":{"line":7,"column":16},"end":{"line":7,"column":26}},"loc":{"start":{"line":7,"column":34},"end":{"line":9,"column":1}},"line":7},"2":{"name":"minLength","decl":{"start":{"line":11,"column":16},"end":{"line":11,"column":25}},"loc":{"start":{"line":11,"column":41},"end":{"line":13,"column":1}},"line":11},"3":{"name":"buscarProcessoPorNumero","decl":{"start":{"line":15,"column":16},"end":{"line":15,"column":39}},"loc":{"start":{"line":15,"column":55},"end":{"line":36,"column":1}},"line":15}},"branchMap":{"0":{"loc":{"start":{"line":8,"column":9},"end":{"line":8,"column":62}},"type":"binary-expr","locations":[{"start":{"line":8,"column":9},"end":{"line":8,"column":28}},{"start":{"line":8,"column":32},"end":{"line":8,"column":46}},{"start":{"line":8,"column":50},"end":{"line":8,"column":62}}],"line":8},"1":{"loc":{"start":{"line":12,"column":10},"end":{"line":12,"column":21}},"type":"binary-expr","locations":[{"start":{"line":12,"column":10},"end":{"line":12,"column":15}},{"start":{"line":12,"column":19},"end":{"line":12,"column":21}}],"line":12},"2":{"loc":{"start":{"line":16,"column":2},"end":{"line":18,"column":7}},"type":"if","locations":[{"start":{"line":16,"column":2},"end":{"line":18,"column":7}},{"start":{},"end":{}}],"line":16},"3":{"loc":{"start":{"line":20,"column":6},"end":{"line":22,"column":7}},"type":"if","locations":[{"start":{"line":20,"column":6},"end":{"line":22,"column":7}},{"start":{},"end":{}}],"line":20},"4":{"loc":{"start":{"line":20,"column":10},"end":{"line":20,"column":58}},"type":"binary-expr","locations":[{"start":{"line":20,"column":10},"end":{"line":20,"column":35}},{"start":{"line":20,"column":39},"end":{"line":20,"column":58}}],"line":20},"5":{"loc":{"start":{"line":25,"column":6},"end":{"line":27,"column":7}},"type":"if","locations":[{"start":{"line":25,"column":6},"end":{"line":27,"column":7}},{"start":{},"end":{}}],"line":25},"6":{"loc":{"start":{"line":28,"column":6},"end":{"line":30,"column":7}},"type":"if","locations":[{"start":{"line":28,"column":6},"end":{"line":30,"column":7}},{"start":{},"end":{}}],"line":28},"7":{"loc":{"start":{"line":31,"column":6},"end":{"line":33,"column":7}},"type":"if","locations":[{"start":{"line":31,"column":6},"end":{"line":33,"column":7}},{"start":{},"end":{}}],"line":31}},"s":{"0":0,"1":0,"2":0,"3":0,"4":0,"5":0,"6":0,"7":0,"8":0,"9":0,"10":0,"11":0,"12":0,"13":0,"14":0},"f":{"0":0,"1":0,"2":0,"3":0},"b":{"0":[0,0,0],"1":[0,0],"2":[0,0],"3":[0,0],"4":[0,0],"5":[0,0],"6":[0,0],"7":[0,0]}}
}
