TN:
SF:backend\descobrirSenhaMySQL.js
FN:13,perguntarSenha
FN:14,(anonymous_1)
FN:15,(anonymous_2)
FN:21,testarConexao
FN:38,criarBancoEPopular
FN:218,main
FNF:6
FNH:0
FNDA:0,perguntarSenha
FNDA:0,(anonymous_1)
FNDA:0,(anonymous_2)
FNDA:0,testarConexao
FNDA:0,criarBancoEPopular
FNDA:0,main
DA:1,0
DA:2,0
DA:3,0
DA:6,0
DA:8,0
DA:14,0
DA:15,0
DA:16,0
DA:22,0
DA:28,0
DA:29,0
DA:30,0
DA:31,0
DA:33,0
DA:34,0
DA:40,0
DA:46,0
DA:48,0
DA:49,0
DA:50,0
DA:53,0
DA:60,0
DA:65,0
DA:76,0
DA:81,0
DA:86,0
DA:91,0
DA:96,0
DA:116,0
DA:130,0
DA:131,0
DA:132,0
DA:135,0
DA:136,0
DA:142,0
DA:143,0
DA:144,0
DA:148,0
DA:149,0
DA:150,0
DA:152,0
DA:157,0
DA:158,0
DA:182,0
DA:183,0
DA:184,0
DA:185,0
DA:193,0
DA:194,0
DA:195,0
DA:197,0
DA:204,0
DA:205,0
DA:206,0
DA:207,0
DA:208,0
DA:210,0
DA:213,0
DA:214,0
DA:219,0
DA:222,0
DA:223,0
DA:224,0
DA:225,0
DA:226,0
DA:227,0
DA:228,0
DA:229,0
DA:230,0
DA:232,0
DA:238,0
DA:239,0
DA:241,0
DA:242,0
DA:243,0
DA:244,0
DA:245,0
DA:247,0
DA:250,0
DA:253,0
DA:256,0
LF:81
LH:0
BRDA:149,0,0,0
BRDA:149,0,1,0
BRDA:194,1,0,0
BRDA:194,1,1,0
BRDA:224,2,0,0
BRDA:224,2,1,0
BRDA:242,3,0,0
BRDA:242,3,1,0
BRF:8
BRH:0
end_of_record
TN:
SF:backend\index.js
FN:58,(anonymous_0)
FN:72,(anonymous_1)
FN:74,(anonymous_2)
FN:83,(anonymous_3)
FN:102,(anonymous_4)
FN:123,(anonymous_5)
FN:142,(anonymous_6)
FN:147,(anonymous_7)
FN:161,(anonymous_8)
FN:167,(anonymous_9)
FNF:10
FNH:0
FNDA:0,(anonymous_0)
FNDA:0,(anonymous_1)
FNDA:0,(anonymous_2)
FNDA:0,(anonymous_3)
FNDA:0,(anonymous_4)
FNDA:0,(anonymous_5)
FNDA:0,(anonymous_6)
FNDA:0,(anonymous_7)
FNDA:0,(anonymous_8)
FNDA:0,(anonymous_9)
DA:1,0
DA:2,0
DA:3,0
DA:4,0
DA:5,0
DA:6,0
DA:7,0
DA:8,0
DA:9,0
DA:10,0
DA:11,0
DA:12,0
DA:13,0
DA:15,0
DA:18,0
DA:20,0
DA:25,0
DA:26,0
DA:29,0
DA:35,0
DA:37,0
DA:38,0
DA:39,0
DA:58,0
DA:59,0
DA:60,0
DA:64,0
DA:65,0
DA:72,0
DA:74,0
DA:75,0
DA:76,0
DA:78,0
DA:79,0
DA:83,0
DA:89,0
DA:96,0
DA:99,0
DA:103,0
DA:104,0
DA:107,0
DA:110,0
DA:114,0
DA:115,0
DA:116,0
DA:120,0
DA:123,0
DA:125,0
DA:126,0
DA:128,0
DA:132,0
DA:135,0
DA:136,0
DA:137,0
DA:138,0
DA:139,0
DA:140,0
DA:142,0
DA:143,0
DA:147,0
DA:148,0
DA:151,0
DA:152,0
DA:154,0
DA:155,0
DA:158,0
DA:159,0
DA:161,0
DA:167,0
DA:168,0
LF:70
LH:0
BRDA:75,0,0,0
BRDA:75,0,1,0
BRDA:78,1,0,0
BRDA:78,1,1,0
BRDA:115,2,0,0
BRDA:115,2,1,0
BRDA:125,3,0,0
BRDA:125,3,1,0
BRDA:125,4,0,0
BRDA:125,4,1,0
BRDA:154,5,0,0
BRDA:154,5,1,0
BRDA:155,6,0,0
BRDA:155,6,1,0
BRF:14
BRH:0
end_of_record
TN:
SF:backend\popularComRoot.js
FN:82,popularBancoDeTeste
FNF:1
FNH:0
FNDA:0,popularBancoDeTeste
DA:1,0
DA:2,0
DA:5,0
DA:13,0
DA:18,0
DA:29,0
DA:34,0
DA:39,0
DA:44,0
DA:49,0
DA:69,0
DA:83,0
DA:84,0
DA:85,0
DA:86,0
DA:89,0
DA:90,0
DA:96,0
DA:97,0
DA:98,0
DA:102,0
DA:103,0
DA:104,0
DA:106,0
DA:111,0
DA:112,0
DA:136,0
DA:137,0
DA:138,0
DA:139,0
DA:147,0
DA:148,0
DA:149,0
DA:151,0
DA:156,0
DA:157,0
DA:163,0
DA:164,0
DA:165,0
DA:169,0
DA:170,0
DA:171,0
DA:173,0
DA:178,0
DA:179,0
DA:185,0
DA:186,0
DA:187,0
DA:191,0
DA:192,0
DA:193,0
DA:195,0
DA:200,0
DA:201,0
DA:207,0
DA:208,0
DA:209,0
DA:213,0
DA:214,0
DA:215,0
DA:217,0
DA:222,0
DA:223,0
DA:229,0
DA:230,0
DA:231,0
DA:235,0
DA:236,0
DA:237,0
DA:239,0
DA:244,0
DA:245,0
DA:246,0
DA:294,0
DA:295,0
DA:299,0
DA:300,0
DA:301,0
DA:303,0
DA:308,0
DA:310,0
DA:357,0
DA:358,0
DA:365,0
DA:366,0
DA:368,0
DA:372,0
DA:373,0
DA:374,0
DA:375,0
DA:376,0
DA:377,0
DA:378,0
DA:379,0
DA:380,0
DA:381,0
DA:383,0
DA:384,0
DA:385,0
DA:386,0
DA:389,0
DA:391,0
DA:392,0
DA:393,0
DA:394,0
DA:395,0
DA:396,0
DA:398,0
DA:399,0
DA:400,0
DA:401,0
DA:405,0
DA:408,0
LF:113
LH:0
BRDA:103,0,0,0
BRDA:103,0,1,0
BRDA:148,1,0,0
BRDA:148,1,1,0
BRDA:170,2,0,0
BRDA:170,2,1,0
BRDA:192,3,0,0
BRDA:192,3,1,0
BRDA:214,4,0,0
BRDA:214,4,1,0
BRDA:236,5,0,0
BRDA:236,5,1,0
BRDA:300,6,0,0
BRDA:300,6,1,0
BRDA:365,7,0,0
BRDA:365,7,1,0
BRDA:391,8,0,0
BRDA:391,8,1,0
BRDA:399,9,0,0
BRDA:399,9,1,0
BRF:20
BRH:0
end_of_record
TN:
SF:backend\testSocket.js.js
FN:4,(anonymous_0)
FN:9,(anonymous_1)
FN:13,(anonymous_2)
FNF:3
FNH:0
FNDA:0,(anonymous_0)
FNDA:0,(anonymous_1)
FNDA:0,(anonymous_2)
DA:1,0
DA:2,0
DA:4,0
DA:5,0
DA:6,0
DA:9,0
DA:10,0
DA:13,0
DA:14,0
LF:9
LH:0
BRF:0
BRH:0
end_of_record
TN:
SF:backend\truncateAllTables.js
FN:28,truncateAll
FNF:1
FNH:0
FNDA:0,truncateAll
DA:1,0
DA:3,0
DA:9,0
DA:29,0
DA:30,0
DA:31,0
DA:32,0
DA:33,0
DA:34,0
DA:35,0
DA:36,0
DA:38,0
DA:40,0
DA:42,0
DA:46,0
LF:15
LH:0
BRF:0
BRH:0
end_of_record
TN:
SF:backend\config\config.js
FNF:0
FNH:0
DA:1,0
DA:3,0
LF:2
LH:0
BRF:0
BRH:0
end_of_record
TN:
SF:backend\config\sequelize.js
FNF:0
FNH:0
DA:1,0
DA:2,0
DA:4,0
DA:26,0
LF:4
LH:0
BRF:0
BRH:0
end_of_record
TN:
SF:backend\config\swagger.js
FN:34,(anonymous_0)
FNF:1
FNH:0
FNDA:0,(anonymous_0)
DA:1,0
DA:2,0
DA:4,0
DA:32,0
DA:34,0
DA:35,0
LF:6
LH:0
BRF:0
BRH:0
end_of_record
TN:
SF:backend\controllers\agendamentoControllers.js
FN:10,(anonymous_0)
FN:26,(anonymous_1)
FN:58,(anonymous_2)
FN:129,(anonymous_3)
FN:163,(anonymous_4)
FN:186,(anonymous_5)
FN:213,(anonymous_6)
FN:247,(anonymous_7)
FN:265,(anonymous_8)
FN:315,(anonymous_9)
FN:327,agendarNotificacoes
FNF:11
FNH:0
FNDA:0,(anonymous_0)
FNDA:0,(anonymous_1)
FNDA:0,(anonymous_2)
FNDA:0,(anonymous_3)
FNDA:0,(anonymous_4)
FNDA:0,(anonymous_5)
FNDA:0,(anonymous_6)
FNDA:0,(anonymous_7)
FNDA:0,(anonymous_8)
FNDA:0,(anonymous_9)
FNDA:0,agendarNotificacoes
DA:6,0
DA:7,0
DA:10,0
DA:11,0
DA:12,0
DA:13,0
DA:14,0
DA:16,0
DA:19,0
DA:20,0
DA:21,0
DA:23,0
DA:26,0
DA:27,0
DA:32,0
DA:33,0
DA:34,0
DA:36,0
DA:37,0
DA:42,0
DA:51,0
DA:53,0
DA:58,0
DA:59,0
DA:73,0
DA:75,0
DA:78,0
DA:79,0
DA:80,0
DA:84,0
DA:86,0
DA:89,0
DA:90,0
DA:94,0
DA:111,0
DA:119,0
DA:121,0
DA:123,0
DA:124,0
DA:129,0
DA:130,0
DA:131,0
DA:132,0
DA:134,0
DA:135,0
DA:139,0
DA:140,0
DA:143,0
DA:148,0
DA:155,0
DA:157,0
DA:158,0
DA:163,0
DA:164,0
DA:165,0
DA:166,0
DA:168,0
DA:169,0
DA:173,0
DA:174,0
DA:177,0
DA:178,0
DA:180,0
DA:181,0
DA:186,0
DA:187,0
DA:188,0
DA:189,0
DA:196,0
DA:197,0
DA:201,0
DA:202,0
DA:205,0
DA:207,0
DA:208,0
DA:213,0
DA:214,0
DA:215,0
DA:216,0
DA:217,0
DA:219,0
DA:226,0
DA:227,0
DA:230,0
DA:239,0
DA:241,0
DA:242,0
DA:247,0
DA:248,0
DA:249,0
DA:257,0
DA:259,0
DA:260,0
DA:265,0
DA:266,0
DA:267,0
DA:270,0
DA:271,0
DA:274,0
DA:275,0
DA:278,0
DA:281,0
DA:286,0
DA:287,0
DA:289,0
DA:300,0
DA:309,0
DA:316,0
DA:317,0
DA:321,0
DA:322,0
DA:328,0
DA:329,0
DA:330,0
DA:333,0
DA:335,0
DA:336,0
DA:337,0
DA:339,0
DA:340,0
DA:353,0
DA:354,0
DA:355,0
DA:357,0
DA:358,0
DA:371,0
DA:372,0
DA:373,0
DA:375,0
DA:376,0
DA:390,0
DA:391,0
DA:395,0
LF:133
LH:0
BRDA:19,0,0,0
BRDA:19,0,1,0
BRDA:21,1,0,0
BRDA:21,1,1,0
BRDA:32,2,0,0
BRDA:32,2,1,0
BRDA:33,3,0,0
BRDA:33,3,1,0
BRDA:34,4,0,0
BRDA:34,4,1,0
BRDA:36,5,0,0
BRDA:36,5,1,0
BRDA:36,6,0,0
BRDA:36,6,1,0
BRDA:79,7,0,0
BRDA:79,7,1,0
BRDA:84,8,0,0
BRDA:84,8,1,0
BRDA:89,9,0,0
BRDA:89,9,1,0
BRDA:103,10,0,0
BRDA:103,10,1,0
BRDA:104,11,0,0
BRDA:104,11,1,0
BRDA:105,12,0,0
BRDA:105,12,1,0
BRDA:106,13,0,0
BRDA:106,13,1,0
BRDA:107,14,0,0
BRDA:107,14,1,0
BRDA:134,15,0,0
BRDA:134,15,1,0
BRDA:139,16,0,0
BRDA:139,16,1,0
BRDA:139,17,0,0
BRDA:139,17,1,0
BRDA:168,18,0,0
BRDA:168,18,1,0
BRDA:173,19,0,0
BRDA:173,19,1,0
BRDA:173,20,0,0
BRDA:173,20,1,0
BRDA:196,21,0,0
BRDA:196,21,1,0
BRDA:201,22,0,0
BRDA:201,22,1,0
BRDA:201,23,0,0
BRDA:201,23,1,0
BRDA:226,24,0,0
BRDA:226,24,1,0
BRDA:270,25,0,0
BRDA:270,25,1,0
BRDA:335,26,0,0
BRDA:335,26,1,0
BRDA:339,27,0,0
BRDA:339,27,1,0
BRDA:347,28,0,0
BRDA:347,28,1,0
BRDA:353,29,0,0
BRDA:353,29,1,0
BRDA:357,30,0,0
BRDA:357,30,1,0
BRDA:365,31,0,0
BRDA:365,31,1,0
BRDA:371,32,0,0
BRDA:371,32,1,0
BRDA:375,33,0,0
BRDA:375,33,1,0
BRDA:383,34,0,0
BRDA:383,34,1,0
BRDA:390,35,0,0
BRDA:390,35,1,0
BRF:72
BRH:0
end_of_record
TN:
SF:backend\controllers\arquivoControllers.js
FN:7,(anonymous_0)
FN:36,(anonymous_1)
FN:49,(anonymous_2)
FN:66,(anonymous_3)
FN:83,(anonymous_4)
FN:105,(anonymous_5)
FNF:6
FNH:0
FNDA:0,(anonymous_0)
FNDA:0,(anonymous_1)
FNDA:0,(anonymous_2)
FNDA:0,(anonymous_3)
FNDA:0,(anonymous_4)
FNDA:0,(anonymous_5)
DA:1,0
DA:2,0
DA:5,0
DA:8,0
DA:9,0
DA:10,0
DA:14,0
DA:15,0
DA:16,0
DA:17,0
DA:26,0
DA:27,0
DA:30,0
DA:36,0
DA:37,0
DA:38,0
DA:39,0
DA:40,0
DA:41,0
DA:42,0
DA:43,0
DA:45,0
DA:49,0
DA:50,0
DA:51,0
DA:52,0
DA:59,0
DA:61,0
DA:66,0
DA:67,0
DA:68,0
DA:69,0
DA:76,0
DA:78,0
DA:83,0
DA:84,0
DA:85,0
DA:88,0
DA:89,0
DA:91,0
DA:92,0
DA:96,0
DA:98,0
DA:100,0
DA:105,0
DA:106,0
DA:107,0
DA:108,0
DA:110,0
DA:111,0
DA:115,0
DA:116,0
DA:118,0
DA:120,0
LF:54
LH:0
BRDA:9,0,0,0
BRDA:9,0,1,0
BRDA:16,1,0,0
BRDA:16,1,1,0
BRDA:22,2,0,0
BRDA:22,2,1,0
BRDA:22,3,0,0
BRDA:22,3,1,0
BRDA:40,4,0,0
BRDA:40,4,1,0
BRDA:91,5,0,0
BRDA:91,5,1,0
BRDA:91,6,0,0
BRDA:91,6,1,0
BRDA:91,6,2,0
BRDA:91,6,3,0
BRDA:110,7,0,0
BRDA:110,7,1,0
BRF:18
BRH:0
end_of_record
TN:
SF:backend\controllers\atualizacaoProcessoControllers.js
FN:4,(anonymous_0)
FN:33,(anonymous_1)
FN:52,(anonymous_2)
FN:71,(anonymous_3)
FNF:4
FNH:0
FNDA:0,(anonymous_0)
FNDA:0,(anonymous_1)
FNDA:0,(anonymous_2)
FNDA:0,(anonymous_3)
DA:1,0
DA:4,0
DA:5,0
DA:6,0
DA:7,0
DA:8,0
DA:10,0
DA:11,0
DA:19,0
DA:26,0
DA:28,0
DA:33,0
DA:34,0
DA:35,0
DA:36,0
DA:45,0
DA:47,0
DA:52,0
DA:53,0
DA:54,0
DA:55,0
DA:64,0
DA:66,0
DA:71,0
DA:72,0
DA:73,0
DA:74,0
DA:75,0
DA:77,0
DA:78,0
DA:79,0
DA:81,0
DA:83,0
LF:33
LH:0
BRDA:7,0,0,0
BRDA:7,0,1,0
BRDA:7,1,0,0
BRDA:7,1,1,0
BRDA:15,2,0,0
BRDA:15,2,1,0
BRDA:16,3,0,0
BRDA:16,3,1,0
BRDA:54,4,0,0
BRDA:54,4,1,0
BRDA:74,5,0,0
BRDA:74,5,1,0
BRDA:74,6,0,0
BRDA:74,6,1,0
BRDA:78,7,0,0
BRDA:78,7,1,0
BRF:16
BRH:0
end_of_record
TN:
SF:backend\controllers\autorizacaoControllers.js
FN:7,(anonymous_0)
FN:31,(anonymous_1)
FN:49,(anonymous_2)
FN:65,(anonymous_3)
FN:96,(anonymous_4)
FN:125,(anonymous_5)
FN:140,(anonymous_6)
FNF:7
FNH:0
FNDA:0,(anonymous_0)
FNDA:0,(anonymous_1)
FNDA:0,(anonymous_2)
FNDA:0,(anonymous_3)
FNDA:0,(anonymous_4)
FNDA:0,(anonymous_5)
FNDA:0,(anonymous_6)
DA:2,0
DA:3,0
DA:4,0
DA:7,0
DA:8,0
DA:9,0
DA:10,0
DA:13,0
DA:14,0
DA:17,0
DA:18,0
DA:21,0
DA:22,0
DA:23,0
DA:25,0
DA:26,0
DA:31,0
DA:37,0
DA:38,0
DA:39,0
DA:40,0
DA:42,0
DA:43,0
DA:44,0
DA:45,0
DA:46,0
DA:49,0
DA:50,0
DA:51,0
DA:52,0
DA:53,0
DA:54,0
DA:56,0
DA:57,0
DA:58,0
DA:60,0
DA:65,0
DA:66,0
DA:67,0
DA:68,0
DA:69,0
DA:70,0
DA:72,0
DA:73,0
DA:74,0
DA:76,0
DA:80,0
DA:91,0
DA:96,0
DA:97,0
DA:98,0
DA:99,0
DA:102,0
DA:103,0
DA:107,0
DA:115,0
DA:116,0
DA:118,0
DA:123,0
DA:126,0
DA:127,0
DA:130,0
DA:132,0
DA:134,0
DA:140,0
DA:141,0
DA:142,0
DA:143,0
DA:151,0
LF:69
LH:0
BRDA:10,0,0,0
BRDA:10,0,1,0
BRDA:14,1,0,0
BRDA:14,1,1,0
BRDA:18,2,0,0
BRDA:18,2,1,0
BRDA:38,3,0,0
BRDA:38,3,1,0
BRDA:53,4,0,0
BRDA:53,4,1,0
BRDA:69,5,0,0
BRDA:69,5,1,0
BRDA:73,6,0,0
BRDA:73,6,1,0
BRDA:102,7,0,0
BRDA:102,7,1,0
BRDA:147,8,0,0
BRDA:147,8,1,0
BRF:18
BRH:0
end_of_record
TN:
SF:backend\controllers\processoControllers.js
FN:15,(anonymous_0)
FN:55,(anonymous_1)
FN:99,(anonymous_2)
FN:121,(anonymous_3)
FN:129,(anonymous_4)
FN:154,(anonymous_5)
FN:171,(anonymous_6)
FN:195,(anonymous_7)
FN:201,(anonymous_8)
FN:222,(anonymous_9)
FN:243,(anonymous_10)
FN:256,(anonymous_11)
FN:268,(anonymous_12)
FNF:13
FNH:0
FNDA:0,(anonymous_0)
FNDA:0,(anonymous_1)
FNDA:0,(anonymous_2)
FNDA:0,(anonymous_3)
FNDA:0,(anonymous_4)
FNDA:0,(anonymous_5)
FNDA:0,(anonymous_6)
FNDA:0,(anonymous_7)
FNDA:0,(anonymous_8)
FNDA:0,(anonymous_9)
FNDA:0,(anonymous_10)
FNDA:0,(anonymous_11)
FNDA:0,(anonymous_12)
DA:12,0
DA:15,0
DA:16,0
DA:17,0
DA:18,0
DA:19,0
DA:20,0
DA:23,0
DA:24,0
DA:25,0
DA:29,0
DA:30,0
DA:31,0
DA:32,0
DA:35,0
DA:38,0
DA:39,0
DA:47,0
DA:49,0
DA:50,0
DA:55,0
DA:56,0
DA:72,0
DA:73,0
DA:74,0
DA:76,0
DA:92,0
DA:94,0
DA:99,0
DA:100,0
DA:101,0
DA:102,0
DA:103,0
DA:105,0
DA:106,0
DA:109,0
DA:110,0
DA:112,0
DA:113,0
DA:114,0
DA:116,0
DA:121,0
DA:122,0
DA:123,0
DA:124,0
DA:125,0
DA:126,0
DA:128,0
DA:129,0
DA:130,0
DA:131,0
DA:133,0
DA:145,0
DA:146,0
DA:148,0
DA:149,0
DA:154,0
DA:155,0
DA:156,0
DA:157,0
DA:158,0
DA:159,0
DA:160,0
DA:162,0
DA:164,0
DA:165,0
DA:167,0
DA:168,0
DA:170,0
DA:171,0
DA:172,0
DA:174,0
DA:188,0
DA:190,0
DA:195,0
DA:196,0
DA:197,0
DA:198,0
DA:200,0
DA:201,0
DA:202,0
DA:214,0
DA:216,0
DA:217,0
DA:222,0
DA:223,0
DA:224,0
DA:225,0
DA:226,0
DA:228,0
DA:229,0
DA:231,0
DA:232,0
DA:233,0
DA:235,0
DA:237,0
DA:238,0
DA:243,0
DA:244,0
DA:245,0
DA:246,0
DA:247,0
DA:248,0
DA:250,0
DA:256,0
DA:260,0
DA:262,0
DA:263,0
DA:268,0
DA:269,0
DA:270,0
DA:271,0
DA:272,0
DA:275,0
DA:290,0
DA:291,0
DA:294,0
DA:295,0
DA:296,0
DA:300,0
DA:305,0
DA:306,0
LF:122
LH:0
BRDA:19,0,0,0
BRDA:19,0,1,0
BRDA:24,1,0,0
BRDA:24,1,1,0
BRDA:31,2,0,0
BRDA:31,2,1,0
BRDA:31,3,0,0
BRDA:31,3,1,0
BRDA:38,4,0,0
BRDA:38,4,1,0
BRDA:73,5,0,0
BRDA:73,5,1,0
BRDA:73,6,0,0
BRDA:73,6,1,0
BRDA:73,6,2,0
BRDA:73,6,3,0
BRDA:73,6,4,0
BRDA:73,6,5,0
BRDA:73,6,6,0
BRDA:73,6,7,0
BRDA:73,6,8,0
BRDA:102,7,0,0
BRDA:102,7,1,0
BRDA:102,8,0,0
BRDA:102,8,1,0
BRDA:102,8,2,0
BRDA:105,9,0,0
BRDA:105,9,1,0
BRDA:113,10,0,0
BRDA:113,10,1,0
BRDA:124,11,0,0
BRDA:124,11,1,0
BRDA:126,12,0,0
BRDA:126,12,1,0
BRDA:157,13,0,0
BRDA:157,13,1,0
BRDA:158,14,0,0
BRDA:158,14,1,0
BRDA:164,15,0,0
BRDA:164,15,1,0
BRDA:167,16,0,0
BRDA:167,16,1,0
BRDA:168,17,0,0
BRDA:168,17,1,0
BRDA:197,18,0,0
BRDA:197,18,1,0
BRDA:225,19,0,0
BRDA:225,19,1,0
BRDA:225,20,0,0
BRDA:225,20,1,0
BRDA:228,21,0,0
BRDA:228,21,1,0
BRDA:232,22,0,0
BRDA:232,22,1,0
BRDA:246,23,0,0
BRDA:246,24,0,0
BRDA:247,25,0,0
BRDA:247,25,1,0
BRDA:247,26,0,0
BRDA:247,26,1,0
BRDA:258,27,0,0
BRDA:258,27,1,0
BRDA:271,28,0,0
BRDA:271,28,1,0
BRDA:290,29,0,0
BRDA:290,29,1,0
BRDA:295,30,0,0
BRDA:295,30,1,0
BRF:68
BRH:0
end_of_record
TN:
SF:backend\controllers\tabelaAuxiliarControllers.js
FN:18,(anonymous_0)
FN:18,(anonymous_1)
FN:32,(anonymous_2)
FN:32,(anonymous_3)
FN:65,(anonymous_4)
FN:65,(anonymous_5)
FNF:6
FNH:0
FNDA:0,(anonymous_0)
FNDA:0,(anonymous_1)
FNDA:0,(anonymous_2)
FNDA:0,(anonymous_3)
FNDA:0,(anonymous_4)
FNDA:0,(anonymous_5)
DA:7,0
DA:10,0
DA:18,0
DA:19,0
DA:20,0
DA:21,0
DA:22,0
DA:23,0
DA:26,0
DA:27,0
DA:32,0
DA:33,0
DA:34,0
DA:35,0
DA:37,0
DA:38,0
DA:39,0
DA:42,0
DA:43,0
DA:44,0
DA:45,0
DA:49,0
DA:50,0
DA:51,0
DA:52,0
DA:55,0
DA:56,0
DA:57,0
DA:59,0
DA:60,0
DA:65,0
DA:66,0
DA:67,0
DA:68,0
DA:69,0
DA:70,0
DA:71,0
DA:72,0
DA:73,0
DA:76,0
DA:77,0
LF:41
LH:0
BRDA:21,0,0,0
BRDA:21,0,1,0
BRDA:27,1,0,0
BRDA:27,1,1,0
BRDA:37,2,0,0
BRDA:37,2,1,0
BRDA:43,3,0,0
BRDA:43,3,1,0
BRDA:50,4,0,0
BRDA:50,4,1,0
BRDA:60,5,0,0
BRDA:60,5,1,0
BRDA:68,6,0,0
BRDA:68,6,1,0
BRDA:70,7,0,0
BRDA:70,7,1,0
BRDA:77,8,0,0
BRDA:77,8,1,0
BRF:18
BRH:0
end_of_record
TN:
SF:backend\controllers\usuarioControllers.js
FN:4,(anonymous_0)
FN:15,(anonymous_1)
FN:37,(anonymous_2)
FN:57,(anonymous_3)
FN:85,(anonymous_4)
FN:117,(anonymous_5)
FN:132,(anonymous_6)
FN:147,(anonymous_7)
FN:160,(anonymous_8)
FN:184,(anonymous_9)
FN:196,(anonymous_10)
FN:208,(anonymous_11)
FNF:12
FNH:0
FNDA:0,(anonymous_0)
FNDA:0,(anonymous_1)
FNDA:0,(anonymous_2)
FNDA:0,(anonymous_3)
FNDA:0,(anonymous_4)
FNDA:0,(anonymous_5)
FNDA:0,(anonymous_6)
FNDA:0,(anonymous_7)
FNDA:0,(anonymous_8)
FNDA:0,(anonymous_9)
FNDA:0,(anonymous_10)
FNDA:0,(anonymous_11)
DA:1,0
DA:4,0
DA:5,0
DA:6,0
DA:7,0
DA:9,0
DA:10,0
DA:15,0
DA:16,0
DA:17,0
DA:18,0
DA:20,0
DA:21,0
DA:30,0
DA:32,0
DA:37,0
DA:38,0
DA:39,0
DA:40,0
DA:49,0
DA:51,0
DA:52,0
DA:57,0
DA:58,0
DA:59,0
DA:60,0
DA:62,0
DA:67,0
DA:68,0
DA:71,0
DA:77,0
DA:79,0
DA:80,0
DA:85,0
DA:86,0
DA:87,0
DA:88,0
DA:89,0
DA:90,0
DA:91,0
DA:92,0
DA:94,0
DA:95,0
DA:97,0
DA:98,0
DA:99,0
DA:101,0
DA:103,0
DA:104,0
DA:107,0
DA:108,0
DA:109,0
DA:111,0
DA:112,0
DA:117,0
DA:118,0
DA:119,0
DA:120,0
DA:121,0
DA:123,0
DA:125,0
DA:126,0
DA:132,0
DA:133,0
DA:134,0
DA:135,0
DA:136,0
DA:137,0
DA:139,0
DA:141,0
DA:142,0
DA:147,0
DA:148,0
DA:149,0
DA:150,0
DA:151,0
DA:152,0
DA:154,0
DA:155,0
DA:160,0
DA:161,0
DA:162,0
DA:163,0
DA:166,0
DA:169,0
DA:173,0
DA:178,0
DA:179,0
DA:184,0
DA:185,0
DA:186,0
DA:187,0
DA:188,0
DA:190,0
DA:191,0
DA:196,0
DA:197,0
DA:198,0
DA:199,0
DA:200,0
DA:202,0
DA:203,0
DA:208,0
DA:209,0
DA:210,0
DA:211,0
DA:212,0
DA:214,0
DA:215,0
DA:217,0
DA:218,0
DA:220,0
DA:221,0
LF:113
LH:0
BRDA:17,0,0,0
BRDA:17,0,1,0
BRDA:17,1,0,0
BRDA:17,1,1,0
BRDA:20,2,0,0
BRDA:20,3,0,0
BRDA:39,4,0,0
BRDA:39,5,0,0
BRDA:59,6,0,0
BRDA:59,7,0,0
BRDA:67,8,0,0
BRDA:67,8,1,0
BRDA:89,9,0,0
BRDA:89,9,1,0
BRDA:90,10,0,0
BRDA:90,10,1,0
BRDA:91,11,0,0
BRDA:91,11,1,0
BRDA:97,12,0,0
BRDA:97,12,1,0
BRDA:98,13,0,0
BRDA:98,13,1,0
BRDA:101,14,0,0
BRDA:101,14,1,0
BRDA:103,15,0,0
BRDA:103,15,1,0
BRDA:120,16,0,0
BRDA:120,16,1,0
BRDA:136,17,0,0
BRDA:136,17,1,0
BRDA:211,18,0,0
BRDA:211,18,1,0
BRDA:214,19,0,0
BRDA:214,19,1,0
BRF:34
BRH:0
end_of_record
TN:
SF:backend\middleware\authMiddleware.js
FN:5,(anonymous_0)
FNF:1
FNH:0
FNDA:0,(anonymous_0)
DA:1,0
DA:2,0
DA:3,0
DA:5,0
DA:6,0
DA:7,0
DA:8,0
DA:9,0
DA:11,0
DA:12,0
DA:14,0
DA:15,0
DA:16,0
DA:21,0
DA:22,0
DA:24,0
DA:30,0
DA:32,0
DA:33,0
DA:35,0
DA:39,0
LF:21
LH:0
BRDA:6,0,0,0
BRDA:6,0,1,0
BRDA:8,1,0,0
BRDA:8,1,1,0
BRDA:11,2,0,0
BRDA:11,2,1,0
BRDA:21,3,0,0
BRDA:21,3,1,0
BRDA:28,4,0,0
BRDA:28,4,1,0
BRDA:32,5,0,0
BRDA:32,5,1,0
BRF:12
BRH:0
end_of_record
TN:
SF:backend\middleware\errorHandlerMiddleware.js
FN:1,(anonymous_0)
FNF:1
FNH:0
FNDA:0,(anonymous_0)
DA:1,0
DA:2,0
DA:8,0
LF:3
LH:0
BRDA:2,0,0,0
BRDA:2,0,1,0
BRDA:3,1,0,0
BRDA:3,1,1,0
BRDA:4,2,0,0
BRDA:4,2,1,0
BRF:6
BRH:0
end_of_record
TN:
SF:backend\middleware\resetPasswordMiddleware.js
FN:3,(anonymous_0)
FNF:1
FNH:0
FNDA:0,(anonymous_0)
DA:1,0
DA:3,0
DA:4,0
DA:6,0
DA:7,0
DA:10,0
DA:11,0
DA:14,0
DA:15,0
DA:19,0
DA:24,0
DA:26,0
DA:27,0
DA:29,0
DA:33,0
LF:15
LH:0
BRDA:4,0,0,0
BRDA:4,0,1,0
BRDA:6,1,0,0
BRDA:6,1,1,0
BRDA:14,2,0,0
BRDA:14,2,1,0
BRDA:26,3,0,0
BRDA:26,3,1,0
BRF:8
BRH:0
end_of_record
TN:
SF:backend\middleware\roleMiddleware.js
FN:1,(anonymous_0)
FN:2,(anonymous_1)
FN:7,(anonymous_2)
FNF:3
FNH:0
FNDA:0,(anonymous_0)
FNDA:0,(anonymous_1)
FNDA:0,(anonymous_2)
DA:1,0
DA:2,0
DA:3,0
DA:4,0
DA:6,0
DA:7,0
DA:8,0
DA:9,0
DA:11,0
LF:9
LH:0
BRDA:3,0,0,0
BRDA:3,0,1,0
BRDA:3,1,0,0
BRDA:3,1,1,0
BRDA:8,2,0,0
BRDA:8,2,1,0
BRF:6
BRH:0
end_of_record
TN:
SF:backend\middleware\uploadMiddleware.js
FN:6,(anonymous_0)
FN:9,(anonymous_1)
FN:16,(anonymous_2)
FNF:3
FNH:0
FNDA:0,(anonymous_0)
FNDA:0,(anonymous_1)
FNDA:0,(anonymous_2)
DA:1,0
DA:2,0
DA:5,0
DA:7,0
DA:10,0
DA:11,0
DA:16,0
DA:17,0
DA:26,0
DA:27,0
DA:29,0
DA:34,0
DA:40,0
LF:13
LH:0
BRDA:26,0,0,0
BRDA:26,0,1,0
BRF:2
BRH:0
end_of_record
TN:
SF:backend\middleware\validationMiddleware.js
FN:3,(anonymous_0)
FN:129,(anonymous_1)
FN:134,(anonymous_2)
FNF:3
FNH:0
FNDA:0,(anonymous_0)
FNDA:0,(anonymous_1)
FNDA:0,(anonymous_2)
DA:1,0
DA:3,0
DA:4,0
DA:7,0
DA:18,0
DA:26,0
DA:32,0
DA:43,0
DA:51,0
DA:61,0
DA:69,0
DA:74,0
DA:80,0
DA:87,0
DA:96,0
DA:103,0
DA:118,0
DA:125,0
DA:129,0
DA:130,0
DA:131,0
DA:132,0
DA:134,0
DA:141,0
DA:144,0
LF:25
LH:0
BRDA:4,0,0,0
BRDA:4,0,1,0
BRDA:4,0,2,0
BRDA:4,0,3,0
BRDA:4,0,4,0
BRDA:4,0,5,0
BRDA:4,0,6,0
BRDA:4,0,7,0
BRDA:4,0,8,0
BRDA:4,0,9,0
BRDA:4,0,10,0
BRDA:4,0,11,0
BRDA:4,0,12,0
BRDA:4,0,13,0
BRDA:4,0,14,0
BRDA:131,1,0,0
BRDA:131,1,1,0
BRF:17
BRH:0
end_of_record
TN:
SF:backend\migrations\20250717130001_create_usuarios_processo.js
FN:2,(anonymous_0)
FN:31,(anonymous_1)
FNF:2
FNH:0
FNDA:0,(anonymous_0)
FNDA:0,(anonymous_1)
DA:1,0
DA:3,0
DA:32,0
LF:3
LH:0
BRF:0
BRH:0
end_of_record
TN:
SF:backend\migrations\20250717130002_add_local_tramitacao_fk_to_processos.js
FN:2,(anonymous_0)
FN:14,(anonymous_1)
FNF:2
FNH:0
FNDA:0,(anonymous_0)
FNDA:0,(anonymous_1)
DA:1,0
DA:3,0
DA:4,0
DA:5,0
DA:15,0
DA:16,0
DA:17,0
LF:7
LH:0
BRDA:4,0,0,0
BRDA:4,0,1,0
BRDA:16,1,0,0
BRDA:16,1,1,0
BRF:4
BRH:0
end_of_record
TN:
SF:backend\migrations\20250717180000_add_contato_assistido_to_processos.js
FN:42,(anonymous_0)
FN:52,(anonymous_1)
FNF:2
FNH:0
FNDA:0,(anonymous_0)
FNDA:0,(anonymous_1)
DA:1,0
DA:2,0
DA:6,0
DA:41,0
DA:43,0
DA:44,0
DA:45,0
DA:53,0
DA:54,0
DA:55,0
LF:10
LH:0
BRDA:44,0,0,0
BRDA:44,0,1,0
BRDA:54,1,0,0
BRDA:54,1,1,0
BRF:4
BRH:0
end_of_record
TN:
SF:backend\migrations\20250717180000_create_local_tramitacao_table.js
FN:2,(anonymous_0)
FN:26,(anonymous_1)
FNF:2
FNH:0
FNDA:0,(anonymous_0)
FNDA:0,(anonymous_1)
DA:1,0
DA:3,0
DA:27,0
LF:3
LH:0
BRF:0
BRH:0
end_of_record
TN:
SF:backend\migrations\20250718180000_add_fields_to_atualizacoes_processo.js
FN:2,(anonymous_0)
FN:22,(anonymous_1)
FNF:2
FNH:0
FNDA:0,(anonymous_0)
FNDA:0,(anonymous_1)
DA:1,0
DA:4,0
DA:5,0
DA:6,0
DA:14,0
DA:15,0
DA:23,0
DA:24,0
LF:8
LH:0
BRDA:5,0,0,0
BRDA:5,0,1,0
BRDA:14,1,0,0
BRDA:14,1,1,0
BRF:4
BRH:0
end_of_record
TN:
SF:backend\migrations\20250721180000-create-refresh-tokens.js
FN:2,(anonymous_0)
FN:38,(anonymous_1)
FNF:2
FNH:0
FNDA:0,(anonymous_0)
FNDA:0,(anonymous_1)
DA:1,0
DA:3,0
DA:39,0
LF:3
LH:0
BRF:0
BRH:0
end_of_record
TN:
SF:backend\migrations\20250722190000-add-ativo-to-arquivos.js
FN:3,(anonymous_0)
FN:10,(anonymous_1)
FNF:2
FNH:0
FNDA:0,(anonymous_0)
FNDA:0,(anonymous_1)
DA:2,0
DA:4,0
DA:11,0
LF:3
LH:0
BRF:0
BRH:0
end_of_record
TN:
SF:backend\migrations\20250723000001_create_agendamentos_table.js
FN:4,(anonymous_0)
FN:85,(anonymous_1)
FNF:2
FNH:0
FNDA:0,(anonymous_0)
FNDA:0,(anonymous_1)
DA:3,0
DA:5,0
DA:79,0
DA:80,0
DA:81,0
DA:82,0
DA:86,0
LF:7
LH:0
BRF:0
BRH:0
end_of_record
TN:
SF:backend\migrations\20250723000002_create_notificacoes_table.js
FN:4,(anonymous_0)
FN:95,(anonymous_1)
FNF:2
FNH:0
FNDA:0,(anonymous_0)
FNDA:0,(anonymous_1)
DA:3,0
DA:5,0
DA:88,0
DA:89,0
DA:90,0
DA:91,0
DA:92,0
DA:96,0
LF:8
LH:0
BRF:0
BRH:0
end_of_record
TN:
SF:backend\migrations\20250723000003_create_configuracoes_notificacao_table.js
FN:4,(anonymous_0)
FN:70,(anonymous_1)
FNF:2
FNH:0
FNDA:0,(anonymous_0)
FNDA:0,(anonymous_1)
DA:3,0
DA:5,0
DA:67,0
DA:71,0
LF:4
LH:0
BRF:0
BRH:0
end_of_record
TN:
SF:backend\migrations\20250724163228-add_email_atualizacoes_to_configuracoes_notificacao.js
FN:5,(anonymous_0)
FN:78,(anonymous_1)
FNF:2
FNH:0
FNDA:0,(anonymous_0)
FNDA:0,(anonymous_1)
DA:4,0
DA:7,0
DA:8,0
DA:10,0
DA:68,0
DA:69,0
DA:70,0
DA:80,0
DA:81,0
DA:82,0
LF:10
LH:0
BRDA:8,0,0,0
BRDA:8,0,1,0
BRDA:69,1,0,0
BRDA:69,1,1,0
BRDA:81,2,0,0
BRDA:81,2,1,0
BRF:6
BRH:0
end_of_record
TN:
SF:backend\models\agendamentoModels.js
FN:5,(anonymous_0)
FNF:1
FNH:0
FNDA:0,(anonymous_0)
DA:1,0
DA:2,0
DA:6,0
DA:10,0
DA:14,0
DA:21,0
DA:55,0
LF:7
LH:0
BRF:0
BRH:0
end_of_record
TN:
SF:backend\models\arquivoModels.js
FN:5,(anonymous_0)
FN:11,(anonymous_1)
FNF:2
FNH:0
FNDA:0,(anonymous_0)
FNDA:0,(anonymous_1)
DA:1,0
DA:2,0
DA:6,0
DA:7,0
DA:8,0
DA:12,0
DA:13,0
DA:14,0
DA:15,0
DA:16,0
DA:20,0
DA:40,0
LF:12
LH:0
BRDA:13,0,0,0
BRDA:13,0,1,0
BRF:2
BRH:0
end_of_record
TN:
SF:backend\models\atualizacaoProcessoModels.js
FN:5,(anonymous_0)
FNF:1
FNH:0
FNDA:0,(anonymous_0)
DA:1,0
DA:2,0
DA:6,0
DA:11,0
DA:16,0
DA:24,0
DA:42,0
LF:7
LH:0
BRF:0
BRH:0
end_of_record
TN:
SF:backend\models\configuracaoNotificacaoModels.js
FN:5,(anonymous_0)
FNF:1
FNH:0
FNDA:0,(anonymous_0)
DA:1,0
DA:2,0
DA:6,0
DA:10,0
DA:17,0
DA:40,0
LF:6
LH:0
BRF:0
BRH:0
end_of_record
TN:
SF:backend\models\dbModels.js
FN:21,(anonymous_0)
FN:29,(anonymous_1)
FN:39,(anonymous_2)
FNF:3
FNH:0
FNDA:0,(anonymous_0)
FNDA:0,(anonymous_1)
FNDA:0,(anonymous_2)
DA:3,0
DA:4,0
DA:5,0
DA:6,0
DA:7,0
DA:8,0
DA:9,0
DA:10,0
DA:13,0
DA:14,0
DA:16,0
DA:19,0
DA:22,0
DA:30,0
DA:31,0
DA:34,0
DA:35,0
DA:36,0
DA:39,0
DA:40,0
DA:41,0
DA:45,0
DA:46,0
DA:48,0
LF:24
LH:0
BRDA:8,0,0,0
BRDA:8,0,1,0
BRDA:13,1,0,0
BRDA:13,1,1,0
BRDA:23,2,0,0
BRDA:23,2,1,0
BRDA:23,2,2,0
BRDA:23,2,3,0
BRDA:40,3,0,0
BRDA:40,3,1,0
BRF:10
BRH:0
end_of_record
TN:
SF:backend\models\diligenciaModels.js
FNF:0
FNH:0
DA:1,0
DA:2,0
DA:6,0
DA:19,0
LF:4
LH:0
BRF:0
BRH:0
end_of_record
TN:
SF:backend\models\faseModels.js
FNF:0
FNH:0
DA:1,0
DA:2,0
DA:6,0
DA:19,0
LF:4
LH:0
BRF:0
BRH:0
end_of_record
TN:
SF:backend\models\indexModels.js
FN:37,(anonymous_0)
FNF:1
FNH:0
FNDA:0,(anonymous_0)
DA:1,0
DA:2,0
DA:4,0
DA:5,0
DA:6,0
DA:7,0
DA:8,0
DA:9,0
DA:10,0
DA:11,0
DA:12,0
DA:13,0
DA:14,0
DA:15,0
DA:16,0
DA:18,0
DA:37,0
DA:38,0
DA:39,0
DA:43,0
LF:20
LH:0
BRDA:38,0,0,0
BRDA:38,0,1,0
BRF:2
BRH:0
end_of_record
TN:
SF:backend\models\localTramitacaoModels.js
FNF:0
FNH:0
DA:1,0
DA:2,0
DA:6,0
DA:19,0
LF:4
LH:0
BRF:0
BRH:0
end_of_record
TN:
SF:backend\models\materiaAssuntoModels.js
FNF:0
FNH:0
DA:1,0
DA:2,0
DA:6,0
DA:19,0
LF:4
LH:0
BRF:0
BRH:0
end_of_record
TN:
SF:backend\models\notificacaoModels.js
FN:5,(anonymous_0)
FNF:1
FNH:0
FNDA:0,(anonymous_0)
DA:1,0
DA:2,0
DA:6,0
DA:10,0
DA:14,0
DA:21,0
DA:55,0
LF:7
LH:0
BRF:0
BRH:0
end_of_record
TN:
SF:backend\models\processoModels.js
FN:5,(anonymous_0)
FNF:1
FNH:0
FNDA:0,(anonymous_0)
DA:1,0
DA:2,0
DA:6,0
DA:7,0
DA:8,0
DA:10,0
DA:11,0
DA:12,0
DA:13,0
DA:17,0
DA:45,0
LF:11
LH:0
BRF:0
BRH:0
end_of_record
TN:
SF:backend\models\refreshTokenModels.js
FNF:0
FNH:0
DA:1,0
DA:2,0
DA:4,0
DA:32,0
LF:4
LH:0
BRF:0
BRH:0
end_of_record
TN:
SF:backend\models\rolesModels.js
FN:5,(anonymous_0)
FNF:1
FNH:0
FNDA:0,(anonymous_0)
DA:1,0
DA:2,0
DA:6,0
DA:10,0
DA:23,0
LF:5
LH:0
BRF:0
BRH:0
end_of_record
TN:
SF:backend\models\userModels.js
FN:8,(anonymous_0)
FN:20,(anonymous_1)
FN:33,(anonymous_2)
FN:44,(anonymous_3)
FN:50,(anonymous_4)
FN:57,(anonymous_5)
FN:64,(anonymous_6)
FN:71,(anonymous_7)
FN:75,(anonymous_8)
FN:79,(anonymous_9)
FN:84,(anonymous_10)
FN:93,(anonymous_11)
FN:97,(anonymous_12)
FNF:13
FNH:0
FNDA:0,(anonymous_0)
FNDA:0,(anonymous_1)
FNDA:0,(anonymous_2)
FNDA:0,(anonymous_3)
FNDA:0,(anonymous_4)
FNDA:0,(anonymous_5)
FNDA:0,(anonymous_6)
FNDA:0,(anonymous_7)
FNDA:0,(anonymous_8)
FNDA:0,(anonymous_9)
FNDA:0,(anonymous_10)
FNDA:0,(anonymous_11)
FNDA:0,(anonymous_12)
DA:2,0
DA:3,0
DA:4,0
DA:5,0
DA:9,0
DA:21,0
DA:34,0
DA:45,0
DA:46,0
DA:47,0
DA:51,0
DA:58,0
DA:65,0
DA:72,0
DA:76,0
DA:80,0
DA:81,0
DA:85,0
DA:86,0
DA:87,0
DA:94,0
DA:98,0
DA:105,0
LF:23
LH:0
BRDA:8,0,0,0
BRDA:8,1,0,0
BRDA:8,2,0,0
BRDA:20,3,0,0
BRDA:20,4,0,0
BRDA:20,5,0,0
BRDA:86,6,0,0
BRDA:86,6,1,0
BRF:8
BRH:0
end_of_record
TN:
SF:backend\models\usuariosModels.js
FN:5,(anonymous_0)
FNF:1
FNH:0
FNDA:0,(anonymous_0)
DA:1,0
DA:2,0
DA:6,0
DA:7,0
DA:8,0
DA:9,0
DA:13,0
DA:32,0
LF:8
LH:0
BRF:0
BRH:0
end_of_record
TN:
SF:backend\models\usuariosProcessoModels.js
FN:5,(anonymous_0)
FNF:1
FNH:0
FNDA:0,(anonymous_0)
DA:1,0
DA:2,0
DA:6,0
DA:7,0
DA:11,0
DA:25,0
LF:6
LH:0
BRF:0
BRH:0
end_of_record
TN:
SF:backend\routes\agendamentoRoutes.js
FNF:0
FNH:0
DA:1,0
DA:2,0
DA:3,0
DA:4,0
DA:5,0
DA:8,0
DA:107,0
DA:134,0
DA:192,0
DA:247,0
DA:270,0
DA:305,0
DA:327,0
DA:360,0
DA:362,0
LF:15
LH:0
BRF:0
BRH:0
end_of_record
TN:
SF:backend\routes\arquivoRoutes.js
FNF:0
FNH:0
DA:1,0
DA:2,0
DA:3,0
DA:4,0
DA:7,0
DA:12,0
DA:18,0
DA:24,0
DA:30,0
DA:33,0
DA:37,0
LF:11
LH:0
BRF:0
BRH:0
end_of_record
TN:
SF:backend\routes\atualizacaoProcessoRoutes.js
FNF:0
FNH:0
DA:1,0
DA:2,0
DA:3,0
DA:4,0
DA:5,0
DA:7,0
DA:11,0
DA:13,0
DA:15,0
DA:17,0
DA:20,0
LF:11
LH:0
BRF:0
BRH:0
end_of_record
TN:
SF:backend\routes\autorizacaoRoutes.js
FNF:0
FNH:0
DA:1,0
DA:2,0
DA:3,0
DA:4,0
DA:5,0
DA:6,0
DA:9,0
DA:15,0
DA:21,0
DA:22,0
DA:23,0
DA:26,0
DA:29,0
DA:31,0
LF:14
LH:0
BRF:0
BRH:0
end_of_record
TN:
SF:backend\routes\processoRoutes.js
FN:41,(anonymous_0)
FN:84,(anonymous_1)
FN:115,(anonymous_2)
FN:146,(anonymous_3)
FNF:4
FNH:0
FNDA:0,(anonymous_0)
FNDA:0,(anonymous_1)
FNDA:0,(anonymous_2)
FNDA:0,(anonymous_3)
DA:1,0
DA:2,0
DA:3,0
DA:4,0
DA:5,0
DA:12,0
DA:15,0
DA:18,0
DA:25,0
DA:33,0
DA:39,0
DA:42,0
DA:43,0
DA:44,0
DA:45,0
DA:52,0
DA:53,0
DA:55,0
DA:56,0
DA:57,0
DA:59,0
DA:60,0
DA:66,0
DA:73,0
DA:79,0
DA:82,0
DA:85,0
DA:86,0
DA:88,0
DA:96,0
DA:97,0
DA:100,0
DA:102,0
DA:103,0
DA:105,0
DA:107,0
DA:113,0
DA:116,0
DA:117,0
DA:118,0
DA:120,0
DA:121,0
DA:122,0
DA:126,0
DA:134,0
DA:140,0
DA:146,0
DA:147,0
DA:148,0
DA:149,0
DA:151,0
DA:152,0
DA:156,0
DA:158,0
DA:164,0
DA:167,0
DA:173,0
LF:57
LH:0
BRDA:52,0,0,0
BRDA:52,0,1,0
BRDA:52,1,0,0
BRDA:52,1,1,0
BRDA:52,1,2,0
BRDA:96,2,0,0
BRDA:96,2,1,0
BRDA:96,3,0,0
BRDA:96,3,1,0
BRDA:96,3,2,0
BRDA:121,4,0,0
BRDA:121,4,1,0
BRDA:147,5,0,0
BRDA:147,5,1,0
BRDA:151,6,0,0
BRDA:151,6,1,0
BRF:16
BRH:0
end_of_record
TN:
SF:backend\routes\tabelaAuxiliarRoutes.js
FNF:0
FNH:0
DA:1,0
DA:2,0
DA:3,0
DA:4,0
DA:7,0
DA:10,0
DA:11,0
DA:12,0
DA:15,0
DA:16,0
DA:17,0
DA:20,0
DA:21,0
DA:22,0
DA:25,0
DA:26,0
DA:27,0
DA:29,0
LF:18
LH:0
BRF:0
BRH:0
end_of_record
TN:
SF:backend\routes\usuarioRoutes.js
FN:41,(anonymous_0)
FN:58,(anonymous_1)
FN:73,(anonymous_2)
FN:82,(anonymous_3)
FNF:4
FNH:0
FNDA:0,(anonymous_0)
FNDA:0,(anonymous_1)
FNDA:0,(anonymous_2)
FNDA:0,(anonymous_3)
DA:1,0
DA:2,0
DA:3,0
DA:4,0
DA:5,0
DA:10,0
DA:13,0
DA:16,0
DA:20,0
DA:21,0
DA:22,0
DA:23,0
DA:26,0
DA:32,0
DA:38,0
DA:41,0
DA:42,0
DA:43,0
DA:46,0
DA:49,0
DA:57,0
DA:58,0
DA:59,0
DA:62,0
DA:67,0
DA:68,0
DA:73,0
DA:74,0
DA:75,0
DA:76,0
DA:78,0
DA:82,0
DA:83,0
DA:84,0
DA:88,0
DA:91,0
DA:94,0
DA:102,0
DA:110,0
DA:119,0
DA:126,0
LF:41
LH:0
BRDA:74,0,0,0
BRDA:74,0,1,0
BRDA:74,1,0,0
BRDA:74,1,1,0
BRF:4
BRH:0
end_of_record
TN:
SF:backend\services\emailService.js
FN:13,enviarEmailRecuperacao
FNF:1
FNH:0
FNDA:0,enviarEmailRecuperacao
DA:1,0
DA:2,0
DA:4,0
DA:14,0
DA:16,0
DA:27,0
DA:30,0
LF:7
LH:0
BRF:0
BRH:0
end_of_record
TN:
SF:backend\services\notificacaoService.js
FN:2,(anonymous_0)
FN:7,(anonymous_1)
FN:16,(anonymous_2)
FNF:3
FNH:0
FNDA:0,(anonymous_0)
FNDA:0,(anonymous_1)
FNDA:0,(anonymous_2)
DA:3,0
DA:8,0
DA:17,0
DA:24,0
LF:4
LH:0
BRF:0
BRH:0
end_of_record
TN:
SF:backend\services\notificationScheduler.js
FN:20,(anonymous_0)
FN:53,(anonymous_1)
FN:129,(anonymous_2)
FN:170,(anonymous_3)
FN:197,(anonymous_4)
FN:201,(anonymous_5)
FN:207,(anonymous_6)
FN:213,(anonymous_7)
FN:238,(anonymous_8)
FNF:9
FNH:0
FNDA:0,(anonymous_0)
FNDA:0,(anonymous_1)
FNDA:0,(anonymous_2)
FNDA:0,(anonymous_3)
FNDA:0,(anonymous_4)
FNDA:0,(anonymous_5)
FNDA:0,(anonymous_6)
FNDA:0,(anonymous_7)
FNDA:0,(anonymous_8)
DA:1,0
DA:2,0
DA:9,0
DA:11,0
DA:20,0
DA:21,0
DA:22,0
DA:43,0
DA:44,0
DA:45,0
DA:47,0
DA:48,0
DA:53,0
DA:54,0
DA:55,0
DA:58,0
DA:79,0
DA:81,0
DA:82,0
DA:83,0
DA:84,0
DA:86,0
DA:89,0
DA:90,0
DA:91,0
DA:96,0
DA:97,0
DA:106,0
DA:114,0
DA:115,0
DA:124,0
DA:129,0
DA:130,0
DA:131,0
DA:134,0
DA:138,0
DA:139,0
DA:141,0
DA:142,0
DA:143,0
DA:146,0
DA:169,0
DA:170,0
DA:173,0
DA:175,0
DA:176,0
DA:178,0
DA:187,0
DA:192,0
DA:197,0
DA:198,0
DA:201,0
DA:202,0
DA:203,0
DA:207,0
DA:208,0
DA:209,0
DA:213,0
DA:214,0
DA:215,0
DA:216,0
DA:217,0
DA:219,0
DA:228,0
DA:230,0
DA:234,0
DA:238,0
DA:239,0
DA:240,0
DA:244,0
DA:245,0
DA:248,0
DA:251,0
DA:255,0
LF:74
LH:0
BRDA:89,0,0,0
BRDA:89,0,1,0
BRDA:89,1,0,0
BRDA:89,1,1,0
BRDA:90,2,0,0
BRDA:90,2,1,0
BRDA:90,3,0,0
BRDA:90,3,1,0
BRDA:90,3,2,0
BRDA:96,4,0,0
BRDA:96,4,1,0
BRDA:96,5,0,0
BRDA:96,5,1,0
BRDA:96,5,2,0
BRDA:107,6,0,0
BRDA:107,6,1,0
BRDA:110,7,0,0
BRDA:110,7,1,0
BRDA:139,8,0,0
BRDA:139,8,1,0
BRDA:139,9,0,0
BRDA:139,9,1,0
BRDA:170,10,0,0
BRDA:170,10,1,0
BRDA:173,11,0,0
BRDA:173,11,1,0
BRDA:183,12,0,0
BRDA:183,12,1,0
BRDA:244,13,0,0
BRDA:244,13,1,0
BRF:30
BRH:0
end_of_record
TN:
SF:backend\services\notificationService.js
FN:11,(anonymous_0)
FNF:1
FNH:0
FNDA:0,(anonymous_0)
DA:1,0
DA:3,0
DA:11,0
DA:12,0
DA:13,0
DA:20,0
DA:21,0
DA:23,0
DA:27,0
LF:9
LH:0
BRF:0
BRH:0
end_of_record
TN:
SF:backend\utils\authUtils.js
FN:12,gerarHash
FN:20,verificarSenha
FN:29,gerarToken
FN:49,gerarRefreshToken
FN:60,verificarToken
FN:76,validarRefreshToken
FNF:6
FNH:0
FNDA:0,gerarHash
FNDA:0,verificarSenha
FNDA:0,gerarToken
FNDA:0,gerarRefreshToken
FNDA:0,verificarToken
FNDA:0,validarRefreshToken
DA:1,0
DA:2,0
DA:3,0
DA:6,0
DA:7,0
DA:8,0
DA:9,0
DA:10,0
DA:13,0
DA:14,0
DA:16,0
DA:21,0
DA:22,0
DA:24,0
DA:30,0
DA:31,0
DA:43,0
DA:45,0
DA:50,0
DA:52,0
DA:54,0
DA:56,0
DA:61,0
DA:62,0
DA:65,0
DA:67,0
DA:68,0
DA:70,0
DA:79,0
DA:82,0
LF:30
LH:0
BRDA:7,0,0,0
BRDA:7,0,1,0
BRDA:8,1,0,0
BRDA:8,1,1,0
BRDA:67,2,0,0
BRDA:67,2,1,0
BRF:6
BRH:0
end_of_record
TN:
SF:frontend\src\api\apiRequest.js
FN:3,apiRequest
FN:58,uploadFile
FNF:2
FNH:0
FNDA:0,apiRequest
FNDA:0,uploadFile
DA:1,0
DA:4,0
DA:8,0
DA:14,0
DA:15,0
DA:16,0
DA:18,0
DA:19,0
DA:20,0
DA:21,0
DA:22,0
DA:25,0
DA:26,0
DA:28,0
DA:34,0
DA:35,0
DA:36,0
DA:37,0
DA:38,0
DA:39,0
DA:41,0
DA:43,0
DA:46,0
DA:48,0
DA:49,0
DA:50,0
DA:53,0
DA:54,0
DA:60,0
DA:61,0
DA:64,0
DA:65,0
DA:69,0
DA:77,0
DA:78,0
DA:79,0
DA:80,0
DA:81,0
DA:83,0
DA:85,0
DA:87,0
LF:41
LH:0
BRDA:3,0,0,0
BRDA:3,1,0,0
BRDA:4,2,0,0
BRDA:4,2,1,0
BRDA:6,3,0,0
BRDA:6,3,1,0
BRDA:11,4,0,0
BRDA:11,4,1,0
BRDA:11,5,0,0
BRDA:11,5,1,0
BRDA:15,6,0,0
BRDA:15,6,1,0
BRDA:16,7,0,0
BRDA:16,7,1,0
BRDA:19,8,0,0
BRDA:19,8,1,0
BRDA:21,9,0,0
BRDA:21,9,1,0
BRDA:34,10,0,0
BRDA:34,10,1,0
BRDA:38,11,0,0
BRDA:38,11,1,0
BRDA:38,11,2,0
BRDA:46,12,0,0
BRDA:46,12,1,0
BRDA:60,13,0,0
BRDA:60,13,1,0
BRDA:60,14,0,0
BRDA:60,14,1,0
BRDA:65,15,0,0
BRDA:65,15,1,0
BRDA:67,16,0,0
BRDA:67,16,1,0
BRDA:77,17,0,0
BRDA:77,17,1,0
BRDA:81,18,0,0
BRDA:81,18,1,0
BRDA:81,18,2,0
BRF:38
BRH:0
end_of_record
TN:
SF:frontend\src\api\services.js
FN:6,(anonymous_0)
FN:14,(anonymous_1)
FN:22,(anonymous_2)
FN:30,(anonymous_3)
FN:39,(anonymous_4)
FN:47,(anonymous_5)
FN:58,(anonymous_6)
FN:66,(anonymous_7)
FN:74,(anonymous_8)
FN:82,(anonymous_9)
FN:90,(anonymous_10)
FN:99,(anonymous_11)
FN:108,(anonymous_12)
FN:117,(anonymous_13)
FN:125,(anonymous_14)
FN:133,(anonymous_15)
FN:142,(anonymous_16)
FN:151,(anonymous_17)
FN:162,(anonymous_18)
FN:171,(anonymous_19)
FN:179,(anonymous_20)
FN:187,(anonymous_21)
FN:196,(anonymous_22)
FN:204,(anonymous_23)
FN:213,(anonymous_24)
FN:221,(anonymous_25)
FN:230,(anonymous_26)
FN:239,(anonymous_27)
FN:248,(anonymous_28)
FN:259,(anonymous_29)
FN:267,(anonymous_30)
FN:276,(anonymous_31)
FN:284,(anonymous_32)
FN:293,(anonymous_33)
FN:301,(anonymous_34)
FN:310,(anonymous_35)
FN:318,(anonymous_36)
FN:330,(anonymous_37)
FN:335,(anonymous_38)
FN:343,(anonymous_39)
FN:351,(anonymous_40)
FN:360,(anonymous_41)
FN:368,(anonymous_42)
FN:379,(anonymous_43)
FN:387,(anonymous_44)
FNF:45
FNH:0
FNDA:0,(anonymous_0)
FNDA:0,(anonymous_1)
FNDA:0,(anonymous_2)
FNDA:0,(anonymous_3)
FNDA:0,(anonymous_4)
FNDA:0,(anonymous_5)
FNDA:0,(anonymous_6)
FNDA:0,(anonymous_7)
FNDA:0,(anonymous_8)
FNDA:0,(anonymous_9)
FNDA:0,(anonymous_10)
FNDA:0,(anonymous_11)
FNDA:0,(anonymous_12)
FNDA:0,(anonymous_13)
FNDA:0,(anonymous_14)
FNDA:0,(anonymous_15)
FNDA:0,(anonymous_16)
FNDA:0,(anonymous_17)
FNDA:0,(anonymous_18)
FNDA:0,(anonymous_19)
FNDA:0,(anonymous_20)
FNDA:0,(anonymous_21)
FNDA:0,(anonymous_22)
FNDA:0,(anonymous_23)
FNDA:0,(anonymous_24)
FNDA:0,(anonymous_25)
FNDA:0,(anonymous_26)
FNDA:0,(anonymous_27)
FNDA:0,(anonymous_28)
FNDA:0,(anonymous_29)
FNDA:0,(anonymous_30)
FNDA:0,(anonymous_31)
FNDA:0,(anonymous_32)
FNDA:0,(anonymous_33)
FNDA:0,(anonymous_34)
FNDA:0,(anonymous_35)
FNDA:0,(anonymous_36)
FNDA:0,(anonymous_37)
FNDA:0,(anonymous_38)
FNDA:0,(anonymous_39)
FNDA:0,(anonymous_40)
FNDA:0,(anonymous_41)
FNDA:0,(anonymous_42)
FNDA:0,(anonymous_43)
FNDA:0,(anonymous_44)
DA:4,0
DA:7,0
DA:15,0
DA:23,0
DA:31,0
DA:40,0
DA:48,0
DA:56,0
DA:59,0
DA:67,0
DA:75,0
DA:83,0
DA:91,0
DA:100,0
DA:109,0
DA:118,0
DA:126,0
DA:134,0
DA:135,0
DA:143,0
DA:144,0
DA:152,0
DA:160,0
DA:163,0
DA:172,0
DA:180,0
DA:188,0
DA:189,0
DA:197,0
DA:205,0
DA:214,0
DA:222,0
DA:231,0
DA:240,0
DA:249,0
DA:257,0
DA:260,0
DA:268,0
DA:277,0
DA:285,0
DA:294,0
DA:302,0
DA:311,0
DA:319,0
DA:328,0
DA:331,0
DA:336,0
DA:344,0
DA:352,0
DA:361,0
DA:369,0
DA:377,0
DA:380,0
DA:388,0
LF:54
LH:0
BRDA:14,0,0,0
BRDA:58,1,0,0
BRDA:58,2,0,0
BRDA:66,3,0,0
BRDA:66,4,0,0
BRDA:133,5,0,0
BRDA:133,6,0,0
BRDA:142,7,0,0
BRDA:142,8,0,0
BRDA:187,9,0,0
BRDA:213,10,0,0
BRDA:213,11,0,0
BRF:12
BRH:0
end_of_record
TN:
SF:frontend\src\components\atualizacoes\fieldNameMaps.js
FN:16,getFieldDisplayValue
FN:20,(anonymous_1)
FN:22,(anonymous_2)
FN:24,(anonymous_3)
FN:26,(anonymous_4)
FNF:5
FNH:0
FNDA:0,getFieldDisplayValue
FNDA:0,(anonymous_1)
FNDA:0,(anonymous_2)
FNDA:0,(anonymous_3)
FNDA:0,(anonymous_4)
DA:2,0
DA:17,0
DA:18,0
DA:20,0
DA:22,0
DA:24,0
DA:26,0
DA:28,0
LF:8
LH:0
BRDA:17,0,0,0
BRDA:17,0,1,0
BRDA:18,1,0,0
BRDA:18,1,1,0
BRDA:18,1,2,0
BRDA:18,1,3,0
BRDA:18,1,4,0
BRDA:20,2,0,0
BRDA:20,2,1,0
BRDA:22,3,0,0
BRDA:22,3,1,0
BRDA:24,4,0,0
BRDA:24,4,1,0
BRDA:26,5,0,0
BRDA:26,5,1,0
BRF:15
BRH:0
end_of_record
TN:
SF:frontend\src\components\common\Permission.jsx
FN:4,Permission
FNF:1
FNH:0
FNDA:0,Permission
DA:5,0
DA:6,0
DA:7,0
LF:3
LH:0
BRDA:6,0,0,0
BRDA:6,0,1,0
BRF:2
BRH:0
end_of_record
TN:
SF:frontend\src\debug\apiTester.js
FN:5,testApiEndpoints
FN:80,(anonymous_1)
FNF:2
FNH:0
FNDA:0,testApiEndpoints
FNDA:0,(anonymous_1)
DA:6,0
DA:9,0
DA:10,0
DA:12,0
DA:45,0
DA:47,0
DA:48,0
DA:49,0
DA:50,0
DA:52,0
DA:53,0
DA:54,0
DA:56,0
DA:64,0
DA:65,0
DA:68,0
DA:74,0
DA:75,0
DA:79,0
DA:80,0
DA:88,0
DA:92,0
LF:22
LH:0
BRDA:60,0,0,0
BRDA:60,0,1,0
BRDA:60,1,0,0
BRDA:60,1,1,0
BRDA:65,2,0,0
BRDA:65,2,1,0
BRDA:83,3,0,0
BRDA:83,3,1,0
BRDA:84,4,0,0
BRDA:84,4,1,0
BRDA:85,5,0,0
BRDA:85,5,1,0
BRF:12
BRH:0
end_of_record
TN:
SF:frontend\src\hooks\useApi.js
FNF:0
FNH:0
LF:0
LH:0
BRF:0
BRH:0
end_of_record
TN:
SF:frontend\src\hooks\useApi.jsx
FN:6,(anonymous_0)
FN:26,useProcessos
FN:31,(anonymous_2)
FN:47,(anonymous_3)
FN:60,(anonymous_4)
FN:76,useEstados
FN:81,(anonymous_6)
FN:91,useCidades
FN:96,(anonymous_8)
FN:109,useDashboardData
FN:123,(anonymous_10)
FN:143,(anonymous_11)
FN:145,(anonymous_12)
FN:147,(anonymous_13)
FN:149,(anonymous_14)
FN:169,(anonymous_15)
FN:186,(anonymous_16)
FN:221,(anonymous_17)
FN:233,useUsuarios
FN:238,(anonymous_19)
FN:252,(anonymous_20)
FN:266,useUsuario
FN:271,(anonymous_22)
FN:284,useCreateUsuario
FN:289,(anonymous_24)
FN:296,(anonymous_25)
FN:304,useUpdateUsuario
FN:309,(anonymous_27)
FN:316,(anonymous_28)
FN:325,useDeleteUsuario
FN:330,(anonymous_30)
FN:336,(anonymous_31)
FN:344,useCreateProcesso
FN:349,(anonymous_33)
FN:356,(anonymous_34)
FN:364,useUpdateProcesso
FN:369,(anonymous_36)
FN:376,(anonymous_37)
FN:387,useApi
FNF:39
FNH:0
FNDA:0,(anonymous_0)
FNDA:0,useProcessos
FNDA:0,(anonymous_2)
FNDA:0,(anonymous_3)
FNDA:0,(anonymous_4)
FNDA:0,useEstados
FNDA:0,(anonymous_6)
FNDA:0,useCidades
FNDA:0,(anonymous_8)
FNDA:0,useDashboardData
FNDA:0,(anonymous_10)
FNDA:0,(anonymous_11)
FNDA:0,(anonymous_12)
FNDA:0,(anonymous_13)
FNDA:0,(anonymous_14)
FNDA:0,(anonymous_15)
FNDA:0,(anonymous_16)
FNDA:0,(anonymous_17)
FNDA:0,useUsuarios
FNDA:0,(anonymous_19)
FNDA:0,(anonymous_20)
FNDA:0,useUsuario
FNDA:0,(anonymous_22)
FNDA:0,useCreateUsuario
FNDA:0,(anonymous_24)
FNDA:0,(anonymous_25)
FNDA:0,useUpdateUsuario
FNDA:0,(anonymous_27)
FNDA:0,(anonymous_28)
FNDA:0,useDeleteUsuario
FNDA:0,(anonymous_30)
FNDA:0,(anonymous_31)
FNDA:0,useCreateProcesso
FNDA:0,(anonymous_33)
FNDA:0,(anonymous_34)
FNDA:0,useUpdateProcesso
FNDA:0,(anonymous_36)
FNDA:0,(anonymous_37)
FNDA:0,useApi
DA:6,0
DA:7,0
DA:9,0
DA:10,0
DA:13,0
DA:14,0
DA:17,0
DA:18,0
DA:19,0
DA:21,0
DA:27,0
DA:29,0
DA:32,0
DA:33,0
DA:35,0
DA:37,0
DA:38,0
DA:39,0
DA:40,0
DA:41,0
DA:42,0
DA:43,0
DA:45,0
DA:46,0
DA:47,0
DA:50,0
DA:51,0
DA:52,0
DA:54,0
DA:59,0
DA:60,0
DA:61,0
DA:66,0
DA:77,0
DA:79,0
DA:82,0
DA:83,0
DA:92,0
DA:94,0
DA:97,0
DA:98,0
DA:99,0
DA:110,0
DA:112,0
DA:121,0
DA:124,0
DA:125,0
DA:127,0
DA:128,0
DA:129,0
DA:130,0
DA:133,0
DA:140,0
DA:143,0
DA:145,0
DA:147,0
DA:149,0
DA:152,0
DA:161,0
DA:169,0
DA:170,0
DA:171,0
DA:172,0
DA:175,0
DA:176,0
DA:179,0
DA:186,0
DA:188,0
DA:189,0
DA:190,0
DA:191,0
DA:194,0
DA:196,0
DA:198,0
DA:223,0
DA:224,0
DA:226,0
DA:234,0
DA:236,0
DA:239,0
DA:240,0
DA:243,0
DA:244,0
DA:245,0
DA:248,0
DA:251,0
DA:252,0
DA:253,0
DA:258,0
DA:267,0
DA:269,0
DA:272,0
DA:273,0
DA:274,0
DA:285,0
DA:286,0
DA:288,0
DA:290,0
DA:298,0
DA:299,0
DA:305,0
DA:306,0
DA:308,0
DA:310,0
DA:318,0
DA:319,0
DA:320,0
DA:326,0
DA:327,0
DA:329,0
DA:331,0
DA:338,0
DA:339,0
DA:345,0
DA:346,0
DA:348,0
DA:350,0
DA:358,0
DA:359,0
DA:365,0
DA:366,0
DA:368,0
DA:370,0
DA:378,0
DA:379,0
DA:380,0
DA:389,0
LF:127
LH:0
BRDA:7,0,0,0
BRDA:7,0,1,0
BRDA:9,1,0,0
BRDA:9,1,1,0
BRDA:13,2,0,0
BRDA:13,2,1,0
BRDA:13,3,0,0
BRDA:13,3,1,0
BRDA:14,4,0,0
BRDA:14,4,1,0
BRDA:14,4,2,0
BRDA:17,5,0,0
BRDA:17,5,1,0
BRDA:18,6,0,0
BRDA:18,6,1,0
BRDA:19,7,0,0
BRDA:19,7,1,0
BRDA:26,8,0,0
BRDA:26,9,0,0
BRDA:33,10,0,0
BRDA:33,10,1,0
BRDA:33,11,0,0
BRDA:33,11,1,0
BRDA:37,12,0,0
BRDA:37,12,1,0
BRDA:39,13,0,0
BRDA:39,13,1,0
BRDA:40,14,0,0
BRDA:40,14,1,0
BRDA:42,15,0,0
BRDA:42,15,1,0
BRDA:47,16,0,0
BRDA:47,16,1,0
BRDA:47,17,0,0
BRDA:47,17,1,0
BRDA:50,18,0,0
BRDA:50,18,1,0
BRDA:51,19,0,0
BRDA:51,19,1,0
BRDA:59,20,0,0
BRDA:59,20,1,0
BRDA:61,21,0,0
BRDA:61,21,1,0
BRDA:68,22,0,0
BRDA:68,22,1,0
BRDA:97,23,0,0
BRDA:97,23,1,0
BRDA:101,24,0,0
BRDA:101,24,1,0
BRDA:127,25,0,0
BRDA:127,25,1,0
BRDA:127,26,0,0
BRDA:127,26,1,0
BRDA:142,27,0,0
BRDA:142,27,1,0
BRDA:146,28,0,0
BRDA:146,28,1,0
BRDA:146,29,0,0
BRDA:146,29,1,0
BRDA:153,30,0,0
BRDA:153,30,1,0
BRDA:154,31,0,0
BRDA:154,31,1,0
BRDA:155,32,0,0
BRDA:155,32,1,0
BRDA:156,33,0,0
BRDA:156,33,1,0
BRDA:162,34,0,0
BRDA:162,34,1,0
BRDA:163,35,0,0
BRDA:163,35,1,0
BRDA:165,36,0,0
BRDA:165,36,1,0
BRDA:169,37,0,0
BRDA:169,37,1,0
BRDA:170,38,0,0
BRDA:170,38,1,0
BRDA:171,39,0,0
BRDA:171,39,1,0
BRDA:176,40,0,0
BRDA:176,40,1,0
BRDA:180,41,0,0
BRDA:180,41,1,0
BRDA:181,42,0,0
BRDA:181,42,1,0
BRDA:182,43,0,0
BRDA:182,43,1,0
BRDA:183,44,0,0
BRDA:183,44,1,0
BRDA:186,45,0,0
BRDA:186,45,1,0
BRDA:188,46,0,0
BRDA:188,46,1,0
BRDA:189,47,0,0
BRDA:189,47,1,0
BRDA:190,48,0,0
BRDA:190,48,1,0
BRDA:191,49,0,0
BRDA:191,49,1,0
BRDA:218,50,0,0
BRDA:218,50,1,0
BRDA:218,50,2,0
BRDA:223,51,0,0
BRDA:223,51,1,0
BRDA:223,52,0,0
BRDA:223,52,1,0
BRDA:233,53,0,0
BRDA:240,54,0,0
BRDA:240,54,1,0
BRDA:240,55,0,0
BRDA:240,55,1,0
BRDA:244,56,0,0
BRDA:244,56,1,0
BRDA:251,57,0,0
BRDA:251,57,1,0
BRDA:253,58,0,0
BRDA:253,58,1,0
BRDA:260,59,0,0
BRDA:260,59,1,0
BRDA:272,60,0,0
BRDA:272,60,1,0
BRDA:276,61,0,0
BRDA:276,61,1,0
BRF:123
BRH:0
end_of_record
TN:
SF:frontend\src\hooks\useAuth.js
FN:3,(anonymous_0)
FNF:1
FNH:0
FNDA:0,(anonymous_0)
DA:3,0
LF:1
LH:0
BRF:0
BRH:0
end_of_record
TN:
SF:frontend\src\hooks\useCacheManager.js
FN:4,useCacheManager
FN:8,(anonymous_1)
FN:13,(anonymous_2)
FN:18,(anonymous_3)
FN:23,(anonymous_4)
FN:28,(anonymous_5)
FN:33,(anonymous_6)
FN:38,(anonymous_7)
FN:44,(anonymous_8)
FN:45,(anonymous_9)
FN:46,(anonymous_10)
FNF:11
FNH:0
FNDA:0,useCacheManager
FNDA:0,(anonymous_1)
FNDA:0,(anonymous_2)
FNDA:0,(anonymous_3)
FNDA:0,(anonymous_4)
FNDA:0,(anonymous_5)
FNDA:0,(anonymous_6)
FNDA:0,(anonymous_7)
FNDA:0,(anonymous_8)
FNDA:0,(anonymous_9)
FNDA:0,(anonymous_10)
DA:5,0
DA:6,0
DA:8,0
DA:9,0
DA:10,0
DA:13,0
DA:14,0
DA:15,0
DA:18,0
DA:19,0
DA:20,0
DA:23,0
DA:24,0
DA:25,0
DA:28,0
DA:29,0
DA:30,0
DA:33,0
DA:34,0
DA:35,0
DA:38,0
DA:39,0
DA:40,0
DA:42,0
DA:44,0
DA:45,0
DA:47,0
DA:48,0
DA:53,0
LF:29
LH:0
BRDA:47,0,0,0
BRDA:47,0,1,0
BRF:2
BRH:0
end_of_record
TN:
SF:frontend\src\hooks\useDebounce.js
FN:3,useDebounce
FN:6,(anonymous_1)
FN:7,(anonymous_2)
FN:11,(anonymous_3)
FNF:4
FNH:0
FNDA:0,useDebounce
FNDA:0,(anonymous_1)
FNDA:0,(anonymous_2)
FNDA:0,(anonymous_3)
DA:4,0
DA:6,0
DA:7,0
DA:8,0
DA:11,0
DA:12,0
DA:16,0
LF:7
LH:0
BRF:0
BRH:0
end_of_record
TN:
SF:frontend\src\hooks\useOptimizedHooks.js
FN:4,(anonymous_0)
FN:7,(anonymous_1)
FN:8,(anonymous_2)
FN:11,(anonymous_3)
FN:15,(anonymous_4)
FN:23,(anonymous_5)
FN:26,(anonymous_6)
FN:27,(anonymous_7)
FN:31,(anonymous_8)
FN:40,(anonymous_9)
FN:43,(anonymous_10)
FN:44,(anonymous_11)
FN:47,(anonymous_12)
FN:48,(anonymous_13)
FN:51,(anonymous_14)
FN:59,(anonymous_15)
FN:62,(anonymous_16)
FN:66,(anonymous_17)
FN:70,(anonymous_18)
FN:74,(anonymous_19)
FN:78,(anonymous_20)
FN:82,(anonymous_21)
FN:100,(anonymous_22)
FN:103,(anonymous_23)
FN:104,(anonymous_24)
FN:107,(anonymous_25)
FN:108,(anonymous_26)
FN:115,(anonymous_27)
FN:119,(anonymous_28)
FN:120,(anonymous_29)
FNF:30
FNH:0
FNDA:0,(anonymous_0)
FNDA:0,(anonymous_1)
FNDA:0,(anonymous_2)
FNDA:0,(anonymous_3)
FNDA:0,(anonymous_4)
FNDA:0,(anonymous_5)
FNDA:0,(anonymous_6)
FNDA:0,(anonymous_7)
FNDA:0,(anonymous_8)
FNDA:0,(anonymous_9)
FNDA:0,(anonymous_10)
FNDA:0,(anonymous_11)
FNDA:0,(anonymous_12)
FNDA:0,(anonymous_13)
FNDA:0,(anonymous_14)
FNDA:0,(anonymous_15)
FNDA:0,(anonymous_16)
FNDA:0,(anonymous_17)
FNDA:0,(anonymous_18)
FNDA:0,(anonymous_19)
FNDA:0,(anonymous_20)
FNDA:0,(anonymous_21)
FNDA:0,(anonymous_22)
FNDA:0,(anonymous_23)
FNDA:0,(anonymous_24)
FNDA:0,(anonymous_25)
FNDA:0,(anonymous_26)
FNDA:0,(anonymous_27)
FNDA:0,(anonymous_28)
FNDA:0,(anonymous_29)
DA:4,0
DA:5,0
DA:7,0
DA:8,0
DA:11,0
DA:12,0
DA:15,0
DA:16,0
DA:19,0
DA:23,0
DA:24,0
DA:26,0
DA:27,0
DA:28,0
DA:31,0
DA:32,0
DA:36,0
DA:40,0
DA:41,0
DA:43,0
DA:44,0
DA:47,0
DA:48,0
DA:51,0
DA:52,0
DA:55,0
DA:59,0
DA:60,0
DA:62,0
DA:63,0
DA:66,0
DA:67,0
DA:70,0
DA:71,0
DA:74,0
DA:75,0
DA:78,0
DA:79,0
DA:82,0
DA:83,0
DA:86,0
DA:100,0
DA:101,0
DA:103,0
DA:104,0
DA:107,0
DA:108,0
DA:109,0
DA:110,0
DA:111,0
DA:115,0
DA:116,0
DA:119,0
DA:120,0
DA:121,0
DA:125,0
LF:56
LH:0
BRDA:4,0,0,0
BRDA:12,1,0,0
BRDA:12,1,1,0
BRDA:43,2,0,0
BRDA:52,3,0,0
BRDA:52,3,1,0
BRDA:59,4,0,0
BRDA:100,5,0,0
BRDA:121,6,0,0
BRDA:121,6,1,0
BRDA:121,6,2,0
BRF:11
BRH:0
end_of_record
TN:
SF:frontend\src\hooks\useQueryClient.js
FN:16,(anonymous_0)
FN:23,(anonymous_1)
FNF:2
FNH:0
FNDA:0,(anonymous_0)
FNDA:0,(anonymous_1)
DA:4,0
DA:18,0
DA:20,0
DA:23,0
LF:4
LH:0
BRDA:18,0,0,0
BRDA:18,0,1,0
BRF:2
BRH:0
end_of_record
TN:
SF:frontend\src\pages\LayoutPreviewPage.jsx
FNF:0
FNH:0
LF:0
LH:0
BRF:0
BRH:0
end_of_record
TN:
SF:frontend\src\pages\dashboard\ProcessListPageOptimized.jsx
FNF:0
FNH:0
LF:0
LH:0
BRF:0
BRH:0
end_of_record
TN:
SF:frontend\src\utils\commonUtils.js
FN:2,(anonymous_0)
FN:21,(anonymous_1)
FN:30,(anonymous_2)
FN:33,(anonymous_3)
FN:36,(anonymous_4)
FN:39,(anonymous_5)
FN:42,(anonymous_6)
FN:45,(anonymous_7)
FN:55,(anonymous_8)
FN:65,(anonymous_9)
FN:125,(anonymous_10)
FNF:11
FNH:0
FNDA:0,(anonymous_0)
FNDA:0,(anonymous_1)
FNDA:0,(anonymous_2)
FNDA:0,(anonymous_3)
FNDA:0,(anonymous_4)
FNDA:0,(anonymous_5)
FNDA:0,(anonymous_6)
FNDA:0,(anonymous_7)
FNDA:0,(anonymous_8)
FNDA:0,(anonymous_9)
FNDA:0,(anonymous_10)
DA:2,0
DA:3,0
DA:5,0
DA:6,0
DA:9,0
DA:10,0
DA:13,0
DA:14,0
DA:15,0
DA:17,0
DA:21,0
DA:22,0
DA:23,0
DA:25,0
DA:26,0
DA:30,0
DA:33,0
DA:36,0
DA:39,0
DA:42,0
DA:45,0
DA:46,0
DA:47,0
DA:48,0
DA:50,0
DA:55,0
DA:56,0
DA:57,0
DA:58,0
DA:60,0
DA:65,0
DA:66,0
DA:67,0
DA:69,0
DA:73,0
DA:125,0
DA:126,0
DA:127,0
DA:129,0
DA:131,0
DA:134,0
DA:136,0
LF:42
LH:0
BRDA:3,0,0,0
BRDA:3,0,1,0
BRDA:5,1,0,0
BRDA:5,1,1,0
BRDA:9,2,0,0
BRDA:9,2,1,0
BRDA:9,3,0,0
BRDA:9,3,1,0
BRDA:10,4,0,0
BRDA:10,4,1,0
BRDA:10,4,2,0
BRDA:13,5,0,0
BRDA:13,5,1,0
BRDA:14,6,0,0
BRDA:14,6,1,0
BRDA:15,7,0,0
BRDA:15,7,1,0
BRDA:23,8,0,0
BRDA:23,8,1,0
BRDA:25,9,0,0
BRDA:25,9,1,0
BRDA:46,10,0,0
BRDA:46,10,1,0
BRDA:56,11,0,0
BRDA:56,11,1,0
BRDA:66,12,0,0
BRDA:66,12,1,0
BRDA:66,13,0,0
BRDA:66,13,1,0
BRDA:67,14,0,0
BRDA:67,14,1,0
BRDA:67,14,2,0
BRDA:69,15,0,0
BRDA:69,15,1,0
BRDA:127,16,0,0
BRDA:127,16,1,0
BRDA:127,16,2,0
BRDA:127,16,3,0
BRDA:127,16,4,0
BRF:39
BRH:0
end_of_record
TN:
SF:frontend\src\utils\constants.js
FNF:0
FNH:0
DA:3,0
DA:4,0
LF:2
LH:0
BRDA:3,0,0,0
BRDA:3,0,1,0
BRF:2
BRH:0
end_of_record
TN:
SF:frontend\src\utils\fileUrl.js
FN:2,getFileUrl
FNF:1
FNH:0
FNDA:0,getFileUrl
DA:3,0
DA:5,0
DA:6,0
DA:7,0
LF:4
LH:0
BRDA:3,0,0,0
BRDA:3,0,1,0
BRDA:6,1,0,0
BRDA:6,1,1,0
BRF:4
BRH:0
end_of_record
TN:
SF:frontend\src\utils\formatters.js
FN:3,formatDate
FN:9,formatCurrency
FNF:2
FNH:0
FNDA:0,formatDate
FNDA:0,formatCurrency
DA:4,0
DA:5,0
DA:6,0
DA:10,0
DA:11,0
LF:5
LH:0
BRDA:4,0,0,0
BRDA:4,0,1,0
BRDA:10,1,0,0
BRDA:10,1,1,0
BRF:4
BRH:0
end_of_record
TN:
SF:frontend\src\utils\permissions.js
FN:1,hasRole
FN:9,(anonymous_1)
FN:18,(anonymous_2)
FNF:3
FNH:0
FNDA:0,hasRole
FNDA:0,(anonymous_1)
FNDA:0,(anonymous_2)
DA:2,0
DA:5,0
DA:6,0
DA:7,0
DA:8,0
DA:9,0
DA:11,0
DA:15,0
DA:16,0
DA:17,0
DA:18,0
DA:20,0
LF:12
LH:0
BRDA:2,0,0,0
BRDA:2,0,1,0
BRDA:5,1,0,0
BRDA:5,1,1,0
BRDA:8,2,0,0
BRDA:8,2,1,0
BRDA:15,3,0,0
BRDA:15,3,1,0
BRDA:17,4,0,0
BRDA:17,4,1,0
BRF:10
BRH:0
end_of_record
TN:
SF:frontend\src\utils\request.js
FN:4,request
FNF:1
FNH:0
FNDA:0,request
DA:5,0
DA:6,0
DA:11,0
DA:18,0
DA:19,0
DA:21,0
DA:24,0
DA:25,0
DA:28,0
LF:9
LH:0
BRDA:4,0,0,0
BRDA:8,1,0,0
BRDA:8,1,1,0
BRDA:24,2,0,0
BRDA:24,2,1,0
BRDA:25,3,0,0
BRDA:25,3,1,0
BRF:7
BRH:0
end_of_record
TN:
SF:frontend\src\utils\validators.js
FN:3,isEmail
FN:7,isRequired
FN:11,minLength
FN:15,buscarProcessoPorNumero
FNF:4
FNH:0
FNDA:0,isEmail
FNDA:0,isRequired
FNDA:0,minLength
FNDA:0,buscarProcessoPorNumero
DA:4,0
DA:8,0
DA:12,0
DA:16,0
DA:17,0
DA:20,0
DA:21,0
DA:24,0
DA:25,0
DA:26,0
DA:28,0
DA:29,0
DA:31,0
DA:32,0
DA:34,0
LF:15
LH:0
BRDA:8,0,0,0
BRDA:8,0,1,0
BRDA:8,0,2,0
BRDA:12,1,0,0
BRDA:12,1,1,0
BRDA:16,2,0,0
BRDA:16,2,1,0
BRDA:20,3,0,0
BRDA:20,3,1,0
BRDA:20,4,0,0
BRDA:20,4,1,0
BRDA:25,5,0,0
BRDA:25,5,1,0
BRDA:28,6,0,0
BRDA:28,6,1,0
BRDA:31,7,0,0
BRDA:31,7,1,0
BRF:17
BRH:0
end_of_record
